[auto] roadmap=1000 candidates(filter=all)=594 already_done=204 todo=390 workers=10
[1/390] ok=True T1-PS-v2_bol_long-win_up-BTC sh=2.3225 tr=23 elapsed=3.9s wall_avg=4s eta=3min pass=0
[2/390] ok=True T1-PS-v2_bol_long-win_up-SOL sh=0.9808 tr=48 elapsed=4.1s wall_avg=2s eta=1min pass=0
[3/390] ok=True T1-PS-v2_bol_long-win_down-BTC sh=1.1595 tr=24 elapsed=4.1s wall_avg=1s eta=1min pass=0
[4/390] ok=True T1-PS-v2_bol_long-ns_down-BTC sh=2.1495 tr=28 elapsed=4.0s wall_avg=1s eta=1min pass=0
[5/390] ok=True T1-PS-v2_bol_long-win_down-SOL sh=1.893 tr=63 elapsed=4.1s wall_avg=1s eta=1min pass=1
[6/390] ok=True T1-PS-v2_bol_long-ns_up-BTC sh=1.3634 tr=20 elapsed=4.2s wall_avg=1s eta=0min pass=1
[7/390] ok=True T1-PS-v2_bol_long-ns_up-SOL sh=1.0791 tr=42 elapsed=4.1s wall_avg=1s eta=0min pass=1
[8/390] ok=True T1-PS-v2_bol_long-ns_up-ETH sh=1.5383 tr=32 elapsed=4.2s wall_avg=1s eta=0min pass=2
[9/390] ok=True T1-PS-v2_bol_long-win_up-ETH sh=1.3758 tr=32 elapsed=4.3s wall_avg=1s eta=0min pass=2
[10/390] ok=True T1-PS-v2_bol_long-win_down-ETH sh=3.0428 tr=48 elapsed=4.5s wall_avg=0s eta=0min pass=3
[11/390] ok=True T1-PS-v2_bol_long-ns_down-ETH sh=1.4152 tr=45 elapsed=4.1s wall_avg=1s eta=0min pass=3
[12/390] ok=True T1-PS-v2_bol_long-ns_down-SOL sh=1.8988 tr=69 elapsed=4.3s wall_avg=1s eta=0min pass=4
[13/390] ok=True T1-PS-v2_bol_long-period_down-BTC sh=1.1595 tr=24 elapsed=4.2s wall_avg=1s eta=0min pass=4
[14/390] ok=True T1-PS-v2_bol_long-period_up-ETH sh=1.3758 tr=32 elapsed=4.3s wall_avg=1s eta=0min pass=4
[15/390] ok=True T1-PS-v2_bol_long-period_up-SOL sh=0.9808 tr=48 elapsed=4.3s wall_avg=1s eta=0min pass=4
[16/390] ok=True T1-PS-v2_bol_long-period_down-ETH sh=3.0428 tr=48 elapsed=4.3s wall_avg=1s eta=0min pass=5
[17/390] ok=True T2-BB-15-1.5-long-BTC-2024-H2 sh=2.6425 tr=42 elapsed=4.2s wall_avg=1s eta=0min pass=6
[18/390] ok=True T1-PS-v2_bol_long-period_up-BTC sh=2.3225 tr=23 elapsed=4.5s wall_avg=0s eta=0min pass=6
[19/390] ok=True T1-PS-v2_bol_long-period_down-SOL sh=1.893 tr=63 elapsed=4.5s wall_avg=0s eta=0min pass=7
[20/390] ok=True T2-BB-15-1.5-long-BTC-2025-H1 sh=0.5538 tr=35 elapsed=4.4s wall_avg=0s eta=0min pass=7
[21/390] ok=True T2-BB-15-1.5-long-BTC-2025-H2 sh=-0.151 tr=51 elapsed=4.1s wall_avg=1s eta=0min pass=7
[22/390] ok=True T2-BB-15-1.5-long-ETH-2024-H2 sh=1.109 tr=64 elapsed=3.9s wall_avg=1s eta=0min pass=7
[23/390] ok=True T2-BB-15-1.5-long-ETH-2025-H2 sh=1.2806 tr=83 elapsed=3.8s wall_avg=1s eta=0min pass=7
[24/390] ok=True T2-BB-15-1.5-long-SOL-2024-H2 sh=2.8487 tr=100 elapsed=4.0s wall_avg=1s eta=0min pass=8
[25/390] ok=True T2-BB-15-1.5-long-SOL-2025-H1 sh=-1.5823 tr=86 elapsed=4.0s wall_avg=1s eta=0min pass=8
[26/390] ok=True T2-BB-15-1.5-long-SOL-2025-H2 sh=-0.5567 tr=88 elapsed=4.0s wall_avg=0s eta=0min pass=8
[27/390] ok=True T2-BB-15-1.5-long-ETH-2025-H1 sh=-2.1806 tr=74 elapsed=4.1s wall_avg=0s eta=0min pass=8
[28/390] ok=True T2-BB-15-1.5-short-BTC-2024-H2 sh=2.6425 tr=42 elapsed=4.0s wall_avg=0s eta=0min pass=9
[29/390] ok=True T2-BB-15-1.5-short-BTC-2025-H1 sh=0.5538 tr=35 elapsed=4.0s wall_avg=0s eta=0min pass=9
[30/390] ok=True T2-BB-15-1.5-short-BTC-2025-H2 sh=-0.151 tr=51 elapsed=4.1s wall_avg=0s eta=0min pass=9
[31/390] ok=True T2-BB-15-1.5-short-ETH-2024-H2 sh=1.109 tr=64 elapsed=4.3s wall_avg=1s eta=0min pass=9
[32/390] ok=True T2-BB-15-1.5-short-ETH-2025-H2 sh=1.2806 tr=83 elapsed=4.1s wall_avg=1s eta=0min pass=9
[33/390] ok=True T2-BB-15-1.5-short-ETH-2025-H1 sh=-2.1806 tr=74 elapsed=4.3s wall_avg=1s eta=0min pass=9
[34/390] ok=True T2-BB-15-1.5-short-SOL-2024-H2 sh=2.8487 tr=100 elapsed=4.1s wall_avg=0s eta=0min pass=10
[35/390] ok=True T2-BB-15-1.75-long-BTC-2024-H2 sh=1.9135 tr=33 elapsed=4.1s wall_avg=0s eta=0min pass=11
[36/390] ok=True T2-BB-15-1.75-long-BTC-2025-H1 sh=-0.305 tr=31 elapsed=4.1s wall_avg=0s eta=0min pass=11
[37/390] ok=True T2-BB-15-1.5-short-SOL-2025-H2 sh=-0.5567 tr=88 elapsed=4.3s wall_avg=0s eta=0min pass=11
[38/390] ok=True T2-BB-15-1.5-short-SOL-2025-H1 sh=-1.5823 tr=86 elapsed=4.3s wall_avg=0s eta=0min pass=11
[39/390] ok=True T2-BB-15-1.75-long-BTC-2025-H2 sh=-0.069 tr=42 elapsed=4.1s wall_avg=0s eta=0min pass=11
[40/390] ok=True T2-BB-15-1.75-long-ETH-2024-H2 sh=1.5732 tr=57 elapsed=4.1s wall_avg=0s eta=0min pass=12
[41/390] ok=True T2-BB-15-1.75-long-ETH-2025-H1 sh=-1.9431 tr=67 elapsed=4.3s wall_avg=1s eta=0min pass=12
[42/390] ok=True T2-BB-15-1.75-long-ETH-2025-H2 sh=1.7641 tr=70 elapsed=4.3s wall_avg=1s eta=0min pass=13
[43/390] ok=True T2-BB-15-1.75-long-SOL-2025-H1 sh=-2.0342 tr=72 elapsed=4.2s wall_avg=0s eta=0min pass=13
[44/390] ok=True T2-BB-15-1.75-long-SOL-2024-H2 sh=2.6323 tr=88 elapsed=4.4s wall_avg=0s eta=0min pass=14
[45/390] ok=True T2-BB-15-1.75-short-BTC-2024-H2 sh=1.9135 tr=33 elapsed=4.2s wall_avg=0s eta=0min pass=15
[46/390] ok=True T2-BB-15-1.75-short-BTC-2025-H1 sh=-0.305 tr=31 elapsed=4.2s wall_avg=0s eta=0min pass=15
[47/390] ok=True T2-BB-15-1.75-long-SOL-2025-H2 sh=-0.9238 tr=77 elapsed=4.4s wall_avg=0s eta=0min pass=15
[48/390] ok=True T2-BB-15-1.75-short-BTC-2025-H2 sh=-0.069 tr=42 elapsed=4.2s wall_avg=0s eta=0min pass=15
[49/390] ok=True T2-BB-15-1.75-short-ETH-2024-H2 sh=1.5732 tr=57 elapsed=4.3s wall_avg=0s eta=0min pass=16
[50/390] ok=True T2-BB-15-1.75-short-ETH-2025-H1 sh=-1.9431 tr=67 elapsed=4.3s wall_avg=0s eta=0min pass=16
[51/390] ok=True T2-BB-15-1.75-short-ETH-2025-H2 sh=1.7641 tr=70 elapsed=4.0s wall_avg=0s eta=0min pass=17
[52/390] ok=True T2-BB-15-1.75-short-SOL-2024-H2 sh=2.6323 tr=88 elapsed=4.1s wall_avg=0s eta=0min pass=18
[53/390] ok=True T2-BB-15-1.75-short-SOL-2025-H1 sh=-2.0342 tr=72 elapsed=4.1s wall_avg=0s eta=0min pass=18
[54/390] ok=True T2-BB-15-2.0-long-ETH-2024-H2 sh=2.0662 tr=48 elapsed=4.1s wall_avg=0s eta=0min pass=19
[55/390] ok=True T2-BB-15-1.75-short-SOL-2025-H2 sh=-0.9238 tr=77 elapsed=4.4s wall_avg=0s eta=0min pass=19
[56/390] ok=True T2-BB-15-2.0-long-BTC-2025-H1 sh=0.8478 tr=26 elapsed=4.3s wall_avg=0s eta=0min pass=19
[57/390] ok=True T2-BB-15-2.0-long-BTC-2024-H2 sh=2.1373 tr=25 elapsed=4.5s wall_avg=0s eta=0min pass=19
[58/390] ok=True T2-BB-15-2.0-long-ETH-2025-H1 sh=-0.7048 tr=60 elapsed=4.3s wall_avg=0s eta=0min pass=19
[59/390] ok=True T2-BB-15-2.0-long-BTC-2025-H2 sh=-0.6553 tr=33 elapsed=4.4s wall_avg=0s eta=0min pass=19
[60/390] ok=True T2-BB-15-2.0-long-ETH-2025-H2 sh=1.2028 tr=62 elapsed=4.2s wall_avg=0s eta=0min pass=19
[61/390] ok=True T2-BB-15-2.0-long-SOL-2024-H2 sh=2.063 tr=67 elapsed=4.1s wall_avg=0s eta=0min pass=20
[62/390] ok=True T2-BB-15-2.0-long-SOL-2025-H1 sh=-1.5553 tr=63 elapsed=4.1s wall_avg=0s eta=0min pass=20
[63/390] ok=True T2-BB-15-2.0-long-SOL-2025-H2 sh=-0.2465 tr=68 elapsed=4.2s wall_avg=0s eta=0min pass=20
[64/390] ok=True T2-BB-15-2.0-short-BTC-2024-H2 sh=2.1373 tr=25 elapsed=4.0s wall_avg=0s eta=0min pass=20
[65/390] ok=True T2-BB-15-2.0-short-BTC-2025-H1 sh=0.8478 tr=26 elapsed=4.3s wall_avg=0s eta=0min pass=20
[66/390] ok=True T2-BB-15-2.0-short-BTC-2025-H2 sh=-0.6553 tr=33 elapsed=4.3s wall_avg=0s eta=0min pass=20
[67/390] ok=True T2-BB-15-2.0-short-ETH-2025-H2 sh=1.2028 tr=62 elapsed=4.2s wall_avg=0s eta=0min pass=20
[68/390] ok=True T2-BB-15-2.0-short-ETH-2025-H1 sh=-0.7048 tr=60 elapsed=4.3s wall_avg=0s eta=0min pass=20
[69/390] ok=True T2-BB-15-2.0-short-ETH-2024-H2 sh=2.0662 tr=48 elapsed=4.4s wall_avg=0s eta=0min pass=21
[70/390] ok=True T2-BB-15-2.0-short-SOL-2024-H2 sh=2.063 tr=67 elapsed=4.3s wall_avg=0s eta=0min pass=22
[71/390] ok=True T2-BB-15-2.0-short-SOL-2025-H2 sh=-0.2465 tr=68 elapsed=4.6s wall_avg=0s eta=0min pass=22
[72/390] ok=True T2-BB-15-2.0-short-SOL-2025-H1 sh=-1.5553 tr=63 elapsed=4.7s wall_avg=0s eta=0min pass=22
[73/390] ok=True T2-BB-15-2.25-long-BTC-2025-H1 sh=0.7376 tr=20 elapsed=4.5s wall_avg=0s eta=0min pass=22
[74/390] ok=True T2-BB-15-2.25-long-BTC-2024-H2 sh=0.9251 tr=19 elapsed=4.5s wall_avg=0s eta=0min pass=22
[75/390] ok=True T2-BB-15-2.25-long-ETH-2024-H2 sh=1.5214 tr=36 elapsed=4.1s wall_avg=0s eta=0min pass=23
[76/390] ok=True T2-BB-15-2.25-long-ETH-2025-H1 sh=-2.0275 tr=45 elapsed=4.1s wall_avg=0s eta=0min pass=23
[77/390] ok=True T2-BB-15-2.25-long-BTC-2025-H2 sh=-0.3175 tr=27 elapsed=4.2s wall_avg=0s eta=0min pass=23
[78/390] ok=True T2-BB-15-2.25-long-SOL-2025-H1 sh=-1.2231 tr=51 elapsed=4.0s wall_avg=0s eta=0min pass=23
[79/390] ok=True T2-BB-15-2.25-long-ETH-2025-H2 sh=2.3034 tr=53 elapsed=4.2s wall_avg=0s eta=0min pass=24
[80/390] ok=True T2-BB-15-2.25-long-SOL-2024-H2 sh=1.3956 tr=49 elapsed=4.2s wall_avg=0s eta=0min pass=24
[81/390] ok=True T2-BB-15-2.25-short-BTC-2025-H1 sh=0.7376 tr=20 elapsed=4.0s wall_avg=0s eta=0min pass=24
[82/390] ok=True T2-BB-15-2.25-short-BTC-2024-H2 sh=0.9251 tr=19 elapsed=4.3s wall_avg=0s eta=0min pass=24
[83/390] ok=True T2-BB-15-2.25-long-SOL-2025-H2 sh=-0.9463 tr=51 elapsed=4.4s wall_avg=0s eta=0min pass=24
[84/390] ok=True T2-BB-15-2.25-short-ETH-2024-H2 sh=1.5214 tr=36 elapsed=4.3s wall_avg=0s eta=0min pass=25
[85/390] ok=True T2-BB-15-2.25-short-ETH-2025-H1 sh=-2.0275 tr=45 elapsed=4.3s wall_avg=0s eta=0min pass=25
[86/390] ok=True T2-BB-15-2.25-short-BTC-2025-H2 sh=-0.3175 tr=27 elapsed=4.5s wall_avg=0s eta=0min pass=25
[87/390] ok=True T2-BB-15-2.25-short-ETH-2025-H2 sh=2.3034 tr=53 elapsed=4.4s wall_avg=0s eta=0min pass=26
[88/390] ok=True T2-BB-15-2.25-short-SOL-2024-H2 sh=1.3956 tr=49 elapsed=4.4s wall_avg=0s eta=0min pass=26
[89/390] ok=True T2-BB-15-2.25-short-SOL-2025-H1 sh=-1.2231 tr=51 elapsed=4.4s wall_avg=0s eta=0min pass=26
[90/390] ok=True T2-BB-15-2.25-short-SOL-2025-H2 sh=-0.9463 tr=51 elapsed=4.3s wall_avg=0s eta=0min pass=26
[91/390] ok=True T2-BB-15-2.5-long-BTC-2025-H1 sh=0.3344 tr=12 elapsed=4.6s wall_avg=0s eta=0min pass=26
[92/390] ok=True T2-BB-15-2.5-long-BTC-2024-H2 sh=0.6322 tr=14 elapsed=4.8s wall_avg=0s eta=0min pass=26
[93/390] ok=True T2-BB-15-2.5-long-ETH-2025-H1 sh=-0.669 tr=32 elapsed=4.4s wall_avg=0s eta=0min pass=26
[94/390] ok=True T2-BB-15-2.5-long-ETH-2024-H2 sh=1.2097 tr=23 elapsed=4.4s wall_avg=0s eta=0min pass=26
[95/390] ok=True T2-BB-15-2.5-long-BTC-2025-H2 sh=-1.1298 tr=18 elapsed=4.7s wall_avg=0s eta=0min pass=26
[96/390] ok=True T2-BB-15-2.5-long-ETH-2025-H2 sh=1.0841 tr=41 elapsed=4.5s wall_avg=0s eta=0min pass=26
[97/390] ok=True T2-BB-15-2.5-long-SOL-2024-H2 sh=-0.0264 tr=31 elapsed=4.4s wall_avg=0s eta=0min pass=26
[98/390] ok=True T2-BB-15-2.5-short-BTC-2024-H2 sh=0.6322 tr=14 elapsed=4.5s wall_avg=0s eta=0min pass=26
[99/390] ok=True T2-BB-15-2.5-long-SOL-2025-H2 sh=-1.7792 tr=33 elapsed=4.6s wall_avg=0s eta=0min pass=26
[100/390] ok=True T2-BB-15-2.5-long-SOL-2025-H1 sh=-0.9428 tr=35 elapsed=4.8s wall_avg=0s eta=0min pass=26
[101/390] ok=True T2-BB-15-2.5-short-BTC-2025-H2 sh=-1.1298 tr=18 elapsed=4.0s wall_avg=0s eta=0min pass=26
[102/390] ok=True T2-BB-15-2.5-short-BTC-2025-H1 sh=0.3344 tr=12 elapsed=4.3s wall_avg=0s eta=0min pass=26
[103/390] ok=True T2-BB-15-2.5-short-ETH-2025-H2 sh=1.0841 tr=41 elapsed=4.3s wall_avg=0s eta=0min pass=26
[104/390] ok=True T2-BB-15-2.5-short-ETH-2025-H1 sh=-0.669 tr=32 elapsed=4.3s wall_avg=0s eta=0min pass=26
[105/390] ok=True T2-BB-15-2.5-short-SOL-2024-H2 sh=-0.0264 tr=31 elapsed=4.4s wall_avg=0s eta=0min pass=26
[106/390] ok=True T2-BB-15-2.5-short-ETH-2024-H2 sh=1.2097 tr=23 elapsed=4.5s wall_avg=0s eta=0min pass=26
[107/390] ok=True T2-BB-15-2.5-short-SOL-2025-H1 sh=-0.9428 tr=35 elapsed=4.6s wall_avg=0s eta=0min pass=26
[108/390] ok=True T2-BB-15-2.5-short-SOL-2025-H2 sh=-1.7792 tr=33 elapsed=4.5s wall_avg=0s eta=0min pass=26
[109/390] ok=True T2-RSI-7-20-80-long-BTC-2024-H2 sh=1.6648 tr=35 elapsed=6.9s wall_avg=0s eta=0min pass=27
[110/390] ok=True T2-RSI-7-20-80-long-BTC-2025-H1 sh=0.0939 tr=34 elapsed=7.2s wall_avg=0s eta=0min pass=27
[111/390] ok=True T2-RSI-7-20-80-long-BTC-2025-H2 sh=0.4874 tr=50 elapsed=7.2s wall_avg=0s eta=0min pass=27
[112/390] ok=True T2-RSI-7-20-80-long-ETH-2024-H2 sh=0.8529 tr=57 elapsed=7.4s wall_avg=0s eta=0min pass=27
[113/390] ok=True T2-RSI-7-20-80-long-SOL-2024-H2 sh=1.444 tr=68 elapsed=7.1s wall_avg=0s eta=0min pass=27
[114/390] ok=True T2-RSI-7-20-80-long-SOL-2025-H2 sh=-0.6952 tr=76 elapsed=7.1s wall_avg=0s eta=0min pass=27
[115/390] ok=True T2-RSI-7-20-80-long-SOL-2025-H1 sh=-1.84 tr=90 elapsed=7.5s wall_avg=0s eta=0min pass=27
[116/390] ok=True T2-RSI-7-20-80-long-ETH-2025-H1 sh=-3.138 tr=61 elapsed=7.8s wall_avg=0s eta=0min pass=27
[117/390] ok=True T2-RSI-7-20-80-long-ETH-2025-H2 sh=1.6882 tr=76 elapsed=7.8s wall_avg=0s eta=0min pass=28
[118/390] ok=True T2-RSI-7-20-80-short-BTC-2024-H2 sh=1.6648 tr=35 elapsed=7.5s wall_avg=0s eta=0min pass=29
[119/390] ok=True T2-RSI-7-20-80-short-BTC-2025-H1 sh=0.0939 tr=34 elapsed=7.5s wall_avg=0s eta=0min pass=29
[120/390] ok=True T2-RSI-7-20-80-short-BTC-2025-H2 sh=0.4874 tr=50 elapsed=7.4s wall_avg=0s eta=0min pass=29
[121/390] ok=True T2-RSI-7-20-80-short-ETH-2024-H2 sh=0.8529 tr=57 elapsed=7.5s wall_avg=1s eta=0min pass=29
[122/390] ok=True T2-RSI-7-20-80-short-ETH-2025-H2 sh=1.6882 tr=76 elapsed=7.1s wall_avg=1s eta=0min pass=30
[123/390] ok=True T2-RSI-7-20-80-short-ETH-2025-H1 sh=-3.138 tr=61 elapsed=7.3s wall_avg=1s eta=0min pass=30
[124/390] ok=True T2-RSI-7-25-75-long-BTC-2025-H1 sh=-0.1697 tr=45 elapsed=6.9s wall_avg=1s eta=0min pass=30
[125/390] ok=True T2-RSI-7-25-75-long-BTC-2024-H2 sh=2.5943 tr=54 elapsed=7.0s wall_avg=0s eta=0min pass=31
[126/390] ok=True T2-RSI-7-20-80-short-SOL-2024-H2 sh=1.444 tr=68 elapsed=7.4s wall_avg=0s eta=0min pass=31
[127/390] ok=True T2-RSI-7-20-80-short-SOL-2025-H2 sh=-0.6952 tr=76 elapsed=7.1s wall_avg=0s eta=0min pass=31
[128/390] ok=True T2-RSI-7-20-80-short-SOL-2025-H1 sh=-1.84 tr=90 elapsed=7.2s wall_avg=0s eta=0min pass=31
[129/390] ok=True T2-RSI-7-25-75-long-BTC-2025-H2 sh=-0.5528 tr=52 elapsed=7.2s wall_avg=1s eta=0min pass=31
[130/390] ok=True T2-RSI-7-25-75-long-ETH-2024-H2 sh=1.4275 tr=82 elapsed=7.0s wall_avg=1s eta=0min pass=31
[131/390] ok=True T2-RSI-7-25-75-long-ETH-2025-H2 sh=0.5153 tr=92 elapsed=6.4s wall_avg=1s eta=0min pass=31
[132/390] ok=True T2-RSI-7-25-75-long-ETH-2025-H1 sh=-3.8711 tr=85 elapsed=6.4s wall_avg=1s eta=0min pass=31
[133/390] ok=True T2-RSI-7-25-75-long-SOL-2024-H2 sh=1.2415 tr=85 elapsed=6.4s wall_avg=1s eta=0min pass=31
[134/390] ok=True T2-RSI-7-25-75-long-SOL-2025-H2 sh=-1.2952 tr=95 elapsed=6.3s wall_avg=1s eta=0min pass=31
[135/390] ok=True T2-RSI-7-25-75-short-BTC-2025-H1 sh=-0.1697 tr=45 elapsed=6.3s wall_avg=1s eta=0min pass=31
[136/390] ok=True T2-RSI-7-25-75-short-BTC-2024-H2 sh=2.5943 tr=54 elapsed=6.3s wall_avg=1s eta=0min pass=32
[137/390] ok=True T2-RSI-7-25-75-short-BTC-2025-H2 sh=-0.5528 tr=52 elapsed=6.4s wall_avg=1s eta=0min pass=32
[138/390] ok=True T2-RSI-7-25-75-long-SOL-2025-H1 sh=-0.8412 tr=108 elapsed=6.5s wall_avg=0s eta=0min pass=32
[139/390] ok=True T2-RSI-7-25-75-short-ETH-2024-H2 sh=1.4275 tr=82 elapsed=6.1s wall_avg=1s eta=0min pass=32
[140/390] ok=True T2-RSI-7-25-75-short-ETH-2025-H1 sh=-3.8711 tr=85 elapsed=6.1s wall_avg=1s eta=0min pass=32
[141/390] ok=True T2-RSI-7-25-75-short-SOL-2024-H2 sh=1.2415 tr=85 elapsed=6.1s wall_avg=1s eta=0min pass=32
[142/390] ok=True T2-RSI-7-25-75-short-ETH-2025-H2 sh=0.5153 tr=92 elapsed=6.3s wall_avg=1s eta=0min pass=32
[143/390] ok=True T2-RSI-7-25-75-short-SOL-2025-H1 sh=-0.8412 tr=108 elapsed=6.3s wall_avg=1s eta=0min pass=32
[144/390] ok=True T2-RSI-7-25-75-short-SOL-2025-H2 sh=-1.2952 tr=95 elapsed=6.4s wall_avg=1s eta=0min pass=32
[145/390] ok=True T2-RSI-7-30-70-long-BTC-2025-H1 sh=-0.6887 tr=53 elapsed=6.4s wall_avg=1s eta=0min pass=32
[146/390] ok=True T2-RSI-7-30-70-long-BTC-2025-H2 sh=-0.6879 tr=62 elapsed=6.3s wall_avg=1s eta=0min pass=32
[147/390] ok=True T2-RSI-7-30-70-long-ETH-2024-H2 sh=0.9103 tr=96 elapsed=6.4s wall_avg=1s eta=0min pass=32
[148/390] ok=True T2-RSI-7-30-70-long-BTC-2024-H2 sh=1.3174 tr=69 elapsed=6.5s wall_avg=1s eta=0min pass=32
[149/390] ok=True T2-RSI-7-30-70-long-ETH-2025-H1 sh=-4.5298 tr=98 elapsed=6.5s wall_avg=1s eta=0min pass=32
[150/390] ok=True T2-RSI-7-30-70-long-ETH-2025-H2 sh=0.4527 tr=103 elapsed=6.3s wall_avg=1s eta=0min pass=32
[151/390] ok=True T2-RSI-7-30-70-long-SOL-2024-H2 sh=1.9193 tr=113 elapsed=7.0s wall_avg=1s eta=0min pass=33
[152/390] ok=True T2-RSI-7-30-70-long-SOL-2025-H2 sh=-1.3594 tr=119 elapsed=6.8s wall_avg=1s eta=0min pass=33
[153/390] ok=True T2-RSI-7-30-70-short-BTC-2024-H2 sh=1.3174 tr=69 elapsed=6.7s wall_avg=1s eta=0min pass=33
[154/390] ok=True T2-RSI-7-30-70-short-BTC-2025-H1 sh=-0.6887 tr=53 elapsed=6.7s wall_avg=1s eta=0min pass=33
[155/390] ok=True T2-RSI-7-30-70-short-ETH-2025-H1 sh=-4.5298 tr=98 elapsed=6.6s wall_avg=1s eta=0min pass=33
[156/390] ok=True T2-RSI-7-30-70-short-BTC-2025-H2 sh=-0.6879 tr=62 elapsed=6.9s wall_avg=1s eta=0min pass=33
[157/390] ok=True T2-RSI-7-30-70-short-ETH-2024-H2 sh=0.9103 tr=96 elapsed=6.9s wall_avg=1s eta=0min pass=33
[158/390] ok=True T2-RSI-7-30-70-long-SOL-2025-H1 sh=-1.6085 tr=120 elapsed=7.5s wall_avg=1s eta=0min pass=33
[159/390] ok=True T2-RSI-7-30-70-short-ETH-2025-H2 sh=0.4527 tr=103 elapsed=6.9s wall_avg=1s eta=0min pass=33
[160/390] ok=True T2-RSI-7-30-70-short-SOL-2024-H2 sh=1.9193 tr=113 elapsed=6.9s wall_avg=1s eta=0min pass=34
[161/390] ok=True T2-RSI-7-35-65-long-BTC-2024-H2 sh=1.5474 tr=81 elapsed=6.4s wall_avg=1s eta=0min pass=35
[162/390] ok=True T2-RSI-7-35-65-long-BTC-2025-H1 sh=-1.4149 tr=60 elapsed=6.5s wall_avg=1s eta=0min pass=35
[163/390] ok=True T2-RSI-7-30-70-short-SOL-2025-H2 sh=-1.3594 tr=119 elapsed=6.8s wall_avg=1s eta=0min pass=35
[164/390] ok=True T2-RSI-7-35-65-long-BTC-2025-H2 sh=-0.793 tr=72 elapsed=6.7s wall_avg=1s eta=0min pass=35
[165/390] ok=True T2-RSI-7-30-70-short-SOL-2025-H1 sh=-1.6085 tr=120 elapsed=7.1s wall_avg=1s eta=0min pass=35
[166/390] ok=True T2-RSI-7-35-65-long-ETH-2024-H2 sh=1.3302 tr=114 elapsed=6.6s wall_avg=1s eta=0min pass=35
[167/390] ok=True T2-RSI-7-35-65-long-ETH-2025-H2 sh=-0.4325 tr=116 elapsed=6.5s wall_avg=1s eta=0min pass=35
[168/390] ok=True T2-RSI-7-35-65-long-ETH-2025-H1 sh=-3.1296 tr=115 elapsed=6.8s wall_avg=1s eta=0min pass=35
[169/390] ok=True T2-RSI-7-35-65-long-SOL-2024-H2 sh=2.281 tr=128 elapsed=6.5s wall_avg=1s eta=0min pass=36
[170/390] ok=True T2-RSI-7-35-65-long-SOL-2025-H1 sh=-1.7961 tr=142 elapsed=6.5s wall_avg=1s eta=0min pass=36
[171/390] ok=True T2-RSI-7-35-65-long-SOL-2025-H2 sh=-2.8282 tr=134 elapsed=6.9s wall_avg=1s eta=0min pass=36
[172/390] ok=True T2-RSI-7-35-65-short-BTC-2025-H1 sh=-1.4149 tr=60 elapsed=6.6s wall_avg=1s eta=0min pass=36
[173/390] ok=True T2-RSI-7-35-65-short-BTC-2024-H2 sh=1.5474 tr=81 elapsed=6.8s wall_avg=1s eta=0min pass=37
[174/390] ok=True T2-RSI-7-35-65-short-BTC-2025-H2 sh=-0.793 tr=72 elapsed=6.6s wall_avg=1s eta=0min pass=37
[175/390] ok=True T2-RSI-7-35-65-short-ETH-2025-H1 sh=-3.1296 tr=115 elapsed=6.7s wall_avg=1s eta=0min pass=37
[176/390] ok=True T2-RSI-7-35-65-short-ETH-2025-H2 sh=-0.4325 tr=116 elapsed=6.7s wall_avg=1s eta=0min pass=37
[177/390] ok=True T2-RSI-7-35-65-short-ETH-2024-H2 sh=1.3302 tr=114 elapsed=6.8s wall_avg=1s eta=0min pass=37
[178/390] ok=True T2-RSI-7-35-65-short-SOL-2024-H2 sh=2.281 tr=128 elapsed=6.8s wall_avg=1s eta=0min pass=38
[179/390] ok=True T2-RSI-7-35-65-short-SOL-2025-H1 sh=-1.7961 tr=142 elapsed=6.7s wall_avg=1s eta=0min pass=38
[180/390] ok=True T2-RSI-7-35-65-short-SOL-2025-H2 sh=-2.8282 tr=134 elapsed=6.8s wall_avg=1s eta=0min pass=38
[181/390] ok=True T2-RSI-10-20-80-long-BTC-2024-H2 sh=1.5154 tr=16 elapsed=6.2s wall_avg=1s eta=0min pass=38
[182/390] ok=True T2-RSI-10-20-80-long-BTC-2025-H2 sh=-1.4951 tr=34 elapsed=6.2s wall_avg=1s eta=0min pass=38
[183/390] ok=True T2-RSI-10-20-80-long-ETH-2025-H2 sh=0.9379 tr=46 elapsed=6.0s wall_avg=1s eta=0min pass=38
[184/390] ok=True T2-RSI-10-20-80-long-BTC-2025-H1 sh=0.2228 tr=23 elapsed=6.3s wall_avg=1s eta=0min pass=38
[185/390] ok=True T2-RSI-10-20-80-long-ETH-2024-H2 sh=-0.1968 tr=29 elapsed=6.2s wall_avg=1s eta=0min pass=38
[186/390] ok=True T2-RSI-10-20-80-long-SOL-2024-H2 sh=0.9697 tr=37 elapsed=6.0s wall_avg=1s eta=0min pass=38
[187/390] ok=True T2-RSI-10-20-80-long-ETH-2025-H1 sh=-2.0765 tr=39 elapsed=6.1s wall_avg=1s eta=0min pass=38
[188/390] ok=True T2-RSI-10-20-80-long-SOL-2025-H1 sh=-0.9536 tr=48 elapsed=6.2s wall_avg=1s eta=0min pass=38
[189/390] ok=True T2-RSI-10-20-80-long-SOL-2025-H2 sh=0.2289 tr=50 elapsed=6.0s wall_avg=1s eta=0min pass=38
[190/390] ok=True T2-RSI-10-20-80-short-BTC-2024-H2 sh=1.5154 tr=16 elapsed=6.0s wall_avg=1s eta=0min pass=38
[191/390] ok=True T2-RSI-10-20-80-short-BTC-2025-H1 sh=0.2228 tr=23 elapsed=6.2s wall_avg=1s eta=0min pass=38
[192/390] ok=True T2-RSI-10-20-80-short-ETH-2024-H2 sh=-0.1968 tr=29 elapsed=6.0s wall_avg=1s eta=0min pass=38
[193/390] ok=True T2-RSI-10-20-80-short-BTC-2025-H2 sh=-1.4951 tr=34 elapsed=6.1s wall_avg=1s eta=0min pass=38
[194/390] ok=True T2-RSI-10-20-80-short-ETH-2025-H2 sh=0.9379 tr=46 elapsed=6.0s wall_avg=1s eta=0min pass=38
[195/390] ok=True T2-F-bollinger-long-8488-BTC-2024-H2 sh=1.7025 tr=61 elapsed=3.6s wall_avg=1s eta=0min pass=39
[196/390] ok=True T2-RSI-10-20-80-short-SOL-2025-H1 sh=-0.9536 tr=48 elapsed=6.0s wall_avg=1s eta=0min pass=39
[197/390] ok=True T2-RSI-10-20-80-short-ETH-2025-H1 sh=-2.0765 tr=39 elapsed=6.1s wall_avg=1s eta=0min pass=39
[198/390] ok=True T2-RSI-10-20-80-short-SOL-2024-H2 sh=0.9697 tr=37 elapsed=6.1s wall_avg=1s eta=0min pass=39
[199/390] ok=True T2-F-bollinger-long-8488-BTC-2025-H1 sh=0.2658 tr=54 elapsed=3.7s wall_avg=1s eta=0min pass=39
[200/390] ok=True T2-RSI-10-20-80-short-SOL-2025-H2 sh=0.2289 tr=50 elapsed=5.9s wall_avg=1s eta=0min pass=39
[201/390] ok=True T2-F-bollinger-long-8488-BTC-2025-H2 sh=-0.7795 tr=56 elapsed=3.6s wall_avg=1s eta=0min pass=39
[202/390] ok=True T2-F-bollinger-long-8488-ETH-2024-H2 sh=1.1258 tr=66 elapsed=3.6s wall_avg=1s eta=0min pass=39
[203/390] ok=True T2-F-bollinger-long-8488-SOL-2024-H2 sh=1.705 tr=71 elapsed=3.5s wall_avg=1s eta=0min pass=40
[204/390] ok=True T2-F-bollinger-long-8488-ETH-2025-H2 sh=-0.2507 tr=63 elapsed=3.6s wall_avg=1s eta=0min pass=40
[205/390] ok=True T2-F-bollinger-long-8488-ETH-2025-H1 sh=0.3342 tr=68 elapsed=3.6s wall_avg=1s eta=0min pass=40
[206/390] ok=True T2-F-bollinger-short-8488-BTC-2024-H2 sh=1.7025 tr=61 elapsed=3.5s wall_avg=1s eta=0min pass=41
[207/390] ok=True T2-F-bollinger-long-8488-SOL-2025-H2 sh=0.4289 tr=66 elapsed=3.6s wall_avg=1s eta=0min pass=41
[208/390] ok=True T2-F-bollinger-long-8488-SOL-2025-H1 sh=-1.0024 tr=70 elapsed=3.6s wall_avg=1s eta=0min pass=41
[209/390] ok=True T2-F-bollinger-short-8488-BTC-2025-H1 sh=0.2658 tr=54 elapsed=3.5s wall_avg=1s eta=0min pass=41
[210/390] ok=True T2-F-bollinger-short-8488-BTC-2025-H2 sh=-0.7795 tr=56 elapsed=3.6s wall_avg=1s eta=0min pass=41
[211/390] ok=True T2-F-bollinger-short-8488-ETH-2025-H2 sh=-0.2507 tr=63 elapsed=3.6s wall_avg=1s eta=0min pass=41
[212/390] ok=True T2-F-bollinger-short-8488-SOL-2024-H2 sh=1.705 tr=71 elapsed=3.6s wall_avg=1s eta=0min pass=42
[213/390] ok=True T2-F-bollinger-short-8488-ETH-2024-H2 sh=1.1258 tr=66 elapsed=3.7s wall_avg=1s eta=0min pass=42
[214/390] ok=True T2-F-bollinger-short-8488-ETH-2025-H1 sh=0.3342 tr=68 elapsed=3.7s wall_avg=1s eta=0min pass=42
[215/390] ok=True T2-F-bollinger-short-8488-SOL-2025-H2 sh=0.4289 tr=66 elapsed=3.6s wall_avg=1s eta=0min pass=42
[216/390] ok=True T2-F-bollinger-short-8488-SOL-2025-H1 sh=-1.0024 tr=70 elapsed=3.7s wall_avg=1s eta=0min pass=42
[217/390] ok=True T2-F-rsi-long-8488-BTC-2024-H2 sh=1.2016 tr=41 elapsed=6.1s wall_avg=1s eta=0min pass=42
[218/390] ok=True T2-F-rsi-long-8488-BTC-2025-H1 sh=0.7466 tr=51 elapsed=6.1s wall_avg=1s eta=0min pass=42
[219/390] ok=True T2-F-rsi-long-8488-BTC-2025-H2 sh=-1.7309 tr=54 elapsed=6.1s wall_avg=1s eta=0min pass=42
[220/390] ok=True T2-F-rsi-long-8488-ETH-2024-H2 sh=0.8907 tr=59 elapsed=6.1s wall_avg=1s eta=0min pass=42
[221/390] ok=True T2-F-rsi-long-8488-SOL-2024-H2 sh=-0.1033 tr=47 elapsed=5.8s wall_avg=1s eta=0min pass=42
[222/390] ok=True T2-F-rsi-long-8488-ETH-2025-H1 sh=-0.3626 tr=67 elapsed=6.0s wall_avg=1s eta=0min pass=42
[223/390] ok=True T2-F-rsi-long-8488-ETH-2025-H2 sh=0.4423 tr=59 elapsed=6.0s wall_avg=1s eta=0min pass=42
[224/390] ok=True T2-F-rsi-long-8488-SOL-2025-H1 sh=-0.029 tr=68 elapsed=6.0s wall_avg=1s eta=0min pass=42
[225/390] ok=True T2-F-rsi-long-8488-SOL-2025-H2 sh=0.3793 tr=59 elapsed=6.1s wall_avg=1s eta=0min pass=42
[226/390] ok=True T2-F-rsi-short-8488-BTC-2024-H2 sh=1.2016 tr=41 elapsed=6.0s wall_avg=1s eta=0min pass=42
[227/390] ok=True T2-F-rsi-short-8488-BTC-2025-H2 sh=-1.7309 tr=54 elapsed=5.8s wall_avg=1s eta=0min pass=42
[228/390] ok=True T2-F-rsi-short-8488-BTC-2025-H1 sh=0.7466 tr=51 elapsed=5.9s wall_avg=1s eta=0min pass=42
[229/390] ok=True T2-F-rsi-short-8488-ETH-2024-H2 sh=0.8907 tr=59 elapsed=5.8s wall_avg=1s eta=0min pass=42
[230/390] ok=True T2-F-rsi-short-8488-ETH-2025-H1 sh=-0.3626 tr=67 elapsed=6.0s wall_avg=1s eta=0min pass=42
[231/390] ok=True T2-F-bollinger-long-3887-BTC-2024-H2 sh=2.1886 tr=48 elapsed=3.6s wall_avg=1s eta=0min pass=43
[232/390] ok=True T2-F-bollinger-long-3887-BTC-2025-H1 sh=0.9308 tr=38 elapsed=3.8s wall_avg=1s eta=0min pass=43
[233/390] ok=True T2-F-rsi-short-8488-ETH-2025-H2 sh=0.4423 tr=59 elapsed=6.0s wall_avg=1s eta=0min pass=43
[234/390] ok=True T2-F-bollinger-long-3887-ETH-2024-H2 sh=1.4289 tr=60 elapsed=3.4s wall_avg=1s eta=0min pass=43
[235/390] ok=True T2-F-bollinger-long-3887-BTC-2025-H2 sh=-1.0079 tr=43 elapsed=3.6s wall_avg=1s eta=0min pass=43
[236/390] ok=True T2-F-bollinger-long-3887-ETH-2025-H1 sh=0.2123 tr=64 elapsed=3.5s wall_avg=1s eta=0min pass=43
[237/390] ok=True T2-F-rsi-short-8488-SOL-2024-H2 sh=-0.1033 tr=47 elapsed=6.1s wall_avg=1s eta=0min pass=43
[238/390] ok=True T2-F-rsi-short-8488-SOL-2025-H1 sh=-0.029 tr=68 elapsed=6.1s wall_avg=1s eta=0min pass=43
[239/390] ok=True T2-F-rsi-short-8488-SOL-2025-H2 sh=0.3793 tr=59 elapsed=6.2s wall_avg=1s eta=0min pass=43
[240/390] ok=True T2-F-bollinger-long-3887-ETH-2025-H2 sh=-0.1822 tr=57 elapsed=3.5s wall_avg=1s eta=0min pass=43
[241/390] ok=True T2-F-bollinger-long-3887-SOL-2024-H2 sh=1.6989 tr=70 elapsed=3.5s wall_avg=1s eta=0min pass=44
[242/390] ok=True T2-F-bollinger-long-3887-SOL-2025-H1 sh=-0.9445 tr=70 elapsed=3.6s wall_avg=1s eta=0min pass=44
[243/390] ok=True T2-F-bollinger-long-3887-SOL-2025-H2 sh=0.1906 tr=62 elapsed=3.6s wall_avg=1s eta=0min pass=44
[244/390] ok=True T2-F-bollinger-short-3887-BTC-2024-H2 sh=2.1886 tr=48 elapsed=3.6s wall_avg=1s eta=0min pass=45
[245/390] ok=True T2-F-bollinger-short-3887-BTC-2025-H1 sh=0.9308 tr=38 elapsed=3.6s wall_avg=1s eta=0min pass=45
[246/390] ok=True T2-F-bollinger-short-3887-BTC-2025-H2 sh=-1.0079 tr=43 elapsed=3.6s wall_avg=1s eta=0min pass=45
[247/390] ok=True T2-F-bollinger-short-3887-ETH-2025-H1 sh=0.2123 tr=64 elapsed=3.6s wall_avg=1s eta=0min pass=45
[248/390] ok=True T2-F-bollinger-short-3887-ETH-2025-H2 sh=-0.1822 tr=57 elapsed=3.6s wall_avg=1s eta=0min pass=45
[249/390] ok=True T2-F-bollinger-short-3887-ETH-2024-H2 sh=1.4289 tr=60 elapsed=3.7s wall_avg=1s eta=0min pass=45
[250/390] ok=True T2-F-bollinger-short-3887-SOL-2024-H2 sh=1.6989 tr=70 elapsed=3.7s wall_avg=1s eta=0min pass=46
[251/390] ok=True T2-F-bollinger-short-3887-SOL-2025-H1 sh=-0.9445 tr=70 elapsed=3.6s wall_avg=1s eta=0min pass=46
[252/390] ok=True T2-F-bollinger-short-3887-SOL-2025-H2 sh=0.1906 tr=62 elapsed=3.5s wall_avg=1s eta=0min pass=46
[253/390] ok=True T3-TF-ma_crossover-5m-BTC-2024-H2 sh=0.4055 tr=36 elapsed=3.0s wall_avg=1s eta=0min pass=46
[254/390] ok=True T3-TF-ma_crossover-5m-BTC-2025-H1 sh=-0.1094 tr=36 elapsed=3.0s wall_avg=1s eta=0min pass=46
[255/390] ok=True T3-TF-ma_crossover-5m-BTC-2025-H2 sh=-0.3686 tr=29 elapsed=3.0s wall_avg=1s eta=0min pass=46
[256/390] ok=True T3-TF-ma_crossover-5m-ETH-2024-H2 sh=0.319 tr=34 elapsed=2.9s wall_avg=1s eta=0min pass=46
[257/390] ok=True T2-F-rsi-long-3887-BTC-2024-H2 sh=1.3758 tr=41 elapsed=6.0s wall_avg=1s eta=0min pass=46
[258/390] ok=True T2-F-rsi-long-3887-BTC-2025-H1 sh=1.6143 tr=39 elapsed=6.1s wall_avg=1s eta=0min pass=47
[259/390] ok=True T2-F-rsi-long-3887-ETH-2024-H2 sh=0.7799 tr=56 elapsed=6.1s wall_avg=1s eta=0min pass=47
[260/390] ok=True T2-F-rsi-long-3887-ETH-2025-H2 sh=0.3728 tr=57 elapsed=6.1s wall_avg=1s eta=0min pass=47
[261/390] ok=True T2-F-rsi-long-3887-ETH-2025-H1 sh=-0.5509 tr=65 elapsed=6.2s wall_avg=1s eta=0min pass=47
[262/390] ok=True T2-F-rsi-long-3887-BTC-2025-H2 sh=-1.6989 tr=49 elapsed=6.4s wall_avg=1s eta=0min pass=47
[263/390] ok=True T3-TF-ma_crossover-5m-ETH-2025-H1 sh=-0.2237 tr=39 elapsed=3.2s wall_avg=1s eta=0min pass=47
[264/390] ok=True T3-TF-ma_crossover-5m-ETH-2025-H2 sh=-0.2489 tr=34 elapsed=3.0s wall_avg=1s eta=0min pass=47
[265/390] ok=True T3-TF-ma_crossover-5m-SOL-2024-H2 sh=0.2065 tr=32 elapsed=3.1s wall_avg=1s eta=0min pass=47
[266/390] ok=True T3-TF-ma_crossover-5m-SOL-2025-H1 sh=-0.2968 tr=36 elapsed=3.1s wall_avg=1s eta=0min pass=47
[267/390] ok=True T3-TF-ma_crossover-5m-SOL-2025-H2 sh=-0.4133 tr=36 elapsed=3.1s wall_avg=1s eta=0min pass=47
[268/390] ok=True T3-TF-ma_crossover-15m-BTC-2024-H2 sh=4.7816 tr=36 elapsed=3.0s wall_avg=1s eta=0min pass=48
[269/390] ok=True T3-TF-ma_crossover-15m-BTC-2025-H1 sh=-1.2901 tr=36 elapsed=3.0s wall_avg=1s eta=0min pass=48
[270/390] ok=True T3-TF-ma_crossover-15m-BTC-2025-H2 sh=-4.3461 tr=29 elapsed=3.1s wall_avg=1s eta=0min pass=48
[271/390] ok=True T3-TF-ma_crossover-15m-ETH-2024-H2 sh=3.7613 tr=34 elapsed=3.1s wall_avg=1s eta=0min pass=49
[272/390] ok=True T3-TF-ma_crossover-15m-SOL-2024-H2 sh=2.4352 tr=32 elapsed=3.0s wall_avg=1s eta=0min pass=50
[273/390] ok=True T3-TF-ma_crossover-15m-ETH-2025-H2 sh=-2.9345 tr=34 elapsed=3.1s wall_avg=1s eta=0min pass=50
[274/390] ok=True T3-TF-ma_crossover-15m-ETH-2025-H1 sh=-2.638 tr=39 elapsed=3.1s wall_avg=1s eta=0min pass=50
[275/390] ok=True T3-TF-ma_crossover-15m-SOL-2025-H1 sh=-3.4993 tr=36 elapsed=2.9s wall_avg=1s eta=0min pass=50
[276/390] ok=True T3-TF-ma_crossover-15m-SOL-2025-H2 sh=-4.8731 tr=36 elapsed=2.9s wall_avg=1s eta=0min pass=50
[277/390] ok=True T3-TF-ma_crossover-30m-BTC-2024-H2 sh=0.4055 tr=36 elapsed=3.1s wall_avg=1s eta=0min pass=50
[278/390] ok=True T3-TF-ma_crossover-30m-BTC-2025-H1 sh=-0.1094 tr=36 elapsed=3.0s wall_avg=1s eta=0min pass=50
[279/390] ok=True T3-TF-ma_crossover-30m-BTC-2025-H2 sh=-0.3686 tr=29 elapsed=3.0s wall_avg=1s eta=0min pass=50
[280/390] ok=True T3-TF-ma_crossover-30m-ETH-2024-H2 sh=0.319 tr=34 elapsed=3.1s wall_avg=1s eta=0min pass=50
[281/390] ok=True T3-TF-ma_crossover-30m-ETH-2025-H1 sh=-0.2237 tr=39 elapsed=3.0s wall_avg=1s eta=0min pass=50
[282/390] ok=True T3-TF-ma_crossover-30m-SOL-2024-H2 sh=0.2065 tr=32 elapsed=3.0s wall_avg=1s eta=0min pass=50
[283/390] ok=True T3-TF-ma_crossover-30m-ETH-2025-H2 sh=-0.2489 tr=34 elapsed=3.0s wall_avg=1s eta=0min pass=50
[284/390] ok=True T3-TF-ma_crossover-30m-SOL-2025-H1 sh=-0.2968 tr=36 elapsed=3.0s wall_avg=1s eta=0min pass=50
[285/390] ok=True T3-TF-ma_crossover-30m-SOL-2025-H2 sh=-0.4133 tr=36 elapsed=2.9s wall_avg=1s eta=0min pass=50
[286/390] ok=True T3-TF-ma_crossover-4h-BTC-2024-H2 sh=1.1954 tr=36 elapsed=2.9s wall_avg=1s eta=0min pass=50
[287/390] ok=True T3-TF-ma_crossover-4h-BTC-2025-H2 sh=-1.0865 tr=29 elapsed=3.0s wall_avg=1s eta=0min pass=50
[288/390] ok=True T3-TF-ma_crossover-4h-BTC-2025-H1 sh=-0.3225 tr=36 elapsed=3.0s wall_avg=1s eta=0min pass=50
[289/390] ok=True T3-TF-ma_crossover-4h-ETH-2024-H2 sh=0.9403 tr=34 elapsed=3.0s wall_avg=1s eta=0min pass=50
[290/390] ok=True T3-TF-ma_crossover-4h-ETH-2025-H1 sh=-0.6595 tr=39 elapsed=3.0s wall_avg=1s eta=0min pass=50
[291/390] ok=True T3-TF-ma_crossover-4h-ETH-2025-H2 sh=-0.7336 tr=34 elapsed=3.1s wall_avg=1s eta=0min pass=50
[292/390] ok=True T3-TF-ma_crossover-4h-SOL-2025-H1 sh=-0.8748 tr=36 elapsed=3.0s wall_avg=0s eta=0min pass=50
[293/390] ok=True T3-TF-ma_crossover-4h-SOL-2024-H2 sh=0.6088 tr=32 elapsed=3.1s wall_avg=0s eta=0min pass=50
[294/390] ok=True T3-TF-ma_crossover-4h-SOL-2025-H2 sh=-1.2183 tr=36 elapsed=3.1s wall_avg=0s eta=0min pass=50
[295/390] ok=True T3-TF-supertrend-5m-BTC-2024-H2 sh=0.3451 tr=36 elapsed=17.9s wall_avg=1s eta=0min pass=50
[296/390] ok=True T3-TF-supertrend-5m-BTC-2025-H1 sh=0.1188 tr=38 elapsed=18.2s wall_avg=1s eta=0min pass=50
[297/390] ok=True T3-TF-supertrend-5m-ETH-2024-H2 sh=0.0136 tr=38 elapsed=18.2s wall_avg=1s eta=0min pass=50
[298/390] ok=True T3-TF-supertrend-5m-BTC-2025-H2 sh=-0.4694 tr=43 elapsed=18.2s wall_avg=1s eta=0min pass=50
[299/390] ok=True T3-TF-supertrend-5m-SOL-2024-H2 sh=0.0391 tr=35 elapsed=18.2s wall_avg=1s eta=0min pass=50
[300/390] ok=True T3-TF-supertrend-5m-SOL-2025-H2 sh=-0.3082 tr=44 elapsed=18.2s wall_avg=1s eta=0min pass=50
[301/390] ok=True T3-TF-supertrend-5m-ETH-2025-H2 sh=-0.1921 tr=40 elapsed=18.4s wall_avg=1s eta=0min pass=50
[302/390] ok=True T3-TF-supertrend-5m-ETH-2025-H1 sh=0.002 tr=42 elapsed=18.5s wall_avg=1s eta=0min pass=50
[303/390] ok=True T3-TF-supertrend-15m-BTC-2024-H2 sh=4.069 tr=36 elapsed=18.2s wall_avg=1s eta=0min pass=51
[304/390] ok=True T3-TF-supertrend-5m-SOL-2025-H1 sh=-0.258 tr=38 elapsed=18.4s wall_avg=1s eta=0min pass=51
[305/390] ok=True T3-TF-supertrend-15m-BTC-2025-H1 sh=1.4013 tr=38 elapsed=18.3s wall_avg=1s eta=0min pass=51
[306/390] ok=True T3-TF-supertrend-15m-BTC-2025-H2 sh=-5.5349 tr=43 elapsed=18.1s wall_avg=1s eta=0min pass=51
[307/390] ok=True T3-TF-supertrend-15m-ETH-2024-H2 sh=0.1605 tr=38 elapsed=18.4s wall_avg=1s eta=0min pass=51
[308/390] ok=True T3-TF-supertrend-15m-ETH-2025-H1 sh=0.0233 tr=42 elapsed=18.8s wall_avg=1s eta=0min pass=51
[309/390] ok=True T3-TF-supertrend-15m-SOL-2024-H2 sh=0.4616 tr=35 elapsed=18.4s wall_avg=1s eta=0min pass=51
[310/390] ok=True T3-TF-supertrend-15m-ETH-2025-H2 sh=-2.2647 tr=40 elapsed=18.6s wall_avg=1s eta=0min pass=51
[311/390] ok=True T3-TF-supertrend-15m-SOL-2025-H2 sh=-3.6342 tr=44 elapsed=18.5s wall_avg=1s eta=0min pass=51
[312/390] ok=True T3-TF-supertrend-15m-SOL-2025-H1 sh=-3.042 tr=38 elapsed=18.5s wall_avg=1s eta=0min pass=51
[313/390] ok=True T3-TF-supertrend-30m-BTC-2024-H2 sh=0.3451 tr=36 elapsed=18.5s wall_avg=1s eta=0min pass=51
[314/390] ok=True T3-TF-supertrend-30m-BTC-2025-H1 sh=0.1188 tr=38 elapsed=18.6s wall_avg=1s eta=0min pass=51
[315/390] ok=True T3-TF-supertrend-30m-BTC-2025-H2 sh=-0.4694 tr=43 elapsed=19.0s wall_avg=1s eta=0min pass=51
[316/390] ok=True T3-TF-supertrend-30m-ETH-2024-H2 sh=0.0136 tr=38 elapsed=18.8s wall_avg=1s eta=0min pass=51
[317/390] ok=True T3-TF-supertrend-30m-ETH-2025-H2 sh=-0.1921 tr=40 elapsed=18.8s wall_avg=1s eta=0min pass=51
[318/390] ok=True T3-TF-supertrend-30m-ETH-2025-H1 sh=0.002 tr=42 elapsed=19.3s wall_avg=1s eta=0min pass=51
[319/390] ok=True T3-TF-supertrend-30m-SOL-2025-H2 sh=-0.3082 tr=44 elapsed=18.6s wall_avg=1s eta=0min pass=51
[320/390] ok=True T3-TF-supertrend-4h-BTC-2024-H2 sh=1.0172 tr=36 elapsed=18.7s wall_avg=1s eta=0min pass=51
[321/390] ok=True T3-TF-supertrend-30m-SOL-2024-H2 sh=0.0391 tr=35 elapsed=18.8s wall_avg=1s eta=0min pass=51
[322/390] ok=True T3-TF-supertrend-4h-BTC-2025-H2 sh=-1.3837 tr=43 elapsed=18.8s wall_avg=1s eta=0min pass=51
[323/390] ok=True T3-TF-supertrend-30m-SOL-2025-H1 sh=-0.258 tr=38 elapsed=19.1s wall_avg=1s eta=0min pass=51
[324/390] ok=True T3-TF-supertrend-4h-BTC-2025-H1 sh=0.3503 tr=38 elapsed=19.1s wall_avg=1s eta=0min pass=51
[325/390] ok=True T3-SHORT-ma_crossover-10m-BTC-2024-H2 sh=-0.3003 tr=232 elapsed=9.8s wall_avg=1s eta=0min pass=51
[326/390] ok=True T3-SHORT-ma_crossover-10m-BTC-2025-H1 sh=-1.6413 tr=249 elapsed=9.8s wall_avg=1s eta=0min pass=51
[327/390] ok=True T3-SHORT-ma_crossover-10m-BTC-2025-H2 sh=-0.4731 tr=220 elapsed=9.9s wall_avg=1s eta=0min pass=51
[328/390] ok=True T3-SHORT-ma_crossover-10m-ETH-2024-H2 sh=-0.7125 tr=228 elapsed=9.8s wall_avg=1s eta=0min pass=51
[329/390] ok=True T3-TF-supertrend-4h-ETH-2024-H2 sh=0.0401 tr=38 elapsed=19.3s wall_avg=1s eta=0min pass=51
[330/390] ok=True T3-TF-supertrend-4h-ETH-2025-H1 sh=0.0058 tr=42 elapsed=19.6s wall_avg=1s eta=0min pass=51
[331/390] ok=True T3-TF-supertrend-4h-ETH-2025-H2 sh=-0.5662 tr=40 elapsed=19.2s wall_avg=1s eta=0min pass=51
[332/390] ok=True T3-TF-supertrend-4h-SOL-2024-H2 sh=0.1154 tr=35 elapsed=19.4s wall_avg=1s eta=0min pass=51
[333/390] ok=True T3-TF-supertrend-4h-SOL-2025-H2 sh=-0.9086 tr=44 elapsed=19.3s wall_avg=1s eta=0min pass=51
[334/390] ok=True T3-TF-supertrend-4h-SOL-2025-H1 sh=-0.7605 tr=38 elapsed=19.6s wall_avg=1s eta=0min pass=51
[335/390] ok=True T3-SHORT-ma_crossover-10m-ETH-2025-H1 sh=1.6131 tr=228 elapsed=10.0s wall_avg=1s eta=0min pass=52
[336/390] ok=True T3-SHORT-ma_crossover-10m-ETH-2025-H2 sh=-2.0602 tr=247 elapsed=10.3s wall_avg=1s eta=0min pass=52
[337/390] ok=True T3-SHORT-ma_crossover-30m-BTC-2024-H2 sh=0.4055 tr=36 elapsed=3.4s wall_avg=1s eta=0min pass=52
[338/390] ok=True T3-SHORT-ma_crossover-10m-SOL-2025-H1 sh=0.8452 tr=222 elapsed=10.2s wall_avg=1s eta=0min pass=52
[339/390] ok=True T3-SHORT-ma_crossover-10m-SOL-2024-H2 sh=-1.7864 tr=243 elapsed=10.3s wall_avg=1s eta=0min pass=52
[340/390] ok=True T3-SHORT-ma_crossover-30m-BTC-2025-H1 sh=-0.1094 tr=36 elapsed=3.3s wall_avg=1s eta=0min pass=52
[341/390] ok=True T3-SHORT-ma_crossover-30m-BTC-2025-H2 sh=-0.3686 tr=29 elapsed=3.3s wall_avg=1s eta=0min pass=52
[342/390] ok=True T3-SHORT-ma_crossover-30m-ETH-2024-H2 sh=0.319 tr=34 elapsed=3.4s wall_avg=1s eta=0min pass=52
[343/390] ok=True T3-SHORT-ma_crossover-30m-ETH-2025-H1 sh=-0.2237 tr=39 elapsed=3.3s wall_avg=1s eta=0min pass=52
[344/390] ok=True T3-SHORT-ma_crossover-30m-ETH-2025-H2 sh=-0.2489 tr=34 elapsed=3.3s wall_avg=1s eta=0min pass=52
[345/390] ok=True T3-SHORT-ma_crossover-30m-SOL-2025-H1 sh=-0.2968 tr=36 elapsed=3.2s wall_avg=1s eta=0min pass=52
[346/390] ok=True T3-SHORT-ma_crossover-30m-SOL-2024-H2 sh=0.2065 tr=32 elapsed=3.4s wall_avg=1s eta=0min pass=52
[347/390] ok=True T3-SHORT-ma_crossover-30m-SOL-2025-H2 sh=-0.4133 tr=36 elapsed=3.2s wall_avg=1s eta=0min pass=52
[348/390] ok=True T3-SHORT-ma_crossover-1h-BTC-2024-H2 sh=2.3908 tr=36 elapsed=3.2s wall_avg=1s eta=0min pass=53
[349/390] ok=True T3-SHORT-ma_crossover-1h-BTC-2025-H1 sh=-0.645 tr=36 elapsed=3.3s wall_avg=1s eta=0min pass=53
[350/390] ok=True T3-SHORT-ma_crossover-1h-BTC-2025-H2 sh=-2.173 tr=29 elapsed=3.4s wall_avg=1s eta=0min pass=53
[351/390] ok=True T3-SHORT-ma_crossover-1h-ETH-2024-H2 sh=1.8807 tr=34 elapsed=3.3s wall_avg=1s eta=0min pass=54
[352/390] ok=True T3-SHORT-ma_crossover-1h-ETH-2025-H1 sh=-1.319 tr=39 elapsed=3.3s wall_avg=1s eta=0min pass=54
[353/390] ok=True T3-SHORT-ma_crossover-1h-ETH-2025-H2 sh=-1.4672 tr=34 elapsed=3.2s wall_avg=1s eta=0min pass=54
[354/390] ok=True T3-SHORT-ma_crossover-10m-SOL-2025-H2 sh=-1.0279 tr=234 elapsed=10.2s wall_avg=1s eta=0min pass=54
[355/390] ok=True T3-SHORT-ma_crossover-1h-SOL-2024-H2 sh=1.2176 tr=32 elapsed=3.2s wall_avg=1s eta=0min pass=54
[356/390] ok=True T3-SHORT-ma_crossover-1h-SOL-2025-H1 sh=-1.7496 tr=36 elapsed=3.2s wall_avg=1s eta=0min pass=54
[357/390] ok=True T3-SHORT-ma_crossover-1h-SOL-2025-H2 sh=-2.4365 tr=36 elapsed=3.2s wall_avg=1s eta=0min pass=54
[358/390] ok=True T3-SHORT-ma_crossover-4h-BTC-2024-H2 sh=1.1954 tr=36 elapsed=3.3s wall_avg=1s eta=0min pass=54
[359/390] ok=True T3-SHORT-ma_crossover-4h-BTC-2025-H1 sh=-0.3225 tr=36 elapsed=3.3s wall_avg=1s eta=0min pass=54
[360/390] ok=True T3-SHORT-ma_crossover-4h-BTC-2025-H2 sh=-1.0865 tr=29 elapsed=3.3s wall_avg=1s eta=0min pass=54
[361/390] ok=True T3-SHORT-ma_crossover-4h-ETH-2024-H2 sh=0.9403 tr=34 elapsed=3.3s wall_avg=1s eta=0min pass=54
[362/390] ok=True T3-SHORT-ma_crossover-4h-ETH-2025-H1 sh=-0.6595 tr=39 elapsed=3.5s wall_avg=1s eta=0min pass=54
[363/390] ok=True T3-SHORT-ma_crossover-4h-ETH-2025-H2 sh=-0.7336 tr=34 elapsed=3.3s wall_avg=1s eta=0min pass=54
[364/390] ok=True T3-SHORT-ma_crossover-4h-SOL-2024-H2 sh=0.6088 tr=32 elapsed=3.2s wall_avg=1s eta=0min pass=54
[365/390] ok=True T3-SHORT-ma_crossover-4h-SOL-2025-H1 sh=-0.8748 tr=36 elapsed=3.2s wall_avg=1s eta=0min pass=54
[366/390] ok=True T3-SHORT-ma_crossover-4h-SOL-2025-H2 sh=-1.2183 tr=36 elapsed=3.2s wall_avg=1s eta=0min pass=54
[367/390] ok=True T3-ASSET-v2_bol_long-LINK-2025-H1 sh=-1.4858 tr=53 elapsed=4.0s wall_avg=1s eta=0min pass=54
[368/390] ok=True T3-ASSET-v2_bol_long-LINK-2025-H2 sh=0.6924 tr=53 elapsed=3.9s wall_avg=1s eta=0min pass=54
[369/390] ok=True T3-ASSET-v2_bol_long-DOT-2025-H1 sh=-0.4702 tr=44 elapsed=3.9s wall_avg=1s eta=0min pass=54
[370/390] ok=True T3-ASSET-v2_bol_long-AVAX-2025-H1 sh=-1.407 tr=54 elapsed=3.9s wall_avg=1s eta=0min pass=54
[371/390] ok=True T3-ASSET-v2_bol_long-DOT-2025-H2 sh=-0.3203 tr=53 elapsed=4.1s wall_avg=1s eta=0min pass=54
[372/390] ok=True T3-ASSET-v2_bol_long-AVAX-2025-H2 sh=-1.0741 tr=48 elapsed=4.1s wall_avg=1s eta=0min pass=54
[373/390] ok=True T3-ASSET-v3_rsi_short_width-LINK-2025-H2 sh=-1.3067 tr=55 elapsed=6.6s wall_avg=1s eta=0min pass=54
[374/390] ok=True T3-ASSET-v3_rsi_short_width-LINK-2025-H1 sh=-0.5734 tr=58 elapsed=6.9s wall_avg=1s eta=0min pass=54
[375/390] ok=True T3-ASSET-v3_rsi_short_width-DOT-2025-H2 sh=0.1429 tr=62 elapsed=6.6s wall_avg=1s eta=0min pass=54
[376/390] ok=True T3-ASSET-v3_rsi_short_width-DOT-2025-H1 sh=-0.1395 tr=50 elapsed=6.7s wall_avg=1s eta=0min pass=54
[377/390] ok=True T3-ASSET-v3_rsi_short_width-AVAX-2025-H1 sh=-0.5684 tr=60 elapsed=6.5s wall_avg=1s eta=0min pass=54
[378/390] ok=True T3-ASSET-v3_rsi_short_width-AVAX-2025-H2 sh=0.4733 tr=57 elapsed=6.8s wall_avg=1s eta=0min pass=54
[379/390] ok=True T3-ASSET-v7_rsi_long_width-LINK-2025-H1 sh=-0.5734 tr=58 elapsed=7.3s wall_avg=1s eta=0min pass=54
[380/390] ok=True T3-ASSET-v7_rsi_long_width-DOT-2025-H1 sh=-0.1395 tr=50 elapsed=6.8s wall_avg=1s eta=0min pass=54
[381/390] ok=True T3-ASSET-v7_rsi_long_width-LINK-2025-H2 sh=-1.3067 tr=55 elapsed=7.0s wall_avg=1s eta=0min pass=54
[382/390] ok=True T3-ASSET-v7_rsi_long_width-DOT-2025-H2 sh=0.1429 tr=62 elapsed=6.8s wall_avg=1s eta=0min pass=54
[383/390] ok=True T3-ASSET-v7_rsi_long_width-AVAX-2025-H2 sh=0.4733 tr=57 elapsed=6.5s wall_avg=1s eta=0min pass=54
[384/390] ok=True T3-ASSET-v7_rsi_long_width-AVAX-2025-H1 sh=-0.5684 tr=60 elapsed=6.6s wall_avg=1s eta=0min pass=54
[385/390] ok=True T3-ASSET-v6_rsi_short_trendhtf-LINK-2025-H2 sh=0.1258 tr=41 elapsed=6.5s wall_avg=1s eta=0min pass=54
[386/390] ok=True T3-ASSET-v6_rsi_short_trendhtf-LINK-2025-H1 sh=-0.5695 tr=41 elapsed=6.6s wall_avg=1s eta=0min pass=54
[387/390] ok=True T3-ASSET-v6_rsi_short_trendhtf-DOT-2025-H1 sh=-0.1875 tr=38 elapsed=6.4s wall_avg=1s eta=0min pass=54
[388/390] ok=True T3-ASSET-v6_rsi_short_trendhtf-DOT-2025-H2 sh=0.9368 tr=41 elapsed=6.3s wall_avg=1s eta=0min pass=54
[389/390] ok=True T3-ASSET-v6_rsi_short_trendhtf-AVAX-2025-H2 sh=0.0032 tr=45 elapsed=5.1s wall_avg=1s eta=0min pass=54
[390/390] ok=True T3-ASSET-v6_rsi_short_trendhtf-AVAX-2025-H1 sh=0.0566 tr=44 elapsed=5.1s wall_avg=1s eta=0min pass=54
[auto] DONE wall=247s pass=54/390
