[auto] roadmap=1000 candidates(filter=all)=658 already_done=594 todo=64 workers=10
[1/64] ok=True T3-TF-donchian-5m-ETH-2025-H1 sh=-0.0486 tr=80 elapsed=3.1s wall_avg=3s eta=0min pass=0
[2/64] ok=True T3-TF-donchian-5m-BTC-2025-H1 sh=0.1192 tr=76 elapsed=3.3s wall_avg=2s eta=0min pass=0
[3/64] ok=True T3-TF-donchian-5m-BTC-2024-H2 sh=0.1205 tr=79 elapsed=3.3s wall_avg=1s eta=0min pass=0
[4/64] ok=True T3-TF-donchian-5m-BTC-2025-H2 sh=-0.7071 tr=85 elapsed=3.4s wall_avg=1s eta=0min pass=0
[5/64] ok=True T3-TF-donchian-5m-SOL-2024-H2 sh=-0.1541 tr=84 elapsed=3.4s wall_avg=1s eta=0min pass=0
[6/64] ok=True T3-TF-donchian-5m-ETH-2025-H2 sh=-0.3402 tr=77 elapsed=3.4s wall_avg=1s eta=0min pass=0
[7/64] ok=True T3-TF-donchian-5m-SOL-2025-H2 sh=-0.5168 tr=81 elapsed=3.4s wall_avg=1s eta=0min pass=0
[8/64] ok=True T3-TF-donchian-5m-ETH-2024-H2 sh=0.0178 tr=80 elapsed=3.4s wall_avg=0s eta=0min pass=0
[9/64] ok=True T3-TF-donchian-15m-BTC-2024-H2 sh=1.4208 tr=79 elapsed=3.4s wall_avg=0s eta=0min pass=0
[10/64] ok=True T3-TF-donchian-5m-SOL-2025-H1 sh=-0.3973 tr=85 elapsed=3.5s wall_avg=0s eta=0min pass=0
[11/64] ok=True T3-TF-donchian-15m-BTC-2025-H1 sh=1.4054 tr=76 elapsed=3.5s wall_avg=1s eta=0min pass=0
[12/64] ok=True T3-TF-donchian-15m-BTC-2025-H2 sh=-8.3386 tr=85 elapsed=3.4s wall_avg=1s eta=0min pass=0
[13/64] ok=True T3-TF-donchian-15m-ETH-2025-H1 sh=-0.5732 tr=80 elapsed=3.4s wall_avg=1s eta=0min pass=0
[14/64] ok=True T3-TF-donchian-15m-SOL-2025-H1 sh=-4.6849 tr=85 elapsed=3.3s wall_avg=1s eta=0min pass=0
[15/64] ok=True T3-TF-donchian-15m-SOL-2024-H2 sh=-1.8176 tr=84 elapsed=3.4s wall_avg=0s eta=0min pass=0
[16/64] ok=True T3-TF-donchian-30m-BTC-2024-H2 sh=0.1205 tr=79 elapsed=3.3s wall_avg=0s eta=0min pass=0
[17/64] ok=True T3-TF-donchian-30m-BTC-2025-H1 sh=0.1192 tr=76 elapsed=3.3s wall_avg=0s eta=0min pass=0
[18/64] ok=True T3-TF-donchian-15m-SOL-2025-H2 sh=-6.0935 tr=81 elapsed=3.4s wall_avg=0s eta=0min pass=0
[19/64] ok=True T3-TF-donchian-15m-ETH-2024-H2 sh=0.2098 tr=80 elapsed=3.5s wall_avg=0s eta=0min pass=0
[20/64] ok=True T3-TF-donchian-15m-ETH-2025-H2 sh=-4.0116 tr=77 elapsed=3.5s wall_avg=0s eta=0min pass=0
[21/64] ok=True T3-TF-donchian-30m-BTC-2025-H2 sh=-0.7071 tr=85 elapsed=3.1s wall_avg=0s eta=0min pass=0
[22/64] ok=True T3-TF-donchian-30m-ETH-2025-H2 sh=-0.3402 tr=77 elapsed=3.2s wall_avg=0s eta=0min pass=0
[23/64] ok=True T3-TF-donchian-30m-ETH-2024-H2 sh=0.0178 tr=80 elapsed=3.2s wall_avg=0s eta=0min pass=0
[24/64] ok=True T3-TF-donchian-30m-SOL-2024-H2 sh=-0.1541 tr=84 elapsed=3.2s wall_avg=0s eta=0min pass=0
[25/64] ok=True T3-TF-donchian-30m-SOL-2025-H1 sh=-0.3973 tr=85 elapsed=3.3s wall_avg=0s eta=0min pass=0
[26/64] ok=True T3-TF-donchian-30m-SOL-2025-H2 sh=-0.5168 tr=81 elapsed=3.3s wall_avg=0s eta=0min pass=0
[27/64] ok=True T3-TF-donchian-4h-BTC-2024-H2 sh=0.3552 tr=79 elapsed=3.4s wall_avg=0s eta=0min pass=0
[28/64] ok=True T3-TF-donchian-30m-ETH-2025-H1 sh=-0.0486 tr=80 elapsed=3.5s wall_avg=0s eta=0min pass=0
[29/64] ok=True T3-SHORT-donchian-30m-BTC-2024-H2 sh=0.1205 tr=79 elapsed=4.2s wall_avg=1s eta=0min pass=0
[30/64] ok=True T3-SHORT-donchian-10m-BTC-2025-H1 sh=-2.7083 tr=458 elapsed=10.4s wall_avg=1s eta=0min pass=0
[31/64] ok=True T3-SHORT-donchian-10m-BTC-2024-H2 sh=-4.9064 tr=464 elapsed=10.5s wall_avg=1s eta=0min pass=0
[32/64] ok=True T3-SHORT-donchian-30m-BTC-2025-H1 sh=0.1192 tr=76 elapsed=3.5s wall_avg=1s eta=0min pass=0
[33/64] ok=True T3-SHORT-donchian-10m-BTC-2025-H2 sh=-6.1237 tr=465 elapsed=10.0s wall_avg=1s eta=0min pass=0
[34/64] ok=True T3-SHORT-donchian-10m-ETH-2025-H2 sh=-2.5457 tr=448 elapsed=10.2s wall_avg=1s eta=0min pass=0
[35/64] ok=True T3-SHORT-donchian-10m-SOL-2024-H2 sh=-3.959 tr=472 elapsed=10.3s wall_avg=1s eta=0min pass=0
[36/64] ok=True T3-SHORT-donchian-10m-ETH-2024-H2 sh=-2.0678 tr=441 elapsed=10.5s wall_avg=1s eta=0min pass=0
[37/64] ok=True T3-SHORT-donchian-10m-SOL-2025-H1 sh=-2.1407 tr=464 elapsed=10.7s wall_avg=1s eta=0min pass=0
[38/64] ok=True T3-SHORT-donchian-10m-SOL-2025-H2 sh=-2.0544 tr=464 elapsed=10.6s wall_avg=1s eta=0min pass=0
[39/64] ok=True T3-SHORT-donchian-30m-BTC-2025-H2 sh=-0.7071 tr=85 elapsed=3.7s wall_avg=1s eta=0min pass=0
[40/64] ok=True T3-SHORT-donchian-10m-ETH-2025-H1 sh=-0.3402 tr=442 elapsed=11.2s wall_avg=1s eta=0min pass=0
[41/64] ok=True T3-SHORT-donchian-30m-ETH-2024-H2 sh=0.0178 tr=80 elapsed=3.9s wall_avg=1s eta=0min pass=0
[42/64] ok=True T3-SHORT-donchian-30m-ETH-2025-H1 sh=-0.0486 tr=80 elapsed=3.7s wall_avg=1s eta=0min pass=0
[43/64] ok=True T3-SHORT-donchian-30m-ETH-2025-H2 sh=-0.3402 tr=77 elapsed=3.4s wall_avg=1s eta=0min pass=0
[44/64] ok=True T3-SHORT-donchian-30m-SOL-2024-H2 sh=-0.1541 tr=84 elapsed=3.4s wall_avg=1s eta=0min pass=0
[45/64] ok=True T3-SHORT-donchian-30m-SOL-2025-H1 sh=-0.3973 tr=85 elapsed=3.3s wall_avg=1s eta=0min pass=0
[46/64] ok=True T3-SHORT-donchian-30m-SOL-2025-H2 sh=-0.5168 tr=81 elapsed=3.5s wall_avg=1s eta=0min pass=0
[47/64] ok=True T3-SHORT-donchian-1h-BTC-2025-H1 sh=0.7027 tr=76 elapsed=3.3s wall_avg=1s eta=0min pass=0
[48/64] ok=True T3-SHORT-donchian-1h-BTC-2024-H2 sh=0.7104 tr=79 elapsed=3.4s wall_avg=1s eta=0min pass=0
[49/64] ok=True T3-SHORT-donchian-1h-ETH-2024-H2 sh=0.1049 tr=80 elapsed=3.3s wall_avg=1s eta=0min pass=0
[50/64] ok=True T3-SHORT-donchian-1h-BTC-2025-H2 sh=-4.1693 tr=85 elapsed=3.6s wall_avg=1s eta=0min pass=0
[51/64] ok=True T3-SHORT-donchian-1h-ETH-2025-H1 sh=-0.2866 tr=80 elapsed=3.4s wall_avg=0s eta=0min pass=0
[52/64] ok=True T3-SHORT-donchian-1h-ETH-2025-H2 sh=-2.0058 tr=77 elapsed=3.3s wall_avg=0s eta=0min pass=0
[53/64] ok=True T3-SHORT-donchian-1h-SOL-2024-H2 sh=-0.9088 tr=84 elapsed=3.7s wall_avg=1s eta=0min pass=0
[54/64] ok=True T3-SHORT-donchian-1h-SOL-2025-H1 sh=-2.3425 tr=85 elapsed=3.6s wall_avg=1s eta=0min pass=0
[55/64] ok=True T3-SHORT-donchian-1h-SOL-2025-H2 sh=-3.0468 tr=81 elapsed=3.5s wall_avg=1s eta=0min pass=0
[56/64] ok=True T3-SHORT-donchian-4h-BTC-2025-H2 sh=-2.0846 tr=85 elapsed=3.4s wall_avg=1s eta=0min pass=0
[57/64] ok=True T3-SHORT-donchian-4h-BTC-2024-H2 sh=0.3552 tr=79 elapsed=3.6s wall_avg=0s eta=0min pass=0
[58/64] ok=True T3-SHORT-donchian-4h-ETH-2024-H2 sh=0.0525 tr=80 elapsed=3.3s wall_avg=0s eta=0min pass=0
[59/64] ok=True T3-SHORT-donchian-4h-BTC-2025-H1 sh=0.3514 tr=76 elapsed=3.7s wall_avg=0s eta=0min pass=0
[60/64] ok=True T3-SHORT-donchian-4h-ETH-2025-H2 sh=-1.0029 tr=77 elapsed=3.4s wall_avg=0s eta=0min pass=0
[61/64] ok=True T3-SHORT-donchian-4h-ETH-2025-H1 sh=-0.1433 tr=80 elapsed=3.5s wall_avg=0s eta=0min pass=0
[62/64] ok=True T3-SHORT-donchian-4h-SOL-2024-H2 sh=-0.4544 tr=84 elapsed=3.4s wall_avg=0s eta=0min pass=0
[63/64] ok=True T3-SHORT-donchian-4h-SOL-2025-H1 sh=-1.1712 tr=85 elapsed=2.4s wall_avg=0s eta=0min pass=0
[64/64] ok=True T3-SHORT-donchian-4h-SOL-2025-H2 sh=-1.5234 tr=81 elapsed=2.3s wall_avg=0s eta=0min pass=0
[auto] DONE wall=30s pass=0/64
