[auto] roadmap=1000 candidates(filter=none)=204 already_done=0 todo=204 workers=10
[1/204] ok=True T1-MA-15-45-SOL-2024-H2 sh=-1.4578 tr=263 elapsed=8.7s wall_avg=9s eta=3min pass=0
[2/204] ok=True T1-MA-15-45-ETH-2024-H2 sh=-1.3654 tr=265 elapsed=8.9s wall_avg=5s eta=2min pass=0
[3/204] ok=True T1-MA-15-45-ETH-2025-H1 sh=0.98 tr=264 elapsed=8.9s wall_avg=3s eta=1min pass=0
[4/204] ok=True T1-MA-10-30-SOL-2025-H1 sh=-0.7973 tr=390 elapsed=8.9s wall_avg=2s eta=1min pass=0
[5/204] ok=True T1-MA-10-30-ETH-2025-H2 sh=-3.7928 tr=430 elapsed=9.0s wall_avg=2s eta=1min pass=0
[6/204] ok=True T1-MA-10-30-SOL-2024-H2 sh=-1.2095 tr=410 elapsed=9.1s wall_avg=2s eta=1min pass=0
[7/204] ok=True T1-MA-10-30-ETH-2024-H2 sh=-1.7377 tr=419 elapsed=9.2s wall_avg=1s eta=0min pass=0
[8/204] ok=True T1-MA-10-30-ETH-2025-H1 sh=-0.905 tr=420 elapsed=9.2s wall_avg=1s eta=0min pass=0
[9/204] ok=True T1-MA-10-30-SOL-2025-H2 sh=-2.5322 tr=418 elapsed=9.2s wall_avg=1s eta=0min pass=0
[10/204] ok=True T1-MA-15-45-ETH-2025-H2 sh=-1.6153 tr=284 elapsed=9.2s wall_avg=1s eta=0min pass=0
[11/204] ok=True T1-MA-15-45-SOL-2025-H2 sh=-1.9399 tr=276 elapsed=9.2s wall_avg=2s eta=1min pass=0
[12/204] ok=True T1-MA-15-45-SOL-2025-H1 sh=-0.0077 tr=252 elapsed=9.3s wall_avg=2s eta=0min pass=0
[13/204] ok=True T1-MA-20-50-ETH-2024-H2 sh=-0.7125 tr=228 elapsed=9.2s wall_avg=1s eta=0min pass=0
[14/204] ok=True T1-MA-25-75-ETH-2024-H2 sh=-0.0647 tr=169 elapsed=9.0s wall_avg=1s eta=0min pass=0
[15/204] ok=True T1-MA-20-50-ETH-2025-H2 sh=-2.0602 tr=247 elapsed=9.2s wall_avg=1s eta=0min pass=0
[16/204] ok=True T1-MA-20-50-SOL-2025-H2 sh=-1.0279 tr=234 elapsed=9.1s wall_avg=1s eta=0min pass=0
[17/204] ok=True T1-MA-20-50-SOL-2025-H1 sh=0.8452 tr=222 elapsed=9.2s wall_avg=1s eta=0min pass=0
[18/204] ok=True T1-MA-25-75-ETH-2025-H1 sh=1.9084 tr=154 elapsed=9.2s wall_avg=1s eta=0min pass=1
[19/204] ok=True T1-MA-20-50-ETH-2025-H1 sh=1.6131 tr=228 elapsed=9.4s wall_avg=1s eta=0min pass=2
[20/204] ok=True T1-MA-20-50-SOL-2024-H2 sh=-1.7864 tr=243 elapsed=9.3s wall_avg=1s eta=0min pass=2
[21/204] ok=True T1-MA-30-90-ETH-2025-H1 sh=1.3919 tr=126 elapsed=9.2s wall_avg=1s eta=0min pass=2
[22/204] ok=True T1-MA-30-90-ETH-2025-H2 sh=-1.716 tr=143 elapsed=9.3s wall_avg=1s eta=0min pass=2
[23/204] ok=True T1-MA-25-75-SOL-2025-H1 sh=-0.2188 tr=147 elapsed=9.6s wall_avg=1s eta=0min pass=2
[24/204] ok=True T1-MA-30-90-ETH-2024-H2 sh=-0.1128 tr=140 elapsed=9.5s wall_avg=1s eta=0min pass=2
[25/204] ok=True T1-MA-25-75-SOL-2024-H2 sh=-1.4335 tr=172 elapsed=9.7s wall_avg=1s eta=0min pass=2
[26/204] ok=True T1-MA-25-75-ETH-2025-H2 sh=-1.9141 tr=167 elapsed=9.7s wall_avg=1s eta=0min pass=2
[27/204] ok=True T1-MA-25-75-SOL-2025-H2 sh=-1.7615 tr=154 elapsed=9.7s wall_avg=1s eta=0min pass=2
[28/204] ok=True T1-MA-30-90-SOL-2025-H1 sh=0.0095 tr=121 elapsed=9.6s wall_avg=1s eta=0min pass=2
[29/204] ok=True T1-MA-30-90-SOL-2025-H2 sh=-1.4731 tr=130 elapsed=9.6s wall_avg=1s eta=0min pass=2
[30/204] ok=True T1-MA-30-90-SOL-2024-H2 sh=-1.4198 tr=142 elapsed=9.7s wall_avg=1s eta=0min pass=2
[31/204] ok=True T1-MA-50-200-ETH-2024-H2 sh=1.7684 tr=60 elapsed=8.2s wall_avg=1s eta=0min pass=3
[32/204] ok=True T1-MA-50-200-ETH-2025-H1 sh=-0.4652 tr=67 elapsed=8.4s wall_avg=1s eta=0min pass=3
[33/204] ok=True T1-MA-50-200-SOL-2024-H2 sh=-0.0684 tr=63 elapsed=8.3s wall_avg=1s eta=0min pass=3
[34/204] ok=True T1-MA-50-200-ETH-2025-H2 sh=-1.5756 tr=63 elapsed=8.3s wall_avg=1s eta=0min pass=3
[35/204] ok=True T1-MA-50-200-SOL-2025-H1 sh=-1.7705 tr=66 elapsed=8.3s wall_avg=1s eta=0min pass=3
[36/204] ok=True T1-MA-50-200-SOL-2025-H2 sh=-1.4704 tr=63 elapsed=8.4s wall_avg=1s eta=0min pass=3
[37/204] ok=True T1-ST-7-2.5-ETH-2025-H2 sh=-3.2696 tr=380 elapsed=500.9s wall_avg=14s eta=4min pass=3
[38/204] ok=True T1-ST-7-2.5-SOL-2024-H2 sh=-2.148 tr=367 elapsed=503.3s wall_avg=14s eta=4min pass=3
[39/204] ok=True T1-ST-7-2.5-ETH-2024-H2 sh=-2.085 tr=339 elapsed=505.9s wall_avg=14s eta=4min pass=3
[40/204] ok=True T1-ST-7-2.5-ETH-2025-H1 sh=-0.7453 tr=347 elapsed=506.6s wall_avg=13s eta=4min pass=3
[41/204] ok=True T1-ST-10-2.5-ETH-2025-H2 sh=-3.2467 tr=384 elapsed=501.1s wall_avg=13s eta=4min pass=3
[42/204] ok=True T1-ST-10-2.5-SOL-2024-H2 sh=-1.682 tr=364 elapsed=501.5s wall_avg=13s eta=3min pass=3
[43/204] ok=True T1-ST-7-2.5-SOL-2025-H2 sh=-2.3843 tr=374 elapsed=505.4s wall_avg=13s eta=3min pass=3
[44/204] ok=True T1-ST-10-2.5-ETH-2024-H2 sh=-2.3298 tr=347 elapsed=506.4s wall_avg=12s eta=3min pass=3
[45/204] ok=True T1-ST-10-2.5-ETH-2025-H1 sh=0.0493 tr=336 elapsed=506.9s wall_avg=12s eta=3min pass=3
[46/204] ok=True T1-ST-7-2.5-SOL-2025-H1 sh=-1.1003 tr=357 elapsed=510.7s wall_avg=12s eta=3min pass=3
[47/204] ok=True T1-ST-10-2.5-SOL-2025-H2 sh=-1.9051 tr=367 elapsed=497.4s wall_avg=22s eta=6min pass=3
[48/204] ok=True T1-ST-10-3.0-ETH-2024-H2 sh=-0.7008 tr=253 elapsed=498.9s wall_avg=22s eta=6min pass=3
[49/204] ok=True T1-ST-10-2.5-SOL-2025-H1 sh=-1.366 tr=352 elapsed=503.8s wall_avg=21s eta=5min pass=3
[50/204] ok=True T1-ST-10-3.0-SOL-2024-H2 sh=-2.5793 tr=275 elapsed=498.0s wall_avg=21s eta=5min pass=3
[51/204] ok=True T1-ST-10-3.0-ETH-2025-H2 sh=-1.4854 tr=277 elapsed=499.1s wall_avg=20s eta=5min pass=3
[52/204] ok=True T1-ST-10-3.0-ETH-2025-H1 sh=1.0142 tr=253 elapsed=503.5s wall_avg=20s eta=5min pass=3
[53/204] ok=True T1-ST-10-3.0-SOL-2025-H2 sh=-1.18 tr=282 elapsed=496.9s wall_avg=20s eta=5min pass=3
[54/204] ok=True T1-ST-14-3.0-ETH-2024-H2 sh=-1.0943 tr=258 elapsed=500.2s wall_avg=19s eta=5min pass=3
[55/204] ok=True T1-ST-10-3.0-SOL-2025-H1 sh=0.3947 tr=256 elapsed=504.9s wall_avg=19s eta=5min pass=3
[56/204] ok=True T1-ST-14-3.0-ETH-2025-H1 sh=1.5492 tr=245 elapsed=505.1s wall_avg=19s eta=5min pass=4
[57/204] ok=True T1-ST-14-3.0-ETH-2025-H2 sh=-1.5805 tr=285 elapsed=474.5s wall_avg=26s eta=6min pass=4
[58/204] ok=True T1-ST-14-3.0-SOL-2024-H2 sh=-2.0184 tr=276 elapsed=474.4s wall_avg=26s eta=6min pass=4
[59/204] ok=True T1-ST-14-3.0-SOL-2025-H1 sh=-0.3434 tr=262 elapsed=477.2s wall_avg=26s eta=6min pass=4
[60/204] ok=True T1-ST-14-3.0-SOL-2025-H2 sh=-0.9038 tr=277 elapsed=474.8s wall_avg=25s eta=6min pass=4
[61/204] ok=True T1-ST-14-3.5-ETH-2024-H2 sh=-1.3446 tr=211 elapsed=474.8s wall_avg=25s eta=6min pass=4
[62/204] ok=True T1-ST-14-3.5-ETH-2025-H2 sh=-1.6812 tr=219 elapsed=473.3s wall_avg=24s eta=6min pass=4
[63/204] ok=True T1-ST-14-3.5-SOL-2024-H2 sh=-1.8315 tr=218 elapsed=471.6s wall_avg=24s eta=6min pass=4
[64/204] ok=True T1-ST-14-3.5-ETH-2025-H1 sh=2.0309 tr=193 elapsed=478.5s wall_avg=24s eta=6min pass=5
[65/204] ok=True T1-ST-14-3.5-SOL-2025-H1 sh=-0.3915 tr=206 elapsed=472.9s wall_avg=23s eta=5min pass=5
[66/204] ok=True T1-48-bollinger-short-SOL-2024-H2 sh=-0.8166 tr=383 elapsed=8.7s wall_avg=23s eta=5min pass=5
[67/204] ok=True T1-ST-14-3.5-SOL-2025-H2 sh=-0.7199 tr=217 elapsed=472.5s wall_avg=23s eta=5min pass=5
[68/204] ok=True T1-48-bollinger-short-SOL-2025-H1 sh=-1.6925 tr=402 elapsed=9.1s wall_avg=22s eta=5min pass=5
[69/204] ok=True T1-48-bollinger-short-SOL-2025-H2 sh=-1.9944 tr=412 elapsed=8.9s wall_avg=22s eta=5min pass=5
[70/204] ok=True T1-48-bollinger-long-SOL-2024-H2 sh=-2.2036 tr=366 elapsed=9.1s wall_avg=22s eta=5min pass=5
[71/204] ok=True T1-48-bollinger-long-SOL-2025-H1 sh=-3.3841 tr=370 elapsed=9.0s wall_avg=22s eta=5min pass=5
[72/204] ok=True T1-48-bollinger-long-SOL-2025-H2 sh=-4.1167 tr=403 elapsed=9.1s wall_avg=21s eta=5min pass=5
[73/204] ok=True T1-48-rsi-short-SOL-2024-H2 sh=0.6419 tr=332 elapsed=21.8s wall_avg=21s eta=5min pass=5
[74/204] ok=True T1-48-rsi-short-SOL-2025-H1 sh=-1.5262 tr=345 elapsed=21.8s wall_avg=21s eta=5min pass=5
[75/204] ok=True T1-48-rsi-short-SOL-2025-H2 sh=-3.0674 tr=361 elapsed=21.9s wall_avg=21s eta=4min pass=5
[76/204] ok=True T1-48-rsi-long-SOL-2024-H2 sh=0.6419 tr=332 elapsed=21.5s wall_avg=20s eta=4min pass=5
[77/204] ok=True T2-COMP-15-1.5-25-75-BTC-2024-H2 sh=1.781 tr=12 elapsed=5.3s wall_avg=20s eta=4min pass=5
[78/204] ok=True T2-COMP-15-1.5-25-75-BTC-2025-H1 sh=1.1193 tr=19 elapsed=5.1s wall_avg=20s eta=4min pass=5
[79/204] ok=True T2-COMP-15-1.5-25-75-BTC-2025-H2 sh=0.3059 tr=21 elapsed=5.4s wall_avg=20s eta=4min pass=5
[80/204] ok=True T2-COMP-15-1.5-25-75-ETH-2024-H2 sh=0.9671 tr=22 elapsed=5.4s wall_avg=20s eta=4min pass=5
[81/204] ok=True T2-COMP-15-1.5-25-75-ETH-2025-H1 sh=-0.807 tr=21 elapsed=5.4s wall_avg=19s eta=4min pass=5
[82/204] ok=True T2-COMP-15-1.5-25-75-ETH-2025-H2 sh=2.9884 tr=15 elapsed=5.3s wall_avg=19s eta=4min pass=5
[83/204] ok=True T1-48-rsi-long-SOL-2025-H1 sh=-1.5262 tr=345 elapsed=23.2s wall_avg=19s eta=4min pass=5
[84/204] ok=True T2-COMP-15-1.5-25-75-SOL-2024-H2 sh=0.5469 tr=14 elapsed=5.6s wall_avg=19s eta=4min pass=5
[85/204] ok=True T1-48-rsi-long-SOL-2025-H2 sh=-3.0674 tr=361 elapsed=23.2s wall_avg=19s eta=4min pass=5
[86/204] ok=True T2-COMP-15-1.5-25-75-SOL-2025-H1 sh=-1.1106 tr=20 elapsed=5.6s wall_avg=18s eta=4min pass=5
[87/204] ok=True T2-COMP-15-1.5-25-75-SOL-2025-H2 sh=0.1957 tr=18 elapsed=5.6s wall_avg=18s eta=4min pass=5
[88/204] ok=True T2-COMP-15-1.5-30-70-BTC-2024-H2 sh=1.0903 tr=22 elapsed=6.0s wall_avg=18s eta=3min pass=5
[89/204] ok=True T2-COMP-15-1.5-30-70-BTC-2025-H2 sh=0.267 tr=31 elapsed=5.7s wall_avg=18s eta=3min pass=5
[90/204] ok=True T2-COMP-15-1.5-30-70-BTC-2025-H1 sh=0.9123 tr=32 elapsed=6.0s wall_avg=18s eta=3min pass=5
[91/204] ok=True T2-COMP-15-1.5-30-70-ETH-2024-H2 sh=1.5634 tr=35 elapsed=6.0s wall_avg=17s eta=3min pass=6
[92/204] ok=True T2-COMP-15-1.5-30-70-ETH-2025-H1 sh=-0.7283 tr=39 elapsed=5.6s wall_avg=17s eta=3min pass=6
[93/204] ok=True T2-COMP-15-1.5-30-70-ETH-2025-H2 sh=3.5826 tr=31 elapsed=6.0s wall_avg=17s eta=3min pass=7
[94/204] ok=True T2-COMP-15-1.5-30-70-SOL-2024-H2 sh=1.0182 tr=28 elapsed=6.5s wall_avg=17s eta=3min pass=7
[95/204] ok=True T2-COMP-15-1.5-30-70-SOL-2025-H1 sh=-1.2078 tr=38 elapsed=6.2s wall_avg=17s eta=3min pass=7
[96/204] ok=True T2-COMP-15-1.5-30-70-SOL-2025-H2 sh=0.4523 tr=25 elapsed=7.6s wall_avg=17s eta=3min pass=7
[97/204] ok=True T2-COMP-15-1.5-35-65-BTC-2024-H2 sh=0.8374 tr=35 elapsed=7.0s wall_avg=16s eta=3min pass=7
[98/204] ok=True T2-COMP-15-1.5-35-65-BTC-2025-H1 sh=-0.1598 tr=49 elapsed=8.4s wall_avg=16s eta=3min pass=7
[99/204] ok=True T2-COMP-15-1.5-35-65-BTC-2025-H2 sh=-0.341 tr=45 elapsed=8.8s wall_avg=16s eta=3min pass=7
[100/204] ok=True T2-COMP-15-1.5-35-65-ETH-2024-H2 sh=2.5419 tr=53 elapsed=7.4s wall_avg=16s eta=3min pass=8
[101/204] ok=True T2-COMP-15-1.5-35-65-ETH-2025-H2 sh=2.3753 tr=43 elapsed=6.6s wall_avg=16s eta=3min pass=9
[102/204] ok=True T2-COMP-15-1.5-35-65-ETH-2025-H1 sh=-0.9959 tr=57 elapsed=9.9s wall_avg=16s eta=3min pass=9
[103/204] ok=True T2-COMP-15-1.5-35-65-SOL-2024-H2 sh=1.6431 tr=51 elapsed=8.2s wall_avg=16s eta=3min pass=10
[104/204] ok=True T2-COMP-15-1.5-35-65-SOL-2025-H1 sh=-1.0531 tr=54 elapsed=7.5s wall_avg=15s eta=3min pass=10
[105/204] ok=True T2-COMP-15-1.5-35-65-SOL-2025-H2 sh=-2.1443 tr=41 elapsed=6.7s wall_avg=15s eta=3min pass=10
[106/204] ok=True T2-COMP-15-2.0-25-75-BTC-2024-H2 sh=3.4006 tr=10 elapsed=6.7s wall_avg=15s eta=2min pass=10
[107/204] ok=True T2-COMP-15-2.0-25-75-BTC-2025-H1 sh=0.5656 tr=17 elapsed=6.5s wall_avg=15s eta=2min pass=10
[108/204] ok=True T2-COMP-15-2.0-25-75-BTC-2025-H2 sh=-0.9619 tr=16 elapsed=6.6s wall_avg=15s eta=2min pass=10
[109/204] ok=True T2-COMP-15-2.0-25-75-ETH-2024-H2 sh=0.0879 tr=18 elapsed=6.1s wall_avg=15s eta=2min pass=10
[110/204] ok=True T2-COMP-15-2.0-25-75-ETH-2025-H1 sh=-0.6333 tr=23 elapsed=6.7s wall_avg=15s eta=2min pass=10
[111/204] ok=True T2-COMP-15-2.0-25-75-ETH-2025-H2 sh=1.7361 tr=12 elapsed=5.8s wall_avg=15s eta=2min pass=10
[112/204] ok=True T2-COMP-15-2.0-25-75-SOL-2024-H2 sh=-1.1949 tr=7 elapsed=6.2s wall_avg=15s eta=2min pass=10
[113/204] ok=True T2-COMP-15-2.0-25-75-SOL-2025-H1 sh=0.2274 tr=15 elapsed=6.3s wall_avg=14s eta=2min pass=10
[114/204] ok=True T2-COMP-15-2.0-25-75-SOL-2025-H2 sh=-0.4642 tr=16 elapsed=6.1s wall_avg=14s eta=2min pass=10
[115/204] ok=True T2-COMP-15-2.0-30-70-BTC-2024-H2 sh=1.05 tr=18 elapsed=6.3s wall_avg=14s eta=2min pass=10
[116/204] ok=True T2-COMP-15-2.0-30-70-BTC-2025-H1 sh=0.1091 tr=29 elapsed=6.0s wall_avg=14s eta=2min pass=10
[117/204] ok=True T2-COMP-15-2.0-30-70-BTC-2025-H2 sh=-0.9959 tr=27 elapsed=6.0s wall_avg=14s eta=2min pass=10
[118/204] ok=True T2-COMP-15-2.0-30-70-ETH-2024-H2 sh=0.6183 tr=34 elapsed=5.9s wall_avg=14s eta=2min pass=10
[119/204] ok=True T2-COMP-15-2.0-30-70-ETH-2025-H1 sh=0.7329 tr=38 elapsed=6.3s wall_avg=14s eta=2min pass=10
[120/204] ok=True T2-COMP-15-2.0-30-70-ETH-2025-H2 sh=1.1982 tr=29 elapsed=6.2s wall_avg=14s eta=2min pass=10
[121/204] ok=True T2-COMP-15-2.0-30-70-SOL-2024-H2 sh=0.0182 tr=20 elapsed=6.1s wall_avg=14s eta=2min pass=10
[122/204] ok=True T2-COMP-15-2.0-30-70-SOL-2025-H1 sh=-0.8702 tr=32 elapsed=6.0s wall_avg=13s eta=2min pass=10
[123/204] ok=True T2-COMP-15-2.0-30-70-SOL-2025-H2 sh=0.4515 tr=24 elapsed=6.1s wall_avg=13s eta=2min pass=10
[124/204] ok=True T2-COMP-15-2.0-35-65-BTC-2024-H2 sh=-0.5171 tr=31 elapsed=5.9s wall_avg=13s eta=2min pass=10
[125/204] ok=True T2-COMP-15-2.0-35-65-BTC-2025-H1 sh=-0.3973 tr=48 elapsed=5.9s wall_avg=13s eta=2min pass=10
[126/204] ok=True T2-COMP-15-2.0-35-65-BTC-2025-H2 sh=-0.6445 tr=41 elapsed=6.0s wall_avg=13s eta=2min pass=10
[127/204] ok=True T2-COMP-15-2.0-35-65-ETH-2024-H2 sh=1.1464 tr=46 elapsed=5.8s wall_avg=13s eta=2min pass=10
[128/204] ok=True T2-COMP-15-2.0-35-65-ETH-2025-H1 sh=-0.7914 tr=54 elapsed=5.8s wall_avg=13s eta=2min pass=10
[129/204] ok=True T2-COMP-15-2.0-35-65-ETH-2025-H2 sh=0.9388 tr=46 elapsed=5.6s wall_avg=13s eta=2min pass=10
[130/204] ok=True T2-COMP-15-2.0-35-65-SOL-2024-H2 sh=1.703 tr=41 elapsed=6.0s wall_avg=13s eta=2min pass=11
[131/204] ok=True T2-COMP-15-2.0-35-65-SOL-2025-H1 sh=-2.9077 tr=44 elapsed=5.8s wall_avg=13s eta=2min pass=11
[132/204] ok=True T2-COMP-15-2.0-35-65-SOL-2025-H2 sh=-0.4655 tr=41 elapsed=5.7s wall_avg=13s eta=2min pass=11
[133/204] ok=True T2-COMP-15-2.5-25-75-BTC-2024-H2 sh=0.8026 tr=9 elapsed=5.7s wall_avg=12s eta=1min pass=11
[134/204] ok=True T2-COMP-15-2.5-25-75-BTC-2025-H1 sh=1.2571 tr=12 elapsed=5.6s wall_avg=12s eta=1min pass=11
[135/204] ok=True T2-COMP-15-2.5-25-75-BTC-2025-H2 sh=-1.6776 tr=10 elapsed=5.6s wall_avg=12s eta=1min pass=11
[136/204] ok=True T2-COMP-15-2.5-25-75-ETH-2024-H2 sh=-1.2393 tr=13 elapsed=5.7s wall_avg=12s eta=1min pass=11
[137/204] ok=True T2-COMP-15-2.5-25-75-ETH-2025-H1 sh=-0.6537 tr=22 elapsed=5.9s wall_avg=12s eta=1min pass=11
[138/204] ok=True T3-KELT-20-14-2.5-BTC-2024-H2 sh=0.5413 tr=22 elapsed=4.3s wall_avg=12s eta=1min pass=11
[139/204] ok=True T2-COMP-15-2.5-25-75-ETH-2025-H2 sh=-0.0425 tr=10 elapsed=6.0s wall_avg=12s eta=1min pass=11
[140/204] ok=True T3-KELT-20-14-2.5-BTC-2025-H1 sh=2.8554 tr=31 elapsed=4.4s wall_avg=12s eta=1min pass=12
[141/204] ok=True T3-KELT-20-14-2.5-BTC-2025-H2 sh=-0.3506 tr=33 elapsed=4.5s wall_avg=12s eta=1min pass=12
[142/204] ok=True T3-KELT-20-14-2.5-ETH-2024-H2 sh=-0.3787 tr=17 elapsed=4.6s wall_avg=12s eta=1min pass=12
[143/204] ok=True T3-KELT-20-14-2.5-ETH-2025-H1 sh=0.6022 tr=30 elapsed=4.4s wall_avg=12s eta=1min pass=12
[144/204] ok=True T3-KELT-20-14-2.5-ETH-2025-H2 sh=-0.1396 tr=27 elapsed=4.5s wall_avg=12s eta=1min pass=12
[145/204] ok=True T3-KELT-20-14-2.5-SOL-2024-H2 sh=-1.4043 tr=18 elapsed=4.5s wall_avg=12s eta=1min pass=12
[146/204] ok=True T3-KELT-20-14-2.5-SOL-2025-H1 sh=-0.7608 tr=26 elapsed=4.6s wall_avg=11s eta=1min pass=12
[147/204] ok=True T3-KELT-20-14-2.5-SOL-2025-H2 sh=-0.1765 tr=25 elapsed=4.5s wall_avg=11s eta=1min pass=12
[148/204] ok=True T3-KELT-20-14-3.0-BTC-2024-H2 sh=0.5612 tr=15 elapsed=4.5s wall_avg=11s eta=1min pass=12
[149/204] ok=True T3-KELT-20-14-3.0-BTC-2025-H1 sh=0.9212 tr=17 elapsed=4.6s wall_avg=11s eta=1min pass=12
[150/204] ok=True T3-KELT-20-14-3.0-BTC-2025-H2 sh=-2.0949 tr=18 elapsed=4.5s wall_avg=11s eta=1min pass=12
[151/204] ok=True T3-KELT-20-14-3.0-ETH-2024-H2 sh=-1.4377 tr=10 elapsed=4.5s wall_avg=11s eta=1min pass=12
[152/204] ok=True T3-KELT-20-14-3.0-ETH-2025-H1 sh=0.3889 tr=15 elapsed=4.7s wall_avg=11s eta=1min pass=12
[153/204] ok=True T3-KELT-20-14-3.0-ETH-2025-H2 sh=-0.8897 tr=18 elapsed=4.7s wall_avg=11s eta=1min pass=12
[154/204] ok=True T3-KELT-20-14-3.0-SOL-2024-H2 sh=-0.0793 tr=8 elapsed=4.7s wall_avg=11s eta=1min pass=12
[155/204] ok=True T3-KELT-20-14-3.0-SOL-2025-H1 sh=-1.5381 tr=15 elapsed=4.6s wall_avg=11s eta=1min pass=12
[156/204] ok=True T3-KELT-20-14-3.0-SOL-2025-H2 sh=-1.2868 tr=15 elapsed=4.5s wall_avg=11s eta=1min pass=12
[157/204] ok=True T3-KELT-30-14-2.5-BTC-2024-H2 sh=1.2849 tr=26 elapsed=4.5s wall_avg=11s eta=1min pass=12
[158/204] ok=True T3-KELT-30-14-2.5-BTC-2025-H1 sh=1.3885 tr=34 elapsed=4.5s wall_avg=11s eta=1min pass=12
[159/204] ok=True T3-KELT-30-14-2.5-BTC-2025-H2 sh=-0.1974 tr=35 elapsed=4.5s wall_avg=11s eta=1min pass=12
[160/204] ok=True T3-KELT-30-14-2.5-ETH-2024-H2 sh=-1.118 tr=21 elapsed=4.4s wall_avg=11s eta=1min pass=12
[161/204] ok=True T3-KELT-30-14-2.5-ETH-2025-H1 sh=0.5762 tr=27 elapsed=4.5s wall_avg=10s eta=1min pass=12
[162/204] ok=True T3-KELT-30-14-2.5-ETH-2025-H2 sh=0.4501 tr=32 elapsed=4.5s wall_avg=10s eta=1min pass=12
[163/204] ok=True T3-KELT-30-14-2.5-SOL-2024-H2 sh=-0.9056 tr=25 elapsed=4.4s wall_avg=10s eta=1min pass=12
[164/204] ok=True T3-KELT-30-14-2.5-SOL-2025-H1 sh=-1.1828 tr=26 elapsed=4.4s wall_avg=10s eta=1min pass=12
[165/204] ok=True T3-KELT-30-14-2.5-SOL-2025-H2 sh=0.7018 tr=30 elapsed=4.5s wall_avg=10s eta=1min pass=12
[166/204] ok=True T3-KELT-30-21-3.0-BTC-2024-H2 sh=0.3313 tr=18 elapsed=4.3s wall_avg=10s eta=1min pass=12
[167/204] ok=True T3-KELT-30-21-3.0-BTC-2025-H1 sh=1.8007 tr=28 elapsed=4.6s wall_avg=10s eta=1min pass=12
[168/204] ok=True T3-KELT-30-21-3.0-BTC-2025-H2 sh=-0.7189 tr=26 elapsed=4.5s wall_avg=10s eta=1min pass=12
[169/204] ok=True T3-KELT-30-21-3.0-ETH-2024-H2 sh=-0.3484 tr=16 elapsed=4.6s wall_avg=10s eta=1min pass=12
[170/204] ok=True T3-KELT-30-21-3.0-ETH-2025-H1 sh=0.2696 tr=19 elapsed=4.5s wall_avg=10s eta=1min pass=12
[171/204] ok=True T3-KELT-30-21-3.0-ETH-2025-H2 sh=-0.5094 tr=22 elapsed=4.2s wall_avg=10s eta=1min pass=12
[172/204] ok=True T3-KELT-30-21-3.0-SOL-2024-H2 sh=-0.8632 tr=15 elapsed=4.2s wall_avg=10s eta=1min pass=12
[173/204] ok=True T3-KELT-30-21-3.0-SOL-2025-H1 sh=-0.7461 tr=20 elapsed=4.4s wall_avg=10s eta=1min pass=12
[174/204] ok=True T3-ZS-20-2.5-BTC-2024-H2 sh=1.3658 tr=45 elapsed=2.9s wall_avg=10s eta=0min pass=12
[175/204] ok=True T3-KELT-30-21-3.0-SOL-2025-H2 sh=-0.1612 tr=21 elapsed=4.2s wall_avg=10s eta=0min pass=12
[176/204] ok=True T3-ZS-20-2.5-BTC-2025-H1 sh=0.817 tr=39 elapsed=3.1s wall_avg=10s eta=0min pass=12
[177/204] ok=True T3-ZS-20-2.5-BTC-2025-H2 sh=-1.4564 tr=40 elapsed=3.0s wall_avg=10s eta=0min pass=12
[178/204] ok=True T3-ZS-20-2.5-ETH-2024-H2 sh=0.2598 tr=41 elapsed=3.0s wall_avg=10s eta=0min pass=12
[179/204] ok=True T3-ZS-20-2.5-ETH-2025-H1 sh=-0.1128 tr=48 elapsed=3.1s wall_avg=10s eta=0min pass=12
[180/204] ok=True T3-ZS-20-2.5-ETH-2025-H2 sh=0.2155 tr=45 elapsed=3.2s wall_avg=9s eta=0min pass=12
[181/204] ok=True T3-ZS-20-2.5-SOL-2024-H2 sh=0.3173 tr=38 elapsed=3.0s wall_avg=9s eta=0min pass=12
[182/204] ok=True T3-ZS-20-2.5-SOL-2025-H1 sh=-1.9797 tr=40 elapsed=3.0s wall_avg=9s eta=0min pass=12
[183/204] ok=True T3-ZS-20-2.5-SOL-2025-H2 sh=-0.3868 tr=37 elapsed=3.0s wall_avg=9s eta=0min pass=12
[184/204] ok=True T3-ZS-20-3.0-BTC-2024-H2 sh=1.4872 tr=24 elapsed=2.9s wall_avg=9s eta=0min pass=12
[185/204] ok=True T3-ZS-20-3.0-BTC-2025-H1 sh=-0.2336 tr=22 elapsed=2.9s wall_avg=9s eta=0min pass=12
[186/204] ok=True T3-ZS-20-3.0-BTC-2025-H2 sh=-2.1293 tr=19 elapsed=2.8s wall_avg=9s eta=0min pass=12
[187/204] ok=True T3-ZS-20-3.0-ETH-2024-H2 sh=1.4881 tr=19 elapsed=2.9s wall_avg=9s eta=0min pass=12
[188/204] ok=True T3-ZS-20-3.0-ETH-2025-H1 sh=-0.771 tr=19 elapsed=3.0s wall_avg=9s eta=0min pass=12
[189/204] ok=True T3-ZS-20-3.0-ETH-2025-H2 sh=-1.7887 tr=17 elapsed=2.8s wall_avg=9s eta=0min pass=12
[190/204] ok=True T3-ZS-20-3.0-SOL-2024-H2 sh=-0.9158 tr=14 elapsed=2.9s wall_avg=9s eta=0min pass=12
[191/204] ok=True T3-ZS-20-3.0-SOL-2025-H1 sh=-1.3631 tr=14 elapsed=2.9s wall_avg=9s eta=0min pass=12
[192/204] ok=True T3-ZS-20-3.0-SOL-2025-H2 sh=-2.5275 tr=13 elapsed=2.9s wall_avg=9s eta=0min pass=12
[193/204] ok=True T3-ZS-30-2.5-BTC-2024-H2 sh=1.0787 tr=32 elapsed=2.8s wall_avg=9s eta=0min pass=12
[194/204] ok=True T3-ZS-30-2.5-BTC-2025-H1 sh=1.6635 tr=32 elapsed=2.8s wall_avg=9s eta=0min pass=13
[195/204] ok=True T3-ZS-30-2.5-BTC-2025-H2 sh=-2.0661 tr=29 elapsed=3.0s wall_avg=9s eta=0min pass=13
[196/204] ok=True T3-ZS-30-2.5-ETH-2024-H2 sh=-0.0552 tr=33 elapsed=2.8s wall_avg=9s eta=0min pass=13
[197/204] ok=True T3-ZS-30-2.5-ETH-2025-H1 sh=0.6528 tr=32 elapsed=2.6s wall_avg=9s eta=0min pass=13
[198/204] ok=True T3-ZS-30-2.5-ETH-2025-H2 sh=0.3054 tr=38 elapsed=2.6s wall_avg=9s eta=0min pass=13
[199/204] ok=True T1-ST-20-3.5-ETH-2024-H2 sh=-1.5317 tr=212 elapsed=454.4s wall_avg=10s eta=0min pass=13
[200/204] ok=True T1-ST-20-3.5-SOL-2025-H1 sh=-0.6544 tr=208 elapsed=452.4s wall_avg=10s eta=0min pass=13
[201/204] ok=True T1-ST-20-3.5-SOL-2024-H2 sh=-1.9025 tr=222 elapsed=453.3s wall_avg=10s eta=0min pass=13
[202/204] ok=True T1-ST-20-3.5-ETH-2025-H1 sh=2.7099 tr=190 elapsed=457.1s wall_avg=10s eta=0min pass=14
[203/204] ok=True T1-ST-20-3.5-ETH-2025-H2 sh=-1.0553 tr=211 elapsed=454.5s wall_avg=10s eta=0min pass=14
[204/204] ok=True T1-ST-20-3.5-SOL-2025-H2 sh=-0.1573 tr=212 elapsed=452.7s wall_avg=10s eta=0min pass=14
[auto] DONE wall=1966s pass=14/204
