C:\Users\leo-a\AppData\Local\Programs\Python\Python313\Lib\site-packages\numpy\lib\_function_base_impl.py:3045: RuntimeWarning: invalid value encountered in divide
  c /= stddev[:, None]
C:\Users\leo-a\AppData\Local\Programs\Python\Python313\Lib\site-packages\numpy\lib\_function_base_impl.py:3046: RuntimeWarning: invalid value encountered in divide
  c /= stddev[None, :]
C:\Users\leo-a\AppData\Local\Programs\Python\Python313\Lib\site-packages\numpy\lib\_function_base_impl.py:3045: RuntimeWarning: invalid value encountered in divide
  c /= stddev[:, None]
C:\Users\leo-a\AppData\Local\Programs\Python\Python313\Lib\site-packages\numpy\lib\_function_base_impl.py:3046: RuntimeWarning: invalid value encountered in divide
  c /= stddev[None, :]
C:\Users\leo-a\AppData\Local\Programs\Python\Python313\Lib\site-packages\numpy\lib\_function_base_impl.py:3045: RuntimeWarning: invalid value encountered in divide
  c /= stddev[:, None]
C:\Users\leo-a\AppData\Local\Programs\Python\Python313\Lib\site-packages\numpy\lib\_function_base_impl.py:3046: RuntimeWarning: invalid value encountered in divide
  c /= stddev[None, :]
C:\Users\leo-a\AppData\Local\Programs\Python\Python313\Lib\site-packages\numpy\lib\_function_base_impl.py:3045: RuntimeWarning: invalid value encountered in divide
  c /= stddev[:, None]
C:\Users\leo-a\AppData\Local\Programs\Python\Python313\Lib\site-packages\numpy\lib\_function_base_impl.py:3046: RuntimeWarning: invalid value encountered in divide
  c /= stddev[None, :]
C:\Users\leo-a\AppData\Local\Programs\Python\Python313\Lib\site-packages\numpy\lib\_function_base_impl.py:3045: RuntimeWarning: invalid value encountered in divide
  c /= stddev[:, None]
C:\Users\leo-a\AppData\Local\Programs\Python\Python313\Lib\site-packages\numpy\lib\_function_base_impl.py:3046: RuntimeWarning: invalid value encountered in divide
  c /= stddev[None, :]
C:\Users\leo-a\AppData\Local\Programs\Python\Python313\Lib\site-packages\numpy\lib\_function_base_impl.py:3045: RuntimeWarning: invalid value encountered in divide
  c /= stddev[:, None]
C:\Users\leo-a\AppData\Local\Programs\Python\Python313\Lib\site-packages\numpy\lib\_function_base_impl.py:3046: RuntimeWarning: invalid value encountered in divide
  c /= stddev[None, :]
C:\Users\leo-a\AppData\Local\Programs\Python\Python313\Lib\site-packages\numpy\lib\_function_base_impl.py:3045: RuntimeWarning: invalid value encountered in divide
  c /= stddev[:, None]
C:\Users\leo-a\AppData\Local\Programs\Python\Python313\Lib\site-packages\numpy\lib\_function_base_impl.py:3046: RuntimeWarning: invalid value encountered in divide
  c /= stddev[None, :]
C:\Users\leo-a\AppData\Local\Programs\Python\Python313\Lib\site-packages\numpy\lib\_function_base_impl.py:3045: RuntimeWarning: invalid value encountered in divide
  c /= stddev[:, None]
C:\Users\leo-a\AppData\Local\Programs\Python\Python313\Lib\site-packages\numpy\lib\_function_base_impl.py:3046: RuntimeWarning: invalid value encountered in divide
  c /= stddev[None, :]
C:\Users\leo-a\AppData\Local\Programs\Python\Python313\Lib\site-packages\numpy\lib\_function_base_impl.py:3045: RuntimeWarning: invalid value encountered in divide
  c /= stddev[:, None]
C:\Users\leo-a\AppData\Local\Programs\Python\Python313\Lib\site-packages\numpy\lib\_function_base_impl.py:3046: RuntimeWarning: invalid value encountered in divide
  c /= stddev[None, :]
C:\Users\leo-a\AppData\Local\Programs\Python\Python313\Lib\site-packages\numpy\lib\_function_base_impl.py:3045: RuntimeWarning: invalid value encountered in divide
  c /= stddev[:, None]
C:\Users\leo-a\AppData\Local\Programs\Python\Python313\Lib\site-packages\numpy\lib\_function_base_impl.py:3046: RuntimeWarning: invalid value encountered in divide
  c /= stddev[None, :]
C:\Users\leo-a\AppData\Local\Programs\Python\Python313\Lib\site-packages\numpy\lib\_function_base_impl.py:3045: RuntimeWarning: invalid value encountered in divide
  c /= stddev[:, None]
C:\Users\leo-a\AppData\Local\Programs\Python\Python313\Lib\site-packages\numpy\lib\_function_base_impl.py:3046: RuntimeWarning: invalid value encountered in divide
  c /= stddev[None, :]
C:\Users\leo-a\AppData\Local\Programs\Python\Python313\Lib\site-packages\numpy\lib\_function_base_impl.py:3045: RuntimeWarning: invalid value encountered in divide
  c /= stddev[:, None]
C:\Users\leo-a\AppData\Local\Programs\Python\Python313\Lib\site-packages\numpy\lib\_function_base_impl.py:3046: RuntimeWarning: invalid value encountered in divide
  c /= stddev[None, :]
C:\Users\leo-a\AppData\Local\Programs\Python\Python313\Lib\site-packages\numpy\lib\_function_base_impl.py:3045: RuntimeWarning: invalid value encountered in divide
  c /= stddev[:, None]
C:\Users\leo-a\AppData\Local\Programs\Python\Python313\Lib\site-packages\numpy\lib\_function_base_impl.py:3046: RuntimeWarning: invalid value encountered in divide
  c /= stddev[None, :]
C:\Users\leo-a\AppData\Local\Programs\Python\Python313\Lib\site-packages\numpy\lib\_function_base_impl.py:3045: RuntimeWarning: invalid value encountered in divide
  c /= stddev[:, None]
C:\Users\leo-a\AppData\Local\Programs\Python\Python313\Lib\site-packages\numpy\lib\_function_base_impl.py:3046: RuntimeWarning: invalid value encountered in divide
  c /= stddev[None, :]
C:\Users\leo-a\AppData\Local\Programs\Python\Python313\Lib\site-packages\numpy\lib\_function_base_impl.py:3045: RuntimeWarning: invalid value encountered in divide
  c /= stddev[:, None]
C:\Users\leo-a\AppData\Local\Programs\Python\Python313\Lib\site-packages\numpy\lib\_function_base_impl.py:3046: RuntimeWarning: invalid value encountered in divide
  c /= stddev[None, :]
C:\Users\leo-a\AppData\Local\Programs\Python\Python313\Lib\site-packages\numpy\lib\_function_base_impl.py:3045: RuntimeWarning: invalid value encountered in divide
  c /= stddev[:, None]
C:\Users\leo-a\AppData\Local\Programs\Python\Python313\Lib\site-packages\numpy\lib\_function_base_impl.py:3046: RuntimeWarning: invalid value encountered in divide
  c /= stddev[None, :]
C:\Users\leo-a\AppData\Local\Programs\Python\Python313\Lib\site-packages\numpy\lib\_function_base_impl.py:3045: RuntimeWarning: invalid value encountered in divide
  c /= stddev[:, None]
C:\Users\leo-a\AppData\Local\Programs\Python\Python313\Lib\site-packages\numpy\lib\_function_base_impl.py:3046: RuntimeWarning: invalid value encountered in divide
  c /= stddev[None, :]
C:\Users\leo-a\AppData\Local\Programs\Python\Python313\Lib\site-packages\numpy\lib\_function_base_impl.py:3045: RuntimeWarning: invalid value encountered in divide
  c /= stddev[:, None]
C:\Users\leo-a\AppData\Local\Programs\Python\Python313\Lib\site-packages\numpy\lib\_function_base_impl.py:3046: RuntimeWarning: invalid value encountered in divide
  c /= stddev[None, :]
C:\Users\leo-a\AppData\Local\Programs\Python\Python313\Lib\site-packages\numpy\lib\_function_base_impl.py:3045: RuntimeWarning: invalid value encountered in divide
  c /= stddev[:, None]
C:\Users\leo-a\AppData\Local\Programs\Python\Python313\Lib\site-packages\numpy\lib\_function_base_impl.py:3046: RuntimeWarning: invalid value encountered in divide
  c /= stddev[None, :]
C:\Users\leo-a\AppData\Local\Programs\Python\Python313\Lib\site-packages\numpy\lib\_function_base_impl.py:3045: RuntimeWarning: invalid value encountered in divide
  c /= stddev[:, None]
C:\Users\leo-a\AppData\Local\Programs\Python\Python313\Lib\site-packages\numpy\lib\_function_base_impl.py:3046: RuntimeWarning: invalid value encountered in divide
  c /= stddev[None, :]
C:\Users\leo-a\AppData\Local\Programs\Python\Python313\Lib\site-packages\numpy\lib\_function_base_impl.py:3045: RuntimeWarning: invalid value encountered in divide
  c /= stddev[:, None]
C:\Users\leo-a\AppData\Local\Programs\Python\Python313\Lib\site-packages\numpy\lib\_function_base_impl.py:3046: RuntimeWarning: invalid value encountered in divide
  c /= stddev[None, :]
C:\Users\leo-a\AppData\Local\Programs\Python\Python313\Lib\site-packages\numpy\lib\_function_base_impl.py:3045: RuntimeWarning: invalid value encountered in divide
  c /= stddev[:, None]
C:\Users\leo-a\AppData\Local\Programs\Python\Python313\Lib\site-packages\numpy\lib\_function_base_impl.py:3046: RuntimeWarning: invalid value encountered in divide
  c /= stddev[None, :]
C:\Users\leo-a\AppData\Local\Programs\Python\Python313\Lib\site-packages\numpy\lib\_function_base_impl.py:3045: RuntimeWarning: invalid value encountered in divide
  c /= stddev[:, None]
C:\Users\leo-a\AppData\Local\Programs\Python\Python313\Lib\site-packages\numpy\lib\_function_base_impl.py:3046: RuntimeWarning: invalid value encountered in divide
  c /= stddev[None, :]
C:\Users\leo-a\AppData\Local\Programs\Python\Python313\Lib\site-packages\numpy\lib\_function_base_impl.py:3045: RuntimeWarning: invalid value encountered in divide
  c /= stddev[:, None]
C:\Users\leo-a\AppData\Local\Programs\Python\Python313\Lib\site-packages\numpy\lib\_function_base_impl.py:3046: RuntimeWarning: invalid value encountered in divide
  c /= stddev[None, :]
C:\Users\leo-a\AppData\Local\Programs\Python\Python313\Lib\site-packages\numpy\lib\_function_base_impl.py:3045: RuntimeWarning: invalid value encountered in divide
  c /= stddev[:, None]
C:\Users\leo-a\AppData\Local\Programs\Python\Python313\Lib\site-packages\numpy\lib\_function_base_impl.py:3046: RuntimeWarning: invalid value encountered in divide
  c /= stddev[None, :]
C:\Users\leo-a\AppData\Local\Programs\Python\Python313\Lib\site-packages\numpy\lib\_function_base_impl.py:3045: RuntimeWarning: invalid value encountered in divide
  c /= stddev[:, None]
C:\Users\leo-a\AppData\Local\Programs\Python\Python313\Lib\site-packages\numpy\lib\_function_base_impl.py:3046: RuntimeWarning: invalid value encountered in divide
  c /= stddev[None, :]
C:\Users\leo-a\AppData\Local\Programs\Python\Python313\Lib\site-packages\numpy\lib\_function_base_impl.py:3045: RuntimeWarning: invalid value encountered in divide
  c /= stddev[:, None]
C:\Users\leo-a\AppData\Local\Programs\Python\Python313\Lib\site-packages\numpy\lib\_function_base_impl.py:3046: RuntimeWarning: invalid value encountered in divide
  c /= stddev[None, :]
C:\Users\leo-a\AppData\Local\Programs\Python\Python313\Lib\site-packages\numpy\lib\_function_base_impl.py:3045: RuntimeWarning: invalid value encountered in divide
  c /= stddev[:, None]
C:\Users\leo-a\AppData\Local\Programs\Python\Python313\Lib\site-packages\numpy\lib\_function_base_impl.py:3046: RuntimeWarning: invalid value encountered in divide
  c /= stddev[None, :]
C:\Users\leo-a\AppData\Local\Programs\Python\Python313\Lib\site-packages\numpy\lib\_function_base_impl.py:3045: RuntimeWarning: invalid value encountered in divide
  c /= stddev[:, None]
C:\Users\leo-a\AppData\Local\Programs\Python\Python313\Lib\site-packages\numpy\lib\_function_base_impl.py:3046: RuntimeWarning: invalid value encountered in divide
  c /= stddev[None, :]
C:\Users\leo-a\AppData\Local\Programs\Python\Python313\Lib\site-packages\numpy\lib\_function_base_impl.py:3045: RuntimeWarning: invalid value encountered in divide
  c /= stddev[:, None]
C:\Users\leo-a\AppData\Local\Programs\Python\Python313\Lib\site-packages\numpy\lib\_function_base_impl.py:3046: RuntimeWarning: invalid value encountered in divide
  c /= stddev[None, :]
C:\Users\leo-a\AppData\Local\Programs\Python\Python313\Lib\site-packages\numpy\lib\_function_base_impl.py:3045: RuntimeWarning: invalid value encountered in divide
  c /= stddev[:, None]
C:\Users\leo-a\AppData\Local\Programs\Python\Python313\Lib\site-packages\numpy\lib\_function_base_impl.py:3046: RuntimeWarning: invalid value encountered in divide
  c /= stddev[None, :]
C:\Users\leo-a\AppData\Local\Programs\Python\Python313\Lib\site-packages\numpy\lib\_function_base_impl.py:3045: RuntimeWarning: invalid value encountered in divide
  c /= stddev[:, None]
C:\Users\leo-a\AppData\Local\Programs\Python\Python313\Lib\site-packages\numpy\lib\_function_base_impl.py:3046: RuntimeWarning: invalid value encountered in divide
  c /= stddev[None, :]
C:\Users\leo-a\AppData\Local\Programs\Python\Python313\Lib\site-packages\numpy\lib\_function_base_impl.py:3045: RuntimeWarning: invalid value encountered in divide
  c /= stddev[:, None]
C:\Users\leo-a\AppData\Local\Programs\Python\Python313\Lib\site-packages\numpy\lib\_function_base_impl.py:3046: RuntimeWarning: invalid value encountered in divide
  c /= stddev[None, :]
C:\Users\leo-a\AppData\Local\Programs\Python\Python313\Lib\site-packages\numpy\lib\_function_base_impl.py:3045: RuntimeWarning: invalid value encountered in divide
  c /= stddev[:, None]
C:\Users\leo-a\AppData\Local\Programs\Python\Python313\Lib\site-packages\numpy\lib\_function_base_impl.py:3046: RuntimeWarning: invalid value encountered in divide
  c /= stddev[None, :]
C:\Users\leo-a\AppData\Local\Programs\Python\Python313\Lib\site-packages\numpy\lib\_function_base_impl.py:3045: RuntimeWarning: invalid value encountered in divide
  c /= stddev[:, None]
C:\Users\leo-a\AppData\Local\Programs\Python\Python313\Lib\site-packages\numpy\lib\_function_base_impl.py:3046: RuntimeWarning: invalid value encountered in divide
  c /= stddev[None, :]
C:\Users\leo-a\AppData\Local\Programs\Python\Python313\Lib\site-packages\numpy\lib\_function_base_impl.py:3045: RuntimeWarning: invalid value encountered in divide
  c /= stddev[:, None]
C:\Users\leo-a\AppData\Local\Programs\Python\Python313\Lib\site-packages\numpy\lib\_function_base_impl.py:3046: RuntimeWarning: invalid value encountered in divide
  c /= stddev[None, :]
C:\Users\leo-a\AppData\Local\Programs\Python\Python313\Lib\site-packages\numpy\lib\_function_base_impl.py:3045: RuntimeWarning: invalid value encountered in divide
  c /= stddev[:, None]
C:\Users\leo-a\AppData\Local\Programs\Python\Python313\Lib\site-packages\numpy\lib\_function_base_impl.py:3046: RuntimeWarning: invalid value encountered in divide
  c /= stddev[None, :]
C:\Users\leo-a\AppData\Local\Programs\Python\Python313\Lib\site-packages\numpy\lib\_function_base_impl.py:3045: RuntimeWarning: invalid value encountered in divide
  c /= stddev[:, None]
C:\Users\leo-a\AppData\Local\Programs\Python\Python313\Lib\site-packages\numpy\lib\_function_base_impl.py:3046: RuntimeWarning: invalid value encountered in divide
  c /= stddev[None, :]
C:\Users\leo-a\AppData\Local\Programs\Python\Python313\Lib\site-packages\numpy\lib\_function_base_impl.py:3045: RuntimeWarning: invalid value encountered in divide
  c /= stddev[:, None]
C:\Users\leo-a\AppData\Local\Programs\Python\Python313\Lib\site-packages\numpy\lib\_function_base_impl.py:3046: RuntimeWarning: invalid value encountered in divide
  c /= stddev[None, :]

======================================================================
TF10I.1 | btcusdt_10m_20240705_20241231_binance_spot_resampled | MAcx 20/50 long 10m
======================================================================
dataset          : btcusdt_10m_20240705_20241231_binance_spot_resampled
strategy         : ma_crossover short=20 long=50 long_only=True
run_id           : tf10i-macx-20-50-btc-2024h2-long-10m
regime_filter    : none
out_dir          : C:\Users\leo-a\OneDrive\Įrea de Trabalho\Testador de Estrategias\teste\results\validation\tf10i-macx-20-50-btc-2024h2-long-10m
run_metadata     : alpha_forge=0.0.0, ts=2026-04-21T18:49:00.867801+00:00 -> C:\Users\leo-a\OneDrive\Įrea de Trabalho\Testador de Estrategias\teste\results\validation\tf10i-macx-20-50-btc-2024h2-long-10m\run.json
walk_forward     : 4 fold(s), 232 trade(s) -> C:\Users\leo-a\OneDrive\Įrea de Trabalho\Testador de Estrategias\teste\results\validation\tf10i-macx-20-50-btc-2024h2-long-10m\walk_forward.json
monte_carlo      : 1000 resamples, seed=42, median_final=9895.27 -> C:\Users\leo-a\OneDrive\Įrea de Trabalho\Testador de Estrategias\teste\results\validation\tf10i-macx-20-50-btc-2024h2-long-10m\monte_carlo.json
cost_stress      : baseline + 2 cenario(s) -> C:\Users\leo-a\OneDrive\Įrea de Trabalho\Testador de Estrategias\teste\results\validation\tf10i-macx-20-50-btc-2024h2-long-10m\cost_stress.json

======================================================================
TF10I.2 | ethusdt_10m_20240705_20241231_binance_spot_resampled | MAcx 20/50 long 10m
======================================================================
dataset          : ethusdt_10m_20240705_20241231_binance_spot_resampled
strategy         : ma_crossover short=20 long=50 long_only=True
run_id           : tf10i-macx-20-50-eth-2024h2-long-10m
regime_filter    : none
out_dir          : C:\Users\leo-a\OneDrive\Įrea de Trabalho\Testador de Estrategias\teste\results\validation\tf10i-macx-20-50-eth-2024h2-long-10m
run_metadata     : alpha_forge=0.0.0, ts=2026-04-21T18:49:37.357997+00:00 -> C:\Users\leo-a\OneDrive\Įrea de Trabalho\Testador de Estrategias\teste\results\validation\tf10i-macx-20-50-eth-2024h2-long-10m\run.json
walk_forward     : 4 fold(s), 228 trade(s) -> C:\Users\leo-a\OneDrive\Įrea de Trabalho\Testador de Estrategias\teste\results\validation\tf10i-macx-20-50-eth-2024h2-long-10m\walk_forward.json
monte_carlo      : 1000 resamples, seed=42, median_final=9644.49 -> C:\Users\leo-a\OneDrive\Įrea de Trabalho\Testador de Estrategias\teste\results\validation\tf10i-macx-20-50-eth-2024h2-long-10m\monte_carlo.json
cost_stress      : baseline + 2 cenario(s) -> C:\Users\leo-a\OneDrive\Įrea de Trabalho\Testador de Estrategias\teste\results\validation\tf10i-macx-20-50-eth-2024h2-long-10m\cost_stress.json

======================================================================
TF10I.3 | solusdt_10m_20240705_20241231_binance_spot_resampled | MAcx 20/50 long 10m
======================================================================
dataset          : solusdt_10m_20240705_20241231_binance_spot_resampled
strategy         : ma_crossover short=20 long=50 long_only=True
run_id           : tf10i-macx-20-50-sol-2024h2-long-10m
regime_filter    : none
out_dir          : C:\Users\leo-a\OneDrive\Įrea de Trabalho\Testador de Estrategias\teste\results\validation\tf10i-macx-20-50-sol-2024h2-long-10m
run_metadata     : alpha_forge=0.0.0, ts=2026-04-21T18:50:13.575061+00:00 -> C:\Users\leo-a\OneDrive\Įrea de Trabalho\Testador de Estrategias\teste\results\validation\tf10i-macx-20-50-sol-2024h2-long-10m\run.json
walk_forward     : 4 fold(s), 243 trade(s) -> C:\Users\leo-a\OneDrive\Įrea de Trabalho\Testador de Estrategias\teste\results\validation\tf10i-macx-20-50-sol-2024h2-long-10m\walk_forward.json
monte_carlo      : 1000 resamples, seed=42, median_final=9108.85 -> C:\Users\leo-a\OneDrive\Įrea de Trabalho\Testador de Estrategias\teste\results\validation\tf10i-macx-20-50-sol-2024h2-long-10m\monte_carlo.json
cost_stress      : baseline + 2 cenario(s) -> C:\Users\leo-a\OneDrive\Įrea de Trabalho\Testador de Estrategias\teste\results\validation\tf10i-macx-20-50-sol-2024h2-long-10m\cost_stress.json

======================================================================
TF10I.4 | btcusdt_10m_20250105_20250704_binance_spot_resampled | MAcx 20/50 long 10m
======================================================================
dataset          : btcusdt_10m_20250105_20250704_binance_spot_resampled
strategy         : ma_crossover short=20 long=50 long_only=True
run_id           : tf10i-macx-20-50-btc-2025h1-long-10m
regime_filter    : none
out_dir          : C:\Users\leo-a\OneDrive\Įrea de Trabalho\Testador de Estrategias\teste\results\validation\tf10i-macx-20-50-btc-2025h1-long-10m
run_metadata     : alpha_forge=0.0.0, ts=2026-04-21T18:50:53.564445+00:00 -> C:\Users\leo-a\OneDrive\Įrea de Trabalho\Testador de Estrategias\teste\results\validation\tf10i-macx-20-50-btc-2025h1-long-10m\run.json
walk_forward     : 4 fold(s), 249 trade(s) -> C:\Users\leo-a\OneDrive\Įrea de Trabalho\Testador de Estrategias\teste\results\validation\tf10i-macx-20-50-btc-2025h1-long-10m\walk_forward.json
monte_carlo      : 1000 resamples, seed=42, median_final=9592.51 -> C:\Users\leo-a\OneDrive\Įrea de Trabalho\Testador de Estrategias\teste\results\validation\tf10i-macx-20-50-btc-2025h1-long-10m\monte_carlo.json
cost_stress      : baseline + 2 cenario(s) -> C:\Users\leo-a\OneDrive\Įrea de Trabalho\Testador de Estrategias\teste\results\validation\tf10i-macx-20-50-btc-2025h1-long-10m\cost_stress.json

======================================================================
TF10I.5 | ethusdt_10m_20250105_20250704_binance_spot_resampled | MAcx 20/50 long 10m
======================================================================
dataset          : ethusdt_10m_20250105_20250704_binance_spot_resampled
strategy         : ma_crossover short=20 long=50 long_only=True
run_id           : tf10i-macx-20-50-eth-2025h1-long-10m
regime_filter    : none
out_dir          : C:\Users\leo-a\OneDrive\Įrea de Trabalho\Testador de Estrategias\teste\results\validation\tf10i-macx-20-50-eth-2025h1-long-10m
run_metadata     : alpha_forge=0.0.0, ts=2026-04-21T18:51:32.177075+00:00 -> C:\Users\leo-a\OneDrive\Įrea de Trabalho\Testador de Estrategias\teste\results\validation\tf10i-macx-20-50-eth-2025h1-long-10m\run.json
walk_forward     : 4 fold(s), 228 trade(s) -> C:\Users\leo-a\OneDrive\Įrea de Trabalho\Testador de Estrategias\teste\results\validation\tf10i-macx-20-50-eth-2025h1-long-10m\walk_forward.json
monte_carlo      : 1000 resamples, seed=42, median_final=10725.06 -> C:\Users\leo-a\OneDrive\Įrea de Trabalho\Testador de Estrategias\teste\results\validation\tf10i-macx-20-50-eth-2025h1-long-10m\monte_carlo.json
cost_stress      : baseline + 2 cenario(s) -> C:\Users\leo-a\OneDrive\Įrea de Trabalho\Testador de Estrategias\teste\results\validation\tf10i-macx-20-50-eth-2025h1-long-10m\cost_stress.json

======================================================================
TF10I.6 | solusdt_10m_20250105_20250704_binance_spot_resampled | MAcx 20/50 long 10m
======================================================================
dataset          : solusdt_10m_20250105_20250704_binance_spot_resampled
strategy         : ma_crossover short=20 long=50 long_only=True
run_id           : tf10i-macx-20-50-sol-2025h1-long-10m
regime_filter    : none
out_dir          : C:\Users\leo-a\OneDrive\Įrea de Trabalho\Testador de Estrategias\teste\results\validation\tf10i-macx-20-50-sol-2025h1-long-10m
run_metadata     : alpha_forge=0.0.0, ts=2026-04-21T18:52:10.485887+00:00 -> C:\Users\leo-a\OneDrive\Įrea de Trabalho\Testador de Estrategias\teste\results\validation\tf10i-macx-20-50-sol-2025h1-long-10m\run.json
walk_forward     : 4 fold(s), 222 trade(s) -> C:\Users\leo-a\OneDrive\Įrea de Trabalho\Testador de Estrategias\teste\results\validation\tf10i-macx-20-50-sol-2025h1-long-10m\walk_forward.json
monte_carlo      : 1000 resamples, seed=42, median_final=10177.05 -> C:\Users\leo-a\OneDrive\Įrea de Trabalho\Testador de Estrategias\teste\results\validation\tf10i-macx-20-50-sol-2025h1-long-10m\monte_carlo.jsonC:\Users\leo-a\AppData\Local\Programs\Python\Python313\Lib\site-packages\numpy\lib\_function_base_impl.py:3045: RuntimeWarning: invalid value encountered in divide
  c /= stddev[:, None]
C:\Users\leo-a\AppData\Local\Programs\Python\Python313\Lib\site-packages\numpy\lib\_function_base_impl.py:3046: RuntimeWarning: invalid value encountered in divide
  c /= stddev[None, :]
C:\Users\leo-a\AppData\Local\Programs\Python\Python313\Lib\site-packages\numpy\lib\_function_base_impl.py:3045: RuntimeWarning: invalid value encountered in divide
  c /= stddev[:, None]
C:\Users\leo-a\AppData\Local\Programs\Python\Python313\Lib\site-packages\numpy\lib\_function_base_impl.py:3046: RuntimeWarning: invalid value encountered in divide
  c /= stddev[None, :]
C:\Users\leo-a\AppData\Local\Programs\Python\Python313\Lib\site-packages\numpy\lib\_function_base_impl.py:3045: RuntimeWarning: invalid value encountered in divide
  c /= stddev[:, None]
C:\Users\leo-a\AppData\Local\Programs\Python\Python313\Lib\site-packages\numpy\lib\_function_base_impl.py:3046: RuntimeWarning: invalid value encountered in divide
  c /= stddev[None, :]
C:\Users\leo-a\AppData\Local\Programs\Python\Python313\Lib\site-packages\numpy\lib\_function_base_impl.py:3045: RuntimeWarning: invalid value encountered in divide
  c /= stddev[:, None]
C:\Users\leo-a\AppData\Local\Programs\Python\Python313\Lib\site-packages\numpy\lib\_function_base_impl.py:3046: RuntimeWarning: invalid value encountered in divide
  c /= stddev[None, :]
C:\Users\leo-a\AppData\Local\Programs\Python\Python313\Lib\site-packages\numpy\lib\_function_base_impl.py:3045: RuntimeWarning: invalid value encountered in divide
  c /= stddev[:, None]
C:\Users\leo-a\AppData\Local\Programs\Python\Python313\Lib\site-packages\numpy\lib\_function_base_impl.py:3046: RuntimeWarning: invalid value encountered in divide
  c /= stddev[None, :]
C:\Users\leo-a\AppData\Local\Programs\Python\Python313\Lib\site-packages\numpy\lib\_function_base_impl.py:3045: RuntimeWarning: invalid value encountered in divide
  c /= stddev[:, None]
C:\Users\leo-a\AppData\Local\Programs\Python\Python313\Lib\site-packages\numpy\lib\_function_base_impl.py:3046: RuntimeWarning: invalid value encountered in divide
  c /= stddev[None, :]
C:\Users\leo-a\AppData\Local\Programs\Python\Python313\Lib\site-packages\numpy\lib\_function_base_impl.py:3045: RuntimeWarning: invalid value encountered in divide
  c /= stddev[:, None]
C:\Users\leo-a\AppData\Local\Programs\Python\Python313\Lib\site-packages\numpy\lib\_function_base_impl.py:3046: RuntimeWarning: invalid value encountered in divide
  c /= stddev[None, :]
C:\Users\leo-a\AppData\Local\Programs\Python\Python313\Lib\site-packages\numpy\lib\_function_base_impl.py:3045: RuntimeWarning: invalid value encountered in divide
  c /= stddev[:, None]
C:\Users\leo-a\AppData\Local\Programs\Python\Python313\Lib\site-packages\numpy\lib\_function_base_impl.py:3046: RuntimeWarning: invalid value encountered in divide
  c /= stddev[None, :]
C:\Users\leo-a\AppData\Local\Programs\Python\Python313\Lib\site-packages\numpy\lib\_function_base_impl.py:3045: RuntimeWarning: invalid value encountered in divide
  c /= stddev[:, None]
C:\Users\leo-a\AppData\Local\Programs\Python\Python313\Lib\site-packages\numpy\lib\_function_base_impl.py:3046: RuntimeWarning: invalid value encountered in divide
  c /= stddev[None, :]
C:\Users\leo-a\AppData\Local\Programs\Python\Python313\Lib\site-packages\numpy\lib\_function_base_impl.py:3045: RuntimeWarning: invalid value encountered in divide
  c /= stddev[:, None]
C:\Users\leo-a\AppData\Local\Programs\Python\Python313\Lib\site-packages\numpy\lib\_function_base_impl.py:3046: RuntimeWarning: invalid value encountered in divide
  c /= stddev[None, :]
C:\Users\leo-a\AppData\Local\Programs\Python\Python313\Lib\site-packages\numpy\lib\_function_base_impl.py:3045: RuntimeWarning: invalid value encountered in divide
  c /= stddev[:, None]
C:\Users\leo-a\AppData\Local\Programs\Python\Python313\Lib\site-packages\numpy\lib\_function_base_impl.py:3046: RuntimeWarning: invalid value encountered in divide
  c /= stddev[None, :]
C:\Users\leo-a\AppData\Local\Programs\Python\Python313\Lib\site-packages\numpy\lib\_function_base_impl.py:3045: RuntimeWarning: invalid value encountered in divide
  c /= stddev[:, None]
C:\Users\leo-a\AppData\Local\Programs\Python\Python313\Lib\site-packages\numpy\lib\_function_base_impl.py:3046: RuntimeWarning: invalid value encountered in divide
  c /= stddev[None, :]
C:\Users\leo-a\AppData\Local\Programs\Python\Python313\Lib\site-packages\numpy\lib\_function_base_impl.py:3045: RuntimeWarning: invalid value encountered in divide
  c /= stddev[:, None]
C:\Users\leo-a\AppData\Local\Programs\Python\Python313\Lib\site-packages\numpy\lib\_function_base_impl.py:3046: RuntimeWarning: invalid value encountered in divide
  c /= stddev[None, :]
C:\Users\leo-a\AppData\Local\Programs\Python\Python313\Lib\site-packages\numpy\lib\_function_base_impl.py:3045: RuntimeWarning: invalid value encountered in divide
  c /= stddev[:, None]
C:\Users\leo-a\AppData\Local\Programs\Python\Python313\Lib\site-packages\numpy\lib\_function_base_impl.py:3046: RuntimeWarning: invalid value encountered in divide
  c /= stddev[None, :]
C:\Users\leo-a\AppData\Local\Programs\Python\Python313\Lib\site-packages\numpy\lib\_function_base_impl.py:3045: RuntimeWarning: invalid value encountered in divide
  c /= stddev[:, None]
C:\Users\leo-a\AppData\Local\Programs\Python\Python313\Lib\site-packages\numpy\lib\_function_base_impl.py:3046: RuntimeWarning: invalid value encountered in divide
  c /= stddev[None, :]
C:\Users\leo-a\AppData\Local\Programs\Python\Python313\Lib\site-packages\numpy\lib\_function_base_impl.py:3045: RuntimeWarning: invalid value encountered in divide
  c /= stddev[:, None]
C:\Users\leo-a\AppData\Local\Programs\Python\Python313\Lib\site-packages\numpy\lib\_function_base_impl.py:3046: RuntimeWarning: invalid value encountered in divide
  c /= stddev[None, :]
C:\Users\leo-a\AppData\Local\Programs\Python\Python313\Lib\site-packages\numpy\lib\_function_base_impl.py:3045: RuntimeWarning: invalid value encountered in divide
  c /= stddev[:, None]
C:\Users\leo-a\AppData\Local\Programs\Python\Python313\Lib\site-packages\numpy\lib\_function_base_impl.py:3046: RuntimeWarning: invalid value encountered in divide
  c /= stddev[None, :]
C:\Users\leo-a\AppData\Local\Programs\Python\Python313\Lib\site-packages\numpy\lib\_function_base_impl.py:3045: RuntimeWarning: invalid value encountered in divide
  c /= stddev[:, None]
C:\Users\leo-a\AppData\Local\Programs\Python\Python313\Lib\site-packages\numpy\lib\_function_base_impl.py:3046: RuntimeWarning: invalid value encountered in divide
  c /= stddev[None, :]
C:\Users\leo-a\AppData\Local\Programs\Python\Python313\Lib\site-packages\numpy\lib\_function_base_impl.py:3045: RuntimeWarning: invalid value encountered in divide
  c /= stddev[:, None]
C:\Users\leo-a\AppData\Local\Programs\Python\Python313\Lib\site-packages\numpy\lib\_function_base_impl.py:3046: RuntimeWarning: invalid value encountered in divide
  c /= stddev[None, :]
C:\Users\leo-a\AppData\Local\Programs\Python\Python313\Lib\site-packages\numpy\lib\_function_base_impl.py:3045: RuntimeWarning: invalid value encountered in divide
  c /= stddev[:, None]
C:\Users\leo-a\AppData\Local\Programs\Python\Python313\Lib\site-packages\numpy\lib\_function_base_impl.py:3046: RuntimeWarning: invalid value encountered in divide
  c /= stddev[None, :]
C:\Users\leo-a\AppData\Local\Programs\Python\Python313\Lib\site-packages\numpy\lib\_function_base_impl.py:3045: RuntimeWarning: invalid value encountered in divide
  c /= stddev[:, None]
C:\Users\leo-a\AppData\Local\Programs\Python\Python313\Lib\site-packages\numpy\lib\_function_base_impl.py:3046: RuntimeWarning: invalid value encountered in divide
  c /= stddev[None, :]
C:\Users\leo-a\AppData\Local\Programs\Python\Python313\Lib\site-packages\numpy\lib\_function_base_impl.py:3045: RuntimeWarning: invalid value encountered in divide
  c /= stddev[:, None]
C:\Users\leo-a\AppData\Local\Programs\Python\Python313\Lib\site-packages\numpy\lib\_function_base_impl.py:3046: RuntimeWarning: invalid value encountered in divide
  c /= stddev[None, :]
C:\Users\leo-a\AppData\Local\Programs\Python\Python313\Lib\site-packages\numpy\lib\_function_base_impl.py:3045: RuntimeWarning: invalid value encountered in divide
  c /= stddev[:, None]
C:\Users\leo-a\AppData\Local\Programs\Python\Python313\Lib\site-packages\numpy\lib\_function_base_impl.py:3046: RuntimeWarning: invalid value encountered in divide
  c /= stddev[None, :]
C:\Users\leo-a\AppData\Local\Programs\Python\Python313\Lib\site-packages\numpy\lib\_function_base_impl.py:3045: RuntimeWarning: invalid value encountered in divide
  c /= stddev[:, None]
C:\Users\leo-a\AppData\Local\Programs\Python\Python313\Lib\site-packages\numpy\lib\_function_base_impl.py:3046: RuntimeWarning: invalid value encountered in divide
  c /= stddev[None, :]
C:\Users\leo-a\AppData\Local\Programs\Python\Python313\Lib\site-packages\numpy\lib\_function_base_impl.py:3045: RuntimeWarning: invalid value encountered in divide
  c /= stddev[:, None]
C:\Users\leo-a\AppData\Local\Programs\Python\Python313\Lib\site-packages\numpy\lib\_function_base_impl.py:3046: RuntimeWarning: invalid value encountered in divide
  c /= stddev[None, :]
C:\Users\leo-a\AppData\Local\Programs\Python\Python313\Lib\site-packages\numpy\lib\_function_base_impl.py:3045: RuntimeWarning: invalid value encountered in divide
  c /= stddev[:, None]
C:\Users\leo-a\AppData\Local\Programs\Python\Python313\Lib\site-packages\numpy\lib\_function_base_impl.py:3046: RuntimeWarning: invalid value encountered in divide
  c /= stddev[None, :]
C:\Users\leo-a\AppData\Local\Programs\Python\Python313\Lib\site-packages\numpy\lib\_function_base_impl.py:3045: RuntimeWarning: invalid value encountered in divide
  c /= stddev[:, None]
C:\Users\leo-a\AppData\Local\Programs\Python\Python313\Lib\site-packages\numpy\lib\_function_base_impl.py:3046: RuntimeWarning: invalid value encountered in divide
  c /= stddev[None, :]
C:\Users\leo-a\AppData\Local\Programs\Python\Python313\Lib\site-packages\numpy\lib\_function_base_impl.py:3045: RuntimeWarning: invalid value encountered in divide
  c /= stddev[:, None]
C:\Users\leo-a\AppData\Local\Programs\Python\Python313\Lib\site-packages\numpy\lib\_function_base_impl.py:3046: RuntimeWarning: invalid value encountered in divide
  c /= stddev[None, :]
C:\Users\leo-a\AppData\Local\Programs\Python\Python313\Lib\site-packages\numpy\lib\_function_base_impl.py:3045: RuntimeWarning: invalid value encountered in divide
  c /= stddev[:, None]
C:\Users\leo-a\AppData\Local\Programs\Python\Python313\Lib\site-packages\numpy\lib\_function_base_impl.py:3046: RuntimeWarning: invalid value encountered in divide
  c /= stddev[None, :]
C:\Users\leo-a\AppData\Local\Programs\Python\Python313\Lib\site-packages\numpy\lib\_function_base_impl.py:3045: RuntimeWarning: invalid value encountered in divide
  c /= stddev[:, None]
C:\Users\leo-a\AppData\Local\Programs\Python\Python313\Lib\site-packages\numpy\lib\_function_base_impl.py:3046: RuntimeWarning: invalid value encountered in divide
  c /= stddev[None, :]
C:\Users\leo-a\AppData\Local\Programs\Python\Python313\Lib\site-packages\numpy\lib\_function_base_impl.py:3045: RuntimeWarning: invalid value encountered in divide
  c /= stddev[:, None]
C:\Users\leo-a\AppData\Local\Programs\Python\Python313\Lib\site-packages\numpy\lib\_function_base_impl.py:3046: RuntimeWarning: invalid value encountered in divide
  c /= stddev[None, :]
C:\Users\leo-a\AppData\Local\Programs\Python\Python313\Lib\site-packages\numpy\lib\_function_base_impl.py:3045: RuntimeWarning: invalid value encountered in divide
  c /= stddev[:, None]
C:\Users\leo-a\AppData\Local\Programs\Python\Python313\Lib\site-packages\numpy\lib\_function_base_impl.py:3046: RuntimeWarning: invalid value encountered in divide
  c /= stddev[None, :]
C:\Users\leo-a\AppData\Local\Programs\Python\Python313\Lib\site-packages\numpy\lib\_function_base_impl.py:3045: RuntimeWarning: invalid value encountered in divide
  c /= stddev[:, None]
C:\Users\leo-a\AppData\Local\Programs\Python\Python313\Lib\site-packages\numpy\lib\_function_base_impl.py:3046: RuntimeWarning: invalid value encountered in divide
  c /= stddev[None, :]
C:\Users\leo-a\AppData\Local\Programs\Python\Python313\Lib\site-packages\numpy\lib\_function_base_impl.py:3045: RuntimeWarning: invalid value encountered in divide
  c /= stddev[:, None]
C:\Users\leo-a\AppData\Local\Programs\Python\Python313\Lib\site-packages\numpy\lib\_function_base_impl.py:3046: RuntimeWarning: invalid value encountered in divide
  c /= stddev[None, :]
C:\Users\leo-a\AppData\Local\Programs\Python\Python313\Lib\site-packages\numpy\lib\_function_base_impl.py:3045: RuntimeWarning: invalid value encountered in divide
  c /= stddev[:, None]
C:\Users\leo-a\AppData\Local\Programs\Python\Python313\Lib\site-packages\numpy\lib\_function_base_impl.py:3046: RuntimeWarning: invalid value encountered in divide
  c /= stddev[None, :]
C:\Users\leo-a\AppData\Local\Programs\Python\Python313\Lib\site-packages\numpy\lib\_function_base_impl.py:3045: RuntimeWarning: invalid value encountered in divide
  c /= stddev[:, None]
C:\Users\leo-a\AppData\Local\Programs\Python\Python313\Lib\site-packages\numpy\lib\_function_base_impl.py:3046: RuntimeWarning: invalid value encountered in divide
  c /= stddev[None, :]
C:\Users\leo-a\AppData\Local\Programs\Python\Python313\Lib\site-packages\numpy\lib\_function_base_impl.py:3045: RuntimeWarning: invalid value encountered in divide
  c /= stddev[:, None]
C:\Users\leo-a\AppData\Local\Programs\Python\Python313\Lib\site-packages\numpy\lib\_function_base_impl.py:3046: RuntimeWarning: invalid value encountered in divide
  c /= stddev[None, :]
C:\Users\leo-a\AppData\Local\Programs\Python\Python313\Lib\site-packages\numpy\lib\_function_base_impl.py:3045: RuntimeWarning: invalid value encountered in divide
  c /= stddev[:, None]
C:\Users\leo-a\AppData\Local\Programs\Python\Python313\Lib\site-packages\numpy\lib\_function_base_impl.py:3046: RuntimeWarning: invalid value encountered in divide
  c /= stddev[None, :]
C:\Users\leo-a\AppData\Local\Programs\Python\Python313\Lib\site-packages\numpy\lib\_function_base_impl.py:3045: RuntimeWarning: invalid value encountered in divide
  c /= stddev[:, None]
C:\Users\leo-a\AppData\Local\Programs\Python\Python313\Lib\site-packages\numpy\lib\_function_base_impl.py:3046: RuntimeWarning: invalid value encountered in divide
  c /= stddev[None, :]
C:\Users\leo-a\AppData\Local\Programs\Python\Python313\Lib\site-packages\numpy\lib\_function_base_impl.py:3045: RuntimeWarning: invalid value encountered in divide
  c /= stddev[:, None]
C:\Users\leo-a\AppData\Local\Programs\Python\Python313\Lib\site-packages\numpy\lib\_function_base_impl.py:3046: RuntimeWarning: invalid value encountered in divide
  c /= stddev[None, :]
C:\Users\leo-a\AppData\Local\Programs\Python\Python313\Lib\site-packages\numpy\lib\_function_base_impl.py:3045: RuntimeWarning: invalid value encountered in divide
  c /= stddev[:, None]
C:\Users\leo-a\AppData\Local\Programs\Python\Python313\Lib\site-packages\numpy\lib\_function_base_impl.py:3046: RuntimeWarning: invalid value encountered in divide
  c /= stddev[None, :]
C:\Users\leo-a\AppData\Local\Programs\Python\Python313\Lib\site-packages\numpy\lib\_function_base_impl.py:3045: RuntimeWarning: invalid value encountered in divide
  c /= stddev[:, None]
C:\Users\leo-a\AppData\Local\Programs\Python\Python313\Lib\site-packages\numpy\lib\_function_base_impl.py:3046: RuntimeWarning: invalid value encountered in divide
  c /= stddev[None, :]

cost_stress      : baseline + 2 cenario(s) -> C:\Users\leo-a\OneDrive\Įrea de Trabalho\Testador de Estrategias\teste\results\validation\tf10i-macx-20-50-sol-2025h1-long-10m\cost_stress.json

======================================================================
TF10I.7 | btcusdt_10m_20250705_20251231_binance_spot_resampled | MAcx 20/50 long 10m
======================================================================
dataset          : btcusdt_10m_20250705_20251231_binance_spot_resampled
strategy         : ma_crossover short=20 long=50 long_only=True
run_id           : tf10i-macx-20-50-btc-2025h2-long-10m
regime_filter    : none
out_dir          : C:\Users\leo-a\OneDrive\Įrea de Trabalho\Testador de Estrategias\teste\results\validation\tf10i-macx-20-50-btc-2025h2-long-10m
run_metadata     : alpha_forge=0.0.0, ts=2026-04-21T18:52:46.693565+00:00 -> C:\Users\leo-a\OneDrive\Įrea de Trabalho\Testador de Estrategias\teste\results\validation\tf10i-macx-20-50-btc-2025h2-long-10m\run.json
walk_forward     : 4 fold(s), 220 trade(s) -> C:\Users\leo-a\OneDrive\Įrea de Trabalho\Testador de Estrategias\teste\results\validation\tf10i-macx-20-50-btc-2025h2-long-10m\walk_forward.json
monte_carlo      : 1000 resamples, seed=42, median_final=9916.89 -> C:\Users\leo-a\OneDrive\Įrea de Trabalho\Testador de Estrategias\teste\results\validation\tf10i-macx-20-50-btc-2025h2-long-10m\monte_carlo.json
cost_stress      : baseline + 2 cenario(s) -> C:\Users\leo-a\OneDrive\Įrea de Trabalho\Testador de Estrategias\teste\results\validation\tf10i-macx-20-50-btc-2025h2-long-10m\cost_stress.json

======================================================================
TF10I.8 | ethusdt_10m_20250705_20251231_binance_spot_resampled | MAcx 20/50 long 10m
======================================================================
dataset          : ethusdt_10m_20250705_20251231_binance_spot_resampled
strategy         : ma_crossover short=20 long=50 long_only=True
run_id           : tf10i-macx-20-50-eth-2025h2-long-10m
regime_filter    : none
out_dir          : C:\Users\leo-a\OneDrive\Įrea de Trabalho\Testador de Estrategias\teste\results\validation\tf10i-macx-20-50-eth-2025h2-long-10m
run_metadata     : alpha_forge=0.0.0, ts=2026-04-21T18:53:22.332843+00:00 -> C:\Users\leo-a\OneDrive\Įrea de Trabalho\Testador de Estrategias\teste\results\validation\tf10i-macx-20-50-eth-2025h2-long-10m\run.json
walk_forward     : 4 fold(s), 247 trade(s) -> C:\Users\leo-a\OneDrive\Įrea de Trabalho\Testador de Estrategias\teste\results\validation\tf10i-macx-20-50-eth-2025h2-long-10m\walk_forward.json
monte_carlo      : 1000 resamples, seed=42, median_final=9256.54 -> C:\Users\leo-a\OneDrive\Įrea de Trabalho\Testador de Estrategias\teste\results\validation\tf10i-macx-20-50-eth-2025h2-long-10m\monte_carlo.json
cost_stress      : baseline + 2 cenario(s) -> C:\Users\leo-a\OneDrive\Įrea de Trabalho\Testador de Estrategias\teste\results\validation\tf10i-macx-20-50-eth-2025h2-long-10m\cost_stress.json

======================================================================
TF10I.9 | solusdt_10m_20250705_20251231_binance_spot_resampled | MAcx 20/50 long 10m
======================================================================
dataset          : solusdt_10m_20250705_20251231_binance_spot_resampled
strategy         : ma_crossover short=20 long=50 long_only=True
run_id           : tf10i-macx-20-50-sol-2025h2-long-10m
regime_filter    : none
out_dir          : C:\Users\leo-a\OneDrive\Įrea de Trabalho\Testador de Estrategias\teste\results\validation\tf10i-macx-20-50-sol-2025h2-long-10m
run_metadata     : alpha_forge=0.0.0, ts=2026-04-21T18:53:58.950604+00:00 -> C:\Users\leo-a\OneDrive\Įrea de Trabalho\Testador de Estrategias\teste\results\validation\tf10i-macx-20-50-sol-2025h2-long-10m\run.json
walk_forward     : 4 fold(s), 234 trade(s) -> C:\Users\leo-a\OneDrive\Įrea de Trabalho\Testador de Estrategias\teste\results\validation\tf10i-macx-20-50-sol-2025h2-long-10m\walk_forward.json
monte_carlo      : 1000 resamples, seed=42, median_final=9564.15 -> C:\Users\leo-a\OneDrive\Įrea de Trabalho\Testador de Estrategias\teste\results\validation\tf10i-macx-20-50-sol-2025h2-long-10m\monte_carlo.json
cost_stress      : baseline + 2 cenario(s) -> C:\Users\leo-a\OneDrive\Įrea de Trabalho\Testador de Estrategias\teste\results\validation\tf10i-macx-20-50-sol-2025h2-long-10m\cost_stress.json

======================================================================
TF10J.1 | btcusdt_10m_20240705_20241231_binance_spot_resampled | Donchian 20/10 long 10m
======================================================================
dataset          : btcusdt_10m_20240705_20241231_binance_spot_resampled
strategy         : donchian entry=20 exit=10 long_only=True
run_id           : tf10j-donch-20-10-btc-2024h2-long-10m
regime_filter    : none
out_dir          : C:\Users\leo-a\OneDrive\Įrea de Trabalho\Testador de Estrategias\teste\results\validation\tf10j-donch-20-10-btc-2024h2-long-10m
run_metadata     : alpha_forge=0.0.0, ts=2026-04-21T18:54:35.342249+00:00 -> C:\Users\leo-a\OneDrive\Įrea de Trabalho\Testador de Estrategias\teste\results\validation\tf10j-donch-20-10-btc-2024h2-long-10m\run.json
walk_forward     : 4 fold(s), 464 trade(s) -> C:\Users\leo-a\OneDrive\Įrea de Trabalho\Testador de Estrategias\teste\results\validation\tf10j-donch-20-10-btc-2024h2-long-10m\walk_forward.json
monte_carlo      : 1000 resamples, seed=42, median_final=8857.72 -> C:\Users\leo-a\OneDrive\Įrea de Trabalho\Testador de Estrategias\teste\results\validation\tf10j-donch-20-10-btc-2024h2-long-10m\monte_carlo.json
cost_stress      : baseline + 2 cenario(s) -> C:\Users\leo-a\OneDrive\Įrea de Trabalho\Testador de Estrategias\teste\results\validation\tf10j-donch-20-10-btc-2024h2-long-10m\cost_stress.json

======================================================================
TF10J.2 | ethusdt_10m_20240705_20241231_binance_spot_resampled | Donchian 20/10 long 10m
======================================================================
dataset          : ethusdt_10m_20240705_20241231_binance_spot_resampled
strategy         : donchian entry=20 exit=10 long_only=True
run_id           : tf10j-donch-20-10-eth-2024h2-long-10m
regime_filter    : none
out_dir          : C:\Users\leo-a\OneDrive\Įrea de Trabalho\Testador de Estrategias\teste\results\validation\tf10j-donch-20-10-eth-2024h2-long-10m
run_metadata     : alpha_forge=0.0.0, ts=2026-04-21T18:55:11.089532+00:00 -> C:\Users\leo-a\OneDrive\Įrea de Trabalho\Testador de Estrategias\teste\results\validation\tf10j-donch-20-10-eth-2024h2-long-10m\run.json
walk_forward     : 4 fold(s), 441 trade(s) -> C:\Users\leo-a\OneDrive\Įrea de Trabalho\Testador de Estrategias\teste\results\validation\tf10j-donch-20-10-eth-2024h2-long-10m\walk_forward.json
monte_carlo      : 1000 resamples, seed=42, median_final=9333.30 -> C:\Users\leo-a\OneDrive\Įrea de Trabalho\Testador de Estrategias\teste\results\validation\tf10j-donch-20-10-eth-2024h2-long-10m\monte_carlo.json
cost_stress      : baseline + 2 cenario(s) -> C:\Users\leo-a\OneDrive\Įrea de Trabalho\Testador de Estrategias\teste\results\validation\tf10j-donch-20-10-eth-2024h2-long-10m\cost_stress.json

======================================================================
TF10J.3 | solusdt_10m_20240705_20241231_binance_spot_resampled | Donchian 20/10 long 10m
======================================================================
dataset          : solusdt_10m_20240705_20241231_binance_spot_resampled
strategy         : donchian entry=20 exit=10 long_only=True
run_id           : tf10j-donch-20-10-sol-2024h2-long-10m
regime_filter    : none
out_dir          : C:\Users\leo-a\OneDrive\Įrea de Trabalho\Testador de Estrategias\teste\results\validation\tf10j-donch-20-10-sol-2024h2-long-10m
run_metadata     : alpha_forge=0.0.0, ts=2026-04-21T18:55:45.893333+00:00 -> C:\Users\leo-a\OneDrive\Įrea de Trabalho\Testador de Estrategias\teste\results\validation\tf10j-donch-20-10-sol-2024h2-long-10m\run.json
walk_forward     : 4 fold(s), 472 trade(s) -> C:\Users\leo-a\OneDrive\Įrea de Trabalho\Testador de Estrategias\teste\results\validation\tf10j-donch-20-10-sol-2024h2-long-10m\walk_forward.jsonC:\Users\leo-a\AppData\Local\Programs\Python\Python313\Lib\site-packages\numpy\lib\_function_base_impl.py:3045: RuntimeWarning: invalid value encountered in divide
  c /= stddev[:, None]
C:\Users\leo-a\AppData\Local\Programs\Python\Python313\Lib\site-packages\numpy\lib\_function_base_impl.py:3046: RuntimeWarning: invalid value encountered in divide
  c /= stddev[None, :]
C:\Users\leo-a\AppData\Local\Programs\Python\Python313\Lib\site-packages\numpy\lib\_function_base_impl.py:3045: RuntimeWarning: invalid value encountered in divide
  c /= stddev[:, None]
C:\Users\leo-a\AppData\Local\Programs\Python\Python313\Lib\site-packages\numpy\lib\_function_base_impl.py:3046: RuntimeWarning: invalid value encountered in divide
  c /= stddev[None, :]
C:\Users\leo-a\AppData\Local\Programs\Python\Python313\Lib\site-packages\numpy\lib\_function_base_impl.py:3045: RuntimeWarning: invalid value encountered in divide
  c /= stddev[:, None]
C:\Users\leo-a\AppData\Local\Programs\Python\Python313\Lib\site-packages\numpy\lib\_function_base_impl.py:3046: RuntimeWarning: invalid value encountered in divide
  c /= stddev[None, :]
C:\Users\leo-a\AppData\Local\Programs\Python\Python313\Lib\site-packages\numpy\lib\_function_base_impl.py:3045: RuntimeWarning: invalid value encountered in divide
  c /= stddev[:, None]
C:\Users\leo-a\AppData\Local\Programs\Python\Python313\Lib\site-packages\numpy\lib\_function_base_impl.py:3046: RuntimeWarning: invalid value encountered in divide
  c /= stddev[None, :]
C:\Users\leo-a\AppData\Local\Programs\Python\Python313\Lib\site-packages\numpy\lib\_function_base_impl.py:3045: RuntimeWarning: invalid value encountered in divide
  c /= stddev[:, None]
C:\Users\leo-a\AppData\Local\Programs\Python\Python313\Lib\site-packages\numpy\lib\_function_base_impl.py:3046: RuntimeWarning: invalid value encountered in divide
  c /= stddev[None, :]
C:\Users\leo-a\AppData\Local\Programs\Python\Python313\Lib\site-packages\numpy\lib\_function_base_impl.py:3045: RuntimeWarning: invalid value encountered in divide
  c /= stddev[:, None]
C:\Users\leo-a\AppData\Local\Programs\Python\Python313\Lib\site-packages\numpy\lib\_function_base_impl.py:3046: RuntimeWarning: invalid value encountered in divide
  c /= stddev[None, :]
C:\Users\leo-a\AppData\Local\Programs\Python\Python313\Lib\site-packages\numpy\lib\_function_base_impl.py:3045: RuntimeWarning: invalid value encountered in divide
  c /= stddev[:, None]
C:\Users\leo-a\AppData\Local\Programs\Python\Python313\Lib\site-packages\numpy\lib\_function_base_impl.py:3046: RuntimeWarning: invalid value encountered in divide
  c /= stddev[None, :]
C:\Users\leo-a\AppData\Local\Programs\Python\Python313\Lib\site-packages\numpy\lib\_function_base_impl.py:3045: RuntimeWarning: invalid value encountered in divide
  c /= stddev[:, None]
C:\Users\leo-a\AppData\Local\Programs\Python\Python313\Lib\site-packages\numpy\lib\_function_base_impl.py:3046: RuntimeWarning: invalid value encountered in divide
  c /= stddev[None, :]
C:\Users\leo-a\AppData\Local\Programs\Python\Python313\Lib\site-packages\numpy\lib\_function_base_impl.py:3045: RuntimeWarning: invalid value encountered in divide
  c /= stddev[:, None]
C:\Users\leo-a\AppData\Local\Programs\Python\Python313\Lib\site-packages\numpy\lib\_function_base_impl.py:3046: RuntimeWarning: invalid value encountered in divide
  c /= stddev[None, :]
C:\Users\leo-a\AppData\Local\Programs\Python\Python313\Lib\site-packages\numpy\lib\_function_base_impl.py:3045: RuntimeWarning: invalid value encountered in divide
  c /= stddev[:, None]
C:\Users\leo-a\AppData\Local\Programs\Python\Python313\Lib\site-packages\numpy\lib\_function_base_impl.py:3046: RuntimeWarning: invalid value encountered in divide
  c /= stddev[None, :]
C:\Users\leo-a\AppData\Local\Programs\Python\Python313\Lib\site-packages\numpy\lib\_function_base_impl.py:3045: RuntimeWarning: invalid value encountered in divide
  c /= stddev[:, None]
C:\Users\leo-a\AppData\Local\Programs\Python\Python313\Lib\site-packages\numpy\lib\_function_base_impl.py:3046: RuntimeWarning: invalid value encountered in divide
  c /= stddev[None, :]
C:\Users\leo-a\AppData\Local\Programs\Python\Python313\Lib\site-packages\numpy\lib\_function_base_impl.py:3045: RuntimeWarning: invalid value encountered in divide
  c /= stddev[:, None]
C:\Users\leo-a\AppData\Local\Programs\Python\Python313\Lib\site-packages\numpy\lib\_function_base_impl.py:3046: RuntimeWarning: invalid value encountered in divide
  c /= stddev[None, :]
C:\Users\leo-a\AppData\Local\Programs\Python\Python313\Lib\site-packages\numpy\lib\_function_base_impl.py:3045: RuntimeWarning: invalid value encountered in divide
  c /= stddev[:, None]
C:\Users\leo-a\AppData\Local\Programs\Python\Python313\Lib\site-packages\numpy\lib\_function_base_impl.py:3046: RuntimeWarning: invalid value encountered in divide
  c /= stddev[None, :]
C:\Users\leo-a\AppData\Local\Programs\Python\Python313\Lib\site-packages\numpy\lib\_function_base_impl.py:3045: RuntimeWarning: invalid value encountered in divide
  c /= stddev[:, None]
C:\Users\leo-a\AppData\Local\Programs\Python\Python313\Lib\site-packages\numpy\lib\_function_base_impl.py:3046: RuntimeWarning: invalid value encountered in divide
  c /= stddev[None, :]
C:\Users\leo-a\AppData\Local\Programs\Python\Python313\Lib\site-packages\numpy\lib\_function_base_impl.py:3045: RuntimeWarning: invalid value encountered in divide
  c /= stddev[:, None]
C:\Users\leo-a\AppData\Local\Programs\Python\Python313\Lib\site-packages\numpy\lib\_function_base_impl.py:3046: RuntimeWarning: invalid value encountered in divide
  c /= stddev[None, :]
C:\Users\leo-a\AppData\Local\Programs\Python\Python313\Lib\site-packages\numpy\lib\_function_base_impl.py:3045: RuntimeWarning: invalid value encountered in divide
  c /= stddev[:, None]
C:\Users\leo-a\AppData\Local\Programs\Python\Python313\Lib\site-packages\numpy\lib\_function_base_impl.py:3046: RuntimeWarning: invalid value encountered in divide
  c /= stddev[None, :]
C:\Users\leo-a\AppData\Local\Programs\Python\Python313\Lib\site-packages\numpy\lib\_function_base_impl.py:3045: RuntimeWarning: invalid value encountered in divide
  c /= stddev[:, None]
C:\Users\leo-a\AppData\Local\Programs\Python\Python313\Lib\site-packages\numpy\lib\_function_base_impl.py:3046: RuntimeWarning: invalid value encountered in divide
  c /= stddev[None, :]
C:\Users\leo-a\AppData\Local\Programs\Python\Python313\Lib\site-packages\numpy\lib\_function_base_impl.py:3045: RuntimeWarning: invalid value encountered in divide
  c /= stddev[:, None]
C:\Users\leo-a\AppData\Local\Programs\Python\Python313\Lib\site-packages\numpy\lib\_function_base_impl.py:3046: RuntimeWarning: invalid value encountered in divide
  c /= stddev[None, :]
C:\Users\leo-a\AppData\Local\Programs\Python\Python313\Lib\site-packages\numpy\lib\_function_base_impl.py:3045: RuntimeWarning: invalid value encountered in divide
  c /= stddev[:, None]
C:\Users\leo-a\AppData\Local\Programs\Python\Python313\Lib\site-packages\numpy\lib\_function_base_impl.py:3046: RuntimeWarning: invalid value encountered in divide
  c /= stddev[None, :]
C:\Users\leo-a\AppData\Local\Programs\Python\Python313\Lib\site-packages\numpy\lib\_function_base_impl.py:3045: RuntimeWarning: invalid value encountered in divide
  c /= stddev[:, None]
C:\Users\leo-a\AppData\Local\Programs\Python\Python313\Lib\site-packages\numpy\lib\_function_base_impl.py:3046: RuntimeWarning: invalid value encountered in divide
  c /= stddev[None, :]
C:\Users\leo-a\AppData\Local\Programs\Python\Python313\Lib\site-packages\numpy\lib\_function_base_impl.py:3045: RuntimeWarning: invalid value encountered in divide
  c /= stddev[:, None]
C:\Users\leo-a\AppData\Local\Programs\Python\Python313\Lib\site-packages\numpy\lib\_function_base_impl.py:3046: RuntimeWarning: invalid value encountered in divide
  c /= stddev[None, :]
C:\Users\leo-a\AppData\Local\Programs\Python\Python313\Lib\site-packages\numpy\lib\_function_base_impl.py:3045: RuntimeWarning: invalid value encountered in divide
  c /= stddev[:, None]
C:\Users\leo-a\AppData\Local\Programs\Python\Python313\Lib\site-packages\numpy\lib\_function_base_impl.py:3046: RuntimeWarning: invalid value encountered in divide
  c /= stddev[None, :]
C:\Users\leo-a\AppData\Local\Programs\Python\Python313\Lib\site-packages\numpy\lib\_function_base_impl.py:3045: RuntimeWarning: invalid value encountered in divide
  c /= stddev[:, None]
C:\Users\leo-a\AppData\Local\Programs\Python\Python313\Lib\site-packages\numpy\lib\_function_base_impl.py:3046: RuntimeWarning: invalid value encountered in divide
  c /= stddev[None, :]
C:\Users\leo-a\AppData\Local\Programs\Python\Python313\Lib\site-packages\numpy\lib\_function_base_impl.py:3045: RuntimeWarning: invalid value encountered in divide
  c /= stddev[:, None]
C:\Users\leo-a\AppData\Local\Programs\Python\Python313\Lib\site-packages\numpy\lib\_function_base_impl.py:3046: RuntimeWarning: invalid value encountered in divide
  c /= stddev[None, :]
C:\Users\leo-a\AppData\Local\Programs\Python\Python313\Lib\site-packages\numpy\lib\_function_base_impl.py:3045: RuntimeWarning: invalid value encountered in divide
  c /= stddev[:, None]
C:\Users\leo-a\AppData\Local\Programs\Python\Python313\Lib\site-packages\numpy\lib\_function_base_impl.py:3046: RuntimeWarning: invalid value encountered in divide
  c /= stddev[None, :]
C:\Users\leo-a\AppData\Local\Programs\Python\Python313\Lib\site-packages\numpy\lib\_function_base_impl.py:3045: RuntimeWarning: invalid value encountered in divide
  c /= stddev[:, None]
C:\Users\leo-a\AppData\Local\Programs\Python\Python313\Lib\site-packages\numpy\lib\_function_base_impl.py:3046: RuntimeWarning: invalid value encountered in divide
  c /= stddev[None, :]
C:\Users\leo-a\AppData\Local\Programs\Python\Python313\Lib\site-packages\numpy\lib\_function_base_impl.py:3045: RuntimeWarning: invalid value encountered in divide
  c /= stddev[:, None]
C:\Users\leo-a\AppData\Local\Programs\Python\Python313\Lib\site-packages\numpy\lib\_function_base_impl.py:3046: RuntimeWarning: invalid value encountered in divide
  c /= stddev[None, :]
C:\Users\leo-a\AppData\Local\Programs\Python\Python313\Lib\site-packages\numpy\lib\_function_base_impl.py:3045: RuntimeWarning: invalid value encountered in divide
  c /= stddev[:, None]
C:\Users\leo-a\AppData\Local\Programs\Python\Python313\Lib\site-packages\numpy\lib\_function_base_impl.py:3046: RuntimeWarning: invalid value encountered in divide
  c /= stddev[None, :]
C:\Users\leo-a\AppData\Local\Programs\Python\Python313\Lib\site-packages\numpy\lib\_function_base_impl.py:3045: RuntimeWarning: invalid value encountered in divide
  c /= stddev[:, None]
C:\Users\leo-a\AppData\Local\Programs\Python\Python313\Lib\site-packages\numpy\lib\_function_base_impl.py:3046: RuntimeWarning: invalid value encountered in divide
  c /= stddev[None, :]
C:\Users\leo-a\AppData\Local\Programs\Python\Python313\Lib\site-packages\numpy\lib\_function_base_impl.py:3045: RuntimeWarning: invalid value encountered in divide
  c /= stddev[:, None]
C:\Users\leo-a\AppData\Local\Programs\Python\Python313\Lib\site-packages\numpy\lib\_function_base_impl.py:3046: RuntimeWarning: invalid value encountered in divide
  c /= stddev[None, :]
C:\Users\leo-a\AppData\Local\Programs\Python\Python313\Lib\site-packages\numpy\lib\_function_base_impl.py:3045: RuntimeWarning: invalid value encountered in divide
  c /= stddev[:, None]
C:\Users\leo-a\AppData\Local\Programs\Python\Python313\Lib\site-packages\numpy\lib\_function_base_impl.py:3046: RuntimeWarning: invalid value encountered in divide
  c /= stddev[None, :]
C:\Users\leo-a\AppData\Local\Programs\Python\Python313\Lib\site-packages\numpy\lib\_function_base_impl.py:3045: RuntimeWarning: invalid value encountered in divide
  c /= stddev[:, None]
C:\Users\leo-a\AppData\Local\Programs\Python\Python313\Lib\site-packages\numpy\lib\_function_base_impl.py:3046: RuntimeWarning: invalid value encountered in divide
  c /= stddev[None, :]
C:\Users\leo-a\AppData\Local\Programs\Python\Python313\Lib\site-packages\numpy\lib\_function_base_impl.py:3045: RuntimeWarning: invalid value encountered in divide
  c /= stddev[:, None]
C:\Users\leo-a\AppData\Local\Programs\Python\Python313\Lib\site-packages\numpy\lib\_function_base_impl.py:3046: RuntimeWarning: invalid value encountered in divide
  c /= stddev[None, :]
C:\Users\leo-a\AppData\Local\Programs\Python\Python313\Lib\site-packages\numpy\lib\_function_base_impl.py:3045: RuntimeWarning: invalid value encountered in divide
  c /= stddev[:, None]
C:\Users\leo-a\AppData\Local\Programs\Python\Python313\Lib\site-packages\numpy\lib\_function_base_impl.py:3046: RuntimeWarning: invalid value encountered in divide
  c /= stddev[None, :]
C:\Users\leo-a\AppData\Local\Programs\Python\Python313\Lib\site-packages\numpy\lib\_function_base_impl.py:3045: RuntimeWarning: invalid value encountered in divide
  c /= stddev[:, None]
C:\Users\leo-a\AppData\Local\Programs\Python\Python313\Lib\site-packages\numpy\lib\_function_base_impl.py:3046: RuntimeWarning: invalid value encountered in divide
  c /= stddev[None, :]
C:\Users\leo-a\AppData\Local\Programs\Python\Python313\Lib\site-packages\numpy\lib\_function_base_impl.py:3045: RuntimeWarning: invalid value encountered in divide
  c /= stddev[:, None]
C:\Users\leo-a\AppData\Local\Programs\Python\Python313\Lib\site-packages\numpy\lib\_function_base_impl.py:3046: RuntimeWarning: invalid value encountered in divide
  c /= stddev[None, :]
C:\Users\leo-a\AppData\Local\Programs\Python\Python313\Lib\site-packages\numpy\lib\_function_base_impl.py:3045: RuntimeWarning: invalid value encountered in divide
  c /= stddev[:, None]
C:\Users\leo-a\AppData\Local\Programs\Python\Python313\Lib\site-packages\numpy\lib\_function_base_impl.py:3046: RuntimeWarning: invalid value encountered in divide
  c /= stddev[None, :]
C:\Users\leo-a\AppData\Local\Programs\Python\Python313\Lib\site-packages\numpy\lib\_function_base_impl.py:3045: RuntimeWarning: invalid value encountered in divide
  c /= stddev[:, None]
C:\Users\leo-a\AppData\Local\Programs\Python\Python313\Lib\site-packages\numpy\lib\_function_base_impl.py:3046: RuntimeWarning: invalid value encountered in divide
  c /= stddev[None, :]

monte_carlo      : 1000 resamples, seed=42, median_final=8459.24 -> C:\Users\leo-a\OneDrive\Įrea de Trabalho\Testador de Estrategias\teste\results\validation\tf10j-donch-20-10-sol-2024h2-long-10m\monte_carlo.json
cost_stress      : baseline + 2 cenario(s) -> C:\Users\leo-a\OneDrive\Įrea de Trabalho\Testador de Estrategias\teste\results\validation\tf10j-donch-20-10-sol-2024h2-long-10m\cost_stress.json

======================================================================
TF10J.4 | btcusdt_10m_20250105_20250704_binance_spot_resampled | Donchian 20/10 long 10m
======================================================================
dataset          : btcusdt_10m_20250105_20250704_binance_spot_resampled
strategy         : donchian entry=20 exit=10 long_only=True
run_id           : tf10j-donch-20-10-btc-2025h1-long-10m
regime_filter    : none
out_dir          : C:\Users\leo-a\OneDrive\Įrea de Trabalho\Testador de Estrategias\teste\results\validation\tf10j-donch-20-10-btc-2025h1-long-10m
run_metadata     : alpha_forge=0.0.0, ts=2026-04-21T18:56:21.041915+00:00 -> C:\Users\leo-a\OneDrive\Įrea de Trabalho\Testador de Estrategias\teste\results\validation\tf10j-donch-20-10-btc-2025h1-long-10m\run.json
walk_forward     : 4 fold(s), 458 trade(s) -> C:\Users\leo-a\OneDrive\Įrea de Trabalho\Testador de Estrategias\teste\results\validation\tf10j-donch-20-10-btc-2025h1-long-10m\walk_forward.json
monte_carlo      : 1000 resamples, seed=42, median_final=9369.77 -> C:\Users\leo-a\OneDrive\Įrea de Trabalho\Testador de Estrategias\teste\results\validation\tf10j-donch-20-10-btc-2025h1-long-10m\monte_carlo.json
cost_stress      : baseline + 2 cenario(s) -> C:\Users\leo-a\OneDrive\Įrea de Trabalho\Testador de Estrategias\teste\results\validation\tf10j-donch-20-10-btc-2025h1-long-10m\cost_stress.json

======================================================================
TF10J.5 | ethusdt_10m_20250105_20250704_binance_spot_resampled | Donchian 20/10 long 10m
======================================================================
dataset          : ethusdt_10m_20250105_20250704_binance_spot_resampled
strategy         : donchian entry=20 exit=10 long_only=True
run_id           : tf10j-donch-20-10-eth-2025h1-long-10m
regime_filter    : none
out_dir          : C:\Users\leo-a\OneDrive\Įrea de Trabalho\Testador de Estrategias\teste\results\validation\tf10j-donch-20-10-eth-2025h1-long-10m
run_metadata     : alpha_forge=0.0.0, ts=2026-04-21T18:56:54.439368+00:00 -> C:\Users\leo-a\OneDrive\Įrea de Trabalho\Testador de Estrategias\teste\results\validation\tf10j-donch-20-10-eth-2025h1-long-10m\run.json
walk_forward     : 4 fold(s), 442 trade(s) -> C:\Users\leo-a\OneDrive\Įrea de Trabalho\Testador de Estrategias\teste\results\validation\tf10j-donch-20-10-eth-2025h1-long-10m\walk_forward.json
monte_carlo      : 1000 resamples, seed=42, median_final=9787.94 -> C:\Users\leo-a\OneDrive\Įrea de Trabalho\Testador de Estrategias\teste\results\validation\tf10j-donch-20-10-eth-2025h1-long-10m\monte_carlo.json
cost_stress      : baseline + 2 cenario(s) -> C:\Users\leo-a\OneDrive\Įrea de Trabalho\Testador de Estrategias\teste\results\validation\tf10j-donch-20-10-eth-2025h1-long-10m\cost_stress.json

======================================================================
TF10J.6 | solusdt_10m_20250105_20250704_binance_spot_resampled | Donchian 20/10 long 10m
======================================================================
dataset          : solusdt_10m_20250105_20250704_binance_spot_resampled
strategy         : donchian entry=20 exit=10 long_only=True
run_id           : tf10j-donch-20-10-sol-2025h1-long-10m
regime_filter    : none
out_dir          : C:\Users\leo-a\OneDrive\Įrea de Trabalho\Testador de Estrategias\teste\results\validation\tf10j-donch-20-10-sol-2025h1-long-10m
run_metadata     : alpha_forge=0.0.0, ts=2026-04-21T18:57:27.646716+00:00 -> C:\Users\leo-a\OneDrive\Įrea de Trabalho\Testador de Estrategias\teste\results\validation\tf10j-donch-20-10-sol-2025h1-long-10m\run.json
walk_forward     : 4 fold(s), 464 trade(s) -> C:\Users\leo-a\OneDrive\Įrea de Trabalho\Testador de Estrategias\teste\results\validation\tf10j-donch-20-10-sol-2025h1-long-10m\walk_forward.json
monte_carlo      : 1000 resamples, seed=42, median_final=9049.15 -> C:\Users\leo-a\OneDrive\Įrea de Trabalho\Testador de Estrategias\teste\results\validation\tf10j-donch-20-10-sol-2025h1-long-10m\monte_carlo.json
cost_stress      : baseline + 2 cenario(s) -> C:\Users\leo-a\OneDrive\Įrea de Trabalho\Testador de Estrategias\teste\results\validation\tf10j-donch-20-10-sol-2025h1-long-10m\cost_stress.json

======================================================================
TF10J.7 | btcusdt_10m_20250705_20251231_binance_spot_resampled | Donchian 20/10 long 10m
======================================================================
dataset          : btcusdt_10m_20250705_20251231_binance_spot_resampled
strategy         : donchian entry=20 exit=10 long_only=True
run_id           : tf10j-donch-20-10-btc-2025h2-long-10m
regime_filter    : none
out_dir          : C:\Users\leo-a\OneDrive\Įrea de Trabalho\Testador de Estrategias\teste\results\validation\tf10j-donch-20-10-btc-2025h2-long-10m
run_metadata     : alpha_forge=0.0.0, ts=2026-04-21T18:58:00.948006+00:00 -> C:\Users\leo-a\OneDrive\Įrea de Trabalho\Testador de Estrategias\teste\results\validation\tf10j-donch-20-10-btc-2025h2-long-10m\run.json
walk_forward     : 4 fold(s), 465 trade(s) -> C:\Users\leo-a\OneDrive\Įrea de Trabalho\Testador de Estrategias\teste\results\validation\tf10j-donch-20-10-btc-2025h2-long-10m\walk_forward.json
monte_carlo      : 1000 resamples, seed=42, median_final=8803.40 -> C:\Users\leo-a\OneDrive\Įrea de Trabalho\Testador de Estrategias\teste\results\validation\tf10j-donch-20-10-btc-2025h2-long-10m\monte_carlo.json
cost_stress      : baseline + 2 cenario(s) -> C:\Users\leo-a\OneDrive\Įrea de Trabalho\Testador de Estrategias\teste\results\validation\tf10j-donch-20-10-btc-2025h2-long-10m\cost_stress.json

======================================================================
TF10J.8 | ethusdt_10m_20250705_20251231_binance_spot_resampled | Donchian 20/10 long 10m
======================================================================
dataset          : ethusdt_10m_20250705_20251231_binance_spot_resampled
strategy         : donchian entry=20 exit=10 long_only=True
run_id           : tf10j-donch-20-10-eth-2025h2-long-10m
regime_filter    : none
out_dir          : C:\Users\leo-a\OneDrive\Įrea de Trabalho\Testador de Estrategias\teste\results\validation\tf10j-donch-20-10-eth-2025h2-long-10m
run_metadata     : alpha_forge=0.0.0, ts=2026-04-21T18:58:37.251671+00:00 -> C:\Users\leo-a\OneDrive\Įrea de Trabalho\Testador de Estrategias\teste\results\validation\tf10j-donch-20-10-eth-2025h2-long-10m\run.json
walk_forward     : 4 fold(s), 448 trade(s) -> C:\Users\leo-a\OneDrive\Įrea de Trabalho\Testador de Estrategias\teste\results\validation\tf10j-donch-20-10-eth-2025h2-long-10m\walk_forward.json
monte_carlo      : 1000 resamples, seed=42, median_final=9199.98 -> C:\Users\leo-a\OneDrive\Įrea de Trabalho\Testador de Estrategias\teste\results\validation\tf10j-donch-20-10-eth-2025h2-long-10m\monte_carlo.json
cost_stress      : baseline + 2 cenario(s) -> C:\Users\leo-a\OneDrive\Įrea de Trabalho\Testador de Estrategias\teste\results\validation\tf10j-donch-20-10-eth-2025h2-long-10m\cost_stress.json

======================================================================
TF10J.9 | solusdt_10m_20250705_20251231_binance_spot_resampled | Donchian 20/10 long 10m
======================================================================
dataset          : solusdt_10m_20250705_20251231_binance_spot_resampled
strategy         : donchian entry=20 exit=10 long_only=True
run_id           : tf10j-donch-20-10-sol-2025h2-long-10m
regime_filter    : none
out_dir          : C:\Users\leo-a\OneDrive\Įrea de Trabalho\Testador de Estrategias\teste\results\validation\tf10j-donch-20-10-sol-2025h2-long-10m
run_metadata     : alpha_forge=0.0.0, ts=2026-04-21T18:59:10.670228+00:00 -> C:\Users\leo-a\OneDrive\Įrea de Trabalho\Testador de Estrategias\teste\results\validation\tf10j-donch-20-10-sol-2025h2-long-10m\run.jsonC:\Users\leo-a\AppData\Local\Programs\Python\Python313\Lib\site-packages\numpy\lib\_function_base_impl.py:3045: RuntimeWarning: invalid value encountered in divide
  c /= stddev[:, None]
C:\Users\leo-a\AppData\Local\Programs\Python\Python313\Lib\site-packages\numpy\lib\_function_base_impl.py:3046: RuntimeWarning: invalid value encountered in divide
  c /= stddev[None, :]
C:\Users\leo-a\AppData\Local\Programs\Python\Python313\Lib\site-packages\numpy\lib\_function_base_impl.py:3045: RuntimeWarning: invalid value encountered in divide
  c /= stddev[:, None]
C:\Users\leo-a\AppData\Local\Programs\Python\Python313\Lib\site-packages\numpy\lib\_function_base_impl.py:3046: RuntimeWarning: invalid value encountered in divide
  c /= stddev[None, :]
C:\Users\leo-a\AppData\Local\Programs\Python\Python313\Lib\site-packages\numpy\lib\_function_base_impl.py:3045: RuntimeWarning: invalid value encountered in divide
  c /= stddev[:, None]
C:\Users\leo-a\AppData\Local\Programs\Python\Python313\Lib\site-packages\numpy\lib\_function_base_impl.py:3046: RuntimeWarning: invalid value encountered in divide
  c /= stddev[None, :]
C:\Users\leo-a\AppData\Local\Programs\Python\Python313\Lib\site-packages\numpy\lib\_function_base_impl.py:3045: RuntimeWarning: invalid value encountered in divide
  c /= stddev[:, None]
C:\Users\leo-a\AppData\Local\Programs\Python\Python313\Lib\site-packages\numpy\lib\_function_base_impl.py:3046: RuntimeWarning: invalid value encountered in divide
  c /= stddev[None, :]
C:\Users\leo-a\AppData\Local\Programs\Python\Python313\Lib\site-packages\numpy\lib\_function_base_impl.py:3045: RuntimeWarning: invalid value encountered in divide
  c /= stddev[:, None]
C:\Users\leo-a\AppData\Local\Programs\Python\Python313\Lib\site-packages\numpy\lib\_function_base_impl.py:3046: RuntimeWarning: invalid value encountered in divide
  c /= stddev[None, :]
C:\Users\leo-a\AppData\Local\Programs\Python\Python313\Lib\site-packages\numpy\lib\_function_base_impl.py:3045: RuntimeWarning: invalid value encountered in divide
  c /= stddev[:, None]
C:\Users\leo-a\AppData\Local\Programs\Python\Python313\Lib\site-packages\numpy\lib\_function_base_impl.py:3046: RuntimeWarning: invalid value encountered in divide
  c /= stddev[None, :]
C:\Users\leo-a\AppData\Local\Programs\Python\Python313\Lib\site-packages\numpy\lib\_function_base_impl.py:3045: RuntimeWarning: invalid value encountered in divide
  c /= stddev[:, None]
C:\Users\leo-a\AppData\Local\Programs\Python\Python313\Lib\site-packages\numpy\lib\_function_base_impl.py:3046: RuntimeWarning: invalid value encountered in divide
  c /= stddev[None, :]
