[V2-RB004/RB007] total jobs: 72
  done: 0 | todo: 72
[1/72] RB004          P50-001  ETH 2025-H2  sh=-1.0586 tr=38 pass_v2=False elapsed=17.0s
[2/72] RB004          P50-001  BTC 2025-H1  sh=-0.0198 tr=39 pass_v2=False elapsed=17.1s
[3/72] RB004          P50-002  ETH 2025-H2  sh=-0.1726 tr=30 pass_v2=False elapsed=17.0s
[4/72] RB004          P50-001  ETH 2024-H2  sh=0.0202 tr=39 pass_v2=False elapsed=17.1s
[5/72] RB004          P50-002  ETH 2024-H2  sh=0.4818 tr=30 pass_v2=False elapsed=17.1s
[6/72] RB004          P50-001  SOL 2025-H2  sh=-1.8256 tr=44 pass_v2=False elapsed=17.1s
[7/72] RB004          P50-001  BTC 2025-H2  sh=-4.0757 tr=47 pass_v2=False elapsed=17.2s
[8/72] RB004          P50-001  SOL 2025-H1  sh=-0.7379 tr=41 pass_v2=False elapsed=17.3s
[9/72] RB004          P50-002  BTC 2025-H2  sh=-2.9623 tr=33 pass_v2=False elapsed=17.3s
[10/72] RB004          P50-002  BTC 2025-H1  sh=1.0473 tr=30 pass_v2=True elapsed=17.4s
[11/72] RB004          P50-004  ETH 2024-H2  sh=1.8807 tr=34 pass_v2=True elapsed=3.0s
[12/72] RB004          P50-004  ETH 2025-H2  sh=-1.4672 tr=34 pass_v2=False elapsed=2.9s
[13/72] RB004          P50-004  BTC 2025-H2  sh=-2.173 tr=29 pass_v2=False elapsed=3.1s
[14/72] RB004          P50-004  BTC 2025-H1  sh=-0.645 tr=36 pass_v2=False elapsed=3.2s
[15/72] RB004          P50-004  SOL 2025-H2  sh=-2.4365 tr=36 pass_v2=False elapsed=3.1s
[16/72] RB004          P50-004  SOL 2025-H1  sh=-1.7496 tr=36 pass_v2=False elapsed=3.3s
[17/72] RB004          P50-005  ETH 2024-H2  sh=2.077 tr=19 pass_v2=False elapsed=3.0s
[18/72] RB004          P50-005  ETH 2025-H2  sh=-0.0876 tr=17 pass_v2=False elapsed=3.0s
[19/72] RB004          P50-005  BTC 2025-H1  sh=0.1301 tr=24 pass_v2=False elapsed=3.0s
[20/72] RB004          P50-005  BTC 2025-H2  sh=-0.8215 tr=20 pass_v2=False elapsed=2.9s
[21/72] RB004          P50-003  BTC 2025-H1  sh=0.0464 tr=32 pass_v2=False elapsed=17.4s
[22/72] RB004          P50-003  ETH 2025-H2  sh=-1.9861 tr=31 pass_v2=False elapsed=17.8s
[23/72] RB004          P50-003  ETH 2024-H2  sh=0.7272 tr=27 pass_v2=False elapsed=17.9s
[24/72] RB004          P50-003  SOL 2025-H2  sh=-1.1298 tr=30 pass_v2=False elapsed=17.8s
[25/72] RB004          P50-003  BTC 2025-H2  sh=-2.9183 tr=32 pass_v2=False elapsed=18.1s
[26/72] RB004          P50-002  SOL 2025-H1  sh=0.0095 tr=30 pass_v2=False elapsed=18.5s
[27/72] RB004          P50-002  SOL 2025-H2  sh=-2.0075 tr=33 pass_v2=False elapsed=18.7s
[28/72] RB004          P50-005  SOL 2025-H2  sh=-1.1424 tr=22 pass_v2=False elapsed=3.0s
[29/72] RB004          P50-005  SOL 2025-H1  sh=-0.5284 tr=23 pass_v2=False elapsed=3.0s
[30/72] RB004          P50-003  SOL 2025-H1  sh=-0.6029 tr=32 pass_v2=False elapsed=18.7s
[31/72] RB007-fee2x    P50-004  ETH 2025-H1  sh=-1.5115 tr=39 pass_v2=False elapsed=3.2s
[32/72] RB007-fee2x    P50-005  ETH 2025-H1  sh=-0.8416 tr=24 pass_v2=False elapsed=3.3s
[33/72] RB007-fee3x    P50-004  ETH 2025-H1  sh=-1.7035 tr=39 pass_v2=False elapsed=3.3s
[34/72] RB007-fee3x    P50-005  ETH 2025-H1  sh=-0.9649 tr=24 pass_v2=False elapsed=3.3s
[35/72] RB004          P51-001  ETH 2025-H1  sh=-1.1991 tr=83 pass_v2=False elapsed=3.1s
[36/72] RB004          P51-001  ETH 2025-H2  sh=0.0904 tr=84 pass_v2=False elapsed=3.2s
[37/72] RB004          P51-001  BTC 2025-H1  sh=-0.1245 tr=79 pass_v2=False elapsed=3.2s
[38/72] RB004          P51-001  BTC 2024-H2  sh=0.7819 tr=73 pass_v2=False elapsed=3.3s
[39/72] RB004          P51-001  SOL 2024-H2  sh=1.166 tr=82 pass_v2=True elapsed=3.9s
[40/72] RB004          P51-002  ETH 2025-H2  sh=-0.3409 tr=74 pass_v2=False elapsed=3.5s
[41/72] RB004          P51-001  SOL 2025-H1  sh=-1.7584 tr=77 pass_v2=False elapsed=3.7s
[42/72] RB004          P51-002  ETH 2025-H1  sh=-0.5017 tr=76 pass_v2=False elapsed=3.8s
[43/72] RB004          P51-002  BTC 2025-H1  sh=-0.2654 tr=83 pass_v2=False elapsed=3.7s
[44/72] RB004          P51-002  BTC 2024-H2  sh=0.5425 tr=71 pass_v2=False elapsed=4.0s
[45/72] RB004          P51-002  SOL 2024-H2  sh=1.0421 tr=79 pass_v2=True elapsed=3.9s
[46/72] RB004          P51-002  SOL 2025-H1  sh=-1.069 tr=75 pass_v2=False elapsed=4.4s
[47/72] RB004          P51-003  BTC 2024-H2  sh=0.3348 tr=85 pass_v2=False elapsed=3.4s
[48/72] RB004          P51-003  ETH 2025-H1  sh=-1.6602 tr=96 pass_v2=False elapsed=3.9s
[49/72] RB007-fee3x    P50-002  ETH 2025-H1  sh=-1.3142 tr=32 pass_v2=False elapsed=18.7s
[50/72] RB004          P51-003  ETH 2025-H2  sh=0.631 tr=98 pass_v2=False elapsed=4.0s
[51/72] RB007-fee2x    P50-002  ETH 2025-H1  sh=-1.1358 tr=32 pass_v2=False elapsed=19.1s
[52/72] RB007-fee3x    P50-001  ETH 2025-H1  sh=-0.1707 tr=39 pass_v2=False elapsed=19.3s
[53/72] RB007-fee3x    P50-003  ETH 2025-H1  sh=-0.9776 tr=32 pass_v2=False elapsed=18.8s
[54/72] RB004          P51-003  BTC 2025-H1  sh=-0.4163 tr=95 pass_v2=False elapsed=3.7s
[55/72] RB007-fee2x    P50-001  ETH 2025-H1  sh=0.029 tr=39 pass_v2=False elapsed=20.0s
[56/72] RB007-fee2x    P50-003  ETH 2025-H1  sh=-0.797 tr=32 pass_v2=False elapsed=19.4s
[57/72] RB004          P51-003  SOL 2024-H2  sh=1.4968 tr=104 pass_v2=True elapsed=3.4s
[58/72] RB004          P51-003  SOL 2025-H1  sh=-1.8893 tr=89 pass_v2=False elapsed=3.5s
[59/72] RB007-fee2x    P51-002  ETH 2024-H2  sh=1.6131 tr=79 pass_v2=True elapsed=3.5s
[60/72] RB007-fee2x    P51-001  ETH 2024-H2  sh=0.7104 tr=80 pass_v2=False elapsed=3.7s
[61/72] RB007-fee3x    P51-001  ETH 2024-H2  sh=0.1147 tr=80 pass_v2=False elapsed=3.6s
[62/72] RB007-fee3x    P51-002  ETH 2024-H2  sh=1.0201 tr=79 pass_v2=True elapsed=3.4s
[63/72] RB007-fee3x    P51-003  ETH 2024-H2  sh=-0.6311 tr=96 pass_v2=False elapsed=3.4s
[64/72] RB004          P52-001  ETH 2025-H1  sh=-1.319 tr=39 pass_v2=False elapsed=3.3s
[65/72] RB007-fee2x    P51-003  ETH 2024-H2  sh=0.0281 tr=96 pass_v2=False elapsed=3.6s
[66/72] RB004          P52-001  ETH 2025-H2  sh=-1.4672 tr=34 pass_v2=False elapsed=3.4s
[67/72] RB004          P52-001  BTC 2024-H2  sh=2.3908 tr=36 pass_v2=True elapsed=3.0s
[68/72] RB004          P52-001  BTC 2025-H1  sh=-0.645 tr=36 pass_v2=False elapsed=2.8s
[69/72] RB004          P52-001  SOL 2024-H2  sh=1.2176 tr=32 pass_v2=True elapsed=2.7s
[70/72] RB007-fee3x    P52-001  ETH 2024-H2  sh=1.4499 tr=34 pass_v2=True elapsed=2.6s
[71/72] RB007-fee2x    P52-001  ETH 2024-H2  sh=1.6653 tr=34 pass_v2=True elapsed=2.7s
[72/72] RB004          P52-001  SOL 2025-H1  sh=-1.7496 tr=36 pass_v2=False elapsed=2.7s

DONE wall=61s  pass_v2=11/72
